<?xml version="1.0" encoding="UTF-8"?>
<coverage generated="1547583625342" clover="3.2.0">
  <project timestamp="1547583625342" name="All files">
    <metrics statements="550" coveredstatements="495" conditionals="111" coveredconditionals="90" methods="138" coveredmethods="97" elements="799" coveredelements="682" complexity="0" loc="550" ncloc="550" packages="9" files="24" classes="24">
      <package name="src">
        <metrics statements="9" coveredstatements="9" conditionals="0" coveredconditionals="0" methods="0" coveredmethods="0"/>
        <file name="index.ts" path="/home/deepak/Desktop/crushers/cop/bag/src/index.ts">
          <metrics statements="9" coveredstatements="9" conditionals="0" coveredconditionals="0" methods="0" coveredmethods="0"/>
          <line num="1" count="4" type="stmt"/>
          <line num="2" count="4" type="stmt"/>
          <line num="3" count="4" type="stmt"/>
          <line num="4" count="4" type="stmt"/>
          <line num="7" count="4" type="stmt"/>
          <line num="8" count="4" type="stmt"/>
          <line num="9" count="4" type="stmt"/>
          <line num="10" count="4" type="stmt"/>
          <line num="11" count="4" type="stmt"/>
        </file>
      </package>
      <package name="src.Collection">
        <metrics statements="61" coveredstatements="61" conditionals="10" coveredconditionals="9" methods="19" coveredmethods="19"/>
        <file name="AbstractCollection.ts" path="/home/deepak/Desktop/crushers/cop/bag/src/Collection/AbstractCollection.ts">
          <metrics statements="12" coveredstatements="12" conditionals="0" coveredconditionals="0" methods="4" coveredmethods="4"/>
          <line num="2" count="4" type="stmt"/>
          <line num="7" count="4" type="stmt"/>
          <line num="33" count="4" type="stmt"/>
          <line num="34" count="2" type="stmt"/>
          <line num="35" count="2" type="stmt"/>
          <line num="36" count="200" type="stmt"/>
          <line num="44" count="4" type="stmt"/>
          <line num="45" count="19" type="stmt"/>
          <line num="63" count="4" type="stmt"/>
          <line num="64" count="310" type="stmt"/>
          <line num="66" count="4" type="stmt"/>
          <line num="68" count="4" type="stmt"/>
        </file>
        <file name="ICloneable.ts" path="/home/deepak/Desktop/crushers/cop/bag/src/Collection/ICloneable.ts">
          <metrics statements="4" coveredstatements="4" conditionals="4" coveredconditionals="3" methods="2" coveredmethods="2"/>
          <line num="5" count="4" type="stmt"/>
          <line num="6" count="401" type="stmt"/>
          <line num="9" count="4" type="stmt"/>
          <line num="10" count="405" type="cond" truecount="3" falsecount="1"/>
        </file>
        <file name="Iterator.ts" path="/home/deepak/Desktop/crushers/cop/bag/src/Collection/Iterator.ts">
          <metrics statements="41" coveredstatements="41" conditionals="6" coveredconditionals="6" methods="13" coveredmethods="13"/>
          <line num="1" count="4" type="stmt"/>
          <line num="25" count="4" type="stmt"/>
          <line num="30" count="4" type="stmt"/>
          <line num="31" count="2679" type="stmt"/>
          <line num="37" count="4" type="stmt"/>
          <line num="38" count="2043" type="stmt"/>
          <line num="44" count="4" type="stmt"/>
          <line num="45" count="8" type="stmt"/>
          <line num="49" count="19" type="stmt"/>
          <line num="50" count="19" type="stmt"/>
          <line num="57" count="19" type="stmt"/>
          <line num="58" count="19" type="stmt"/>
          <line num="65" count="4" type="stmt"/>
          <line num="66" count="1637" type="stmt"/>
          <line num="73" count="4" type="stmt"/>
          <line num="74" count="406" type="stmt"/>
          <line num="83" count="4" type="stmt"/>
          <line num="84" count="823" type="stmt"/>
          <line num="85" count="823" type="cond" truecount="2" falsecount="0"/>
          <line num="86" count="1" type="stmt"/>
          <line num="88" count="822" type="stmt"/>
          <line num="97" count="4" type="stmt"/>
          <line num="98" count="203" type="stmt"/>
          <line num="99" count="203" type="cond" truecount="2" falsecount="0"/>
          <line num="100" count="1" type="stmt"/>
          <line num="102" count="202" type="stmt"/>
          <line num="108" count="4" type="stmt"/>
          <line num="109" count="2" type="stmt"/>
          <line num="115" count="4" type="stmt"/>
          <line num="116" count="1" type="stmt"/>
          <line num="117" count="1" type="stmt"/>
          <line num="118" count="1" type="stmt"/>
          <line num="124" count="4" type="stmt"/>
          <line num="125" count="3" type="stmt"/>
          <line num="126" count="2" type="stmt"/>
          <line num="127" count="2" type="stmt"/>
          <line num="130" count="4" type="stmt"/>
          <line num="131" count="1030" type="cond" truecount="2" falsecount="0"/>
          <line num="132" count="1" type="stmt"/>
          <line num="135" count="4" type="stmt"/>
          <line num="137" count="4" type="stmt"/>
        </file>
        <file name="index.ts" path="/home/deepak/Desktop/crushers/cop/bag/src/Collection/index.ts">
          <metrics statements="4" coveredstatements="4" conditionals="0" coveredconditionals="0" methods="0" coveredmethods="0"/>
          <line num="1" count="4" type="stmt"/>
          <line num="4" count="4" type="stmt"/>
          <line num="9" count="4" type="stmt"/>
          <line num="10" count="4" type="stmt"/>
        </file>
      </package>
      <package name="src.Lists">
        <metrics statements="2" coveredstatements="2" conditionals="0" coveredconditionals="0" methods="0" coveredmethods="0"/>
        <file name="index.ts" path="/home/deepak/Desktop/crushers/cop/bag/src/Lists/index.ts">
          <metrics statements="2" coveredstatements="2" conditionals="0" coveredconditionals="0" methods="0" coveredmethods="0"/>
          <line num="1" count="4" type="stmt"/>
          <line num="4" count="4" type="stmt"/>
        </file>
      </package>
      <package name="src.Lists.List">
        <metrics statements="152" coveredstatements="152" conditionals="33" coveredconditionals="33" methods="21" coveredmethods="21"/>
        <file name="List.ts" path="/home/deepak/Desktop/crushers/cop/bag/src/Lists/List/List.ts">
          <metrics statements="134" coveredstatements="134" conditionals="31" coveredconditionals="31" methods="16" coveredmethods="16"/>
          <line num="1" count="4" type="stmt"/>
          <line num="2" count="4" type="stmt"/>
          <line num="4" count="4" type="stmt"/>
          <line num="6" count="12" type="cond" truecount="3" falsecount="0"/>
          <line num="8" count="4" type="stmt"/>
          <line num="9" count="36" type="stmt"/>
          <line num="11" count="12" type="stmt"/>
          <line num="12" count="12" type="stmt"/>
          <line num="14" count="4" type="stmt"/>
          <line num="15" count="3" type="stmt"/>
          <line num="16" count="3" type="stmt"/>
          <line num="19" count="4" type="stmt"/>
          <line num="20" count="2" type="cond" truecount="2" falsecount="0"/>
          <line num="21" count="2" type="stmt"/>
          <line num="22" count="2" type="stmt"/>
          <line num="23" count="2" type="stmt"/>
          <line num="24" count="2" type="stmt"/>
          <line num="27" count="4" type="stmt"/>
          <line num="28" count="3" type="stmt"/>
          <line num="29" count="3" type="stmt"/>
          <line num="30" count="3" type="cond" truecount="2" falsecount="0"/>
          <line num="31" count="1" type="stmt"/>
          <line num="32" count="1" type="stmt"/>
          <line num="33" count="1" type="stmt"/>
          <line num="35" count="2" type="stmt"/>
          <line num="36" count="4" type="cond" truecount="2" falsecount="0"/>
          <line num="37" count="1" type="stmt"/>
          <line num="38" count="1" type="stmt"/>
          <line num="39" count="1" type="stmt"/>
          <line num="41" count="3" type="stmt"/>
          <line num="43" count="1" type="stmt"/>
          <line num="46" count="4" type="stmt"/>
          <line num="47" count="3" type="stmt"/>
          <line num="48" count="2" type="stmt"/>
          <line num="49" count="2" type="stmt"/>
          <line num="50" count="2" type="stmt"/>
          <line num="51" count="2" type="stmt"/>
          <line num="54" count="4" type="stmt"/>
          <line num="55" count="5" type="stmt"/>
          <line num="56" count="4" type="stmt"/>
          <line num="57" count="4" type="cond" truecount="2" falsecount="0"/>
          <line num="58" count="1" type="stmt"/>
          <line num="59" count="1" type="stmt"/>
          <line num="60" count="1" type="stmt"/>
          <line num="62" count="3" type="stmt"/>
          <line num="63" count="4" type="stmt"/>
          <line num="65" count="3" type="stmt"/>
          <line num="66" count="3" type="stmt"/>
          <line num="67" count="3" type="stmt"/>
          <line num="68" count="3" type="stmt"/>
          <line num="71" count="4" type="stmt"/>
          <line num="72" count="15" type="stmt"/>
          <line num="73" count="15" type="cond" truecount="2" falsecount="0"/>
          <line num="74" count="1" type="stmt"/>
          <line num="76" count="14" type="stmt"/>
          <line num="77" count="14" type="stmt"/>
          <line num="78" count="55" type="stmt"/>
          <line num="79" count="55" type="stmt"/>
          <line num="81" count="14" type="stmt"/>
          <line num="84" count="4" type="stmt"/>
          <line num="85" count="2" type="stmt"/>
          <line num="86" count="1" type="stmt"/>
          <line num="87" count="1" type="stmt"/>
          <line num="88" count="1" type="stmt"/>
          <line num="89" count="1" type="stmt"/>
          <line num="90" count="1" type="stmt"/>
          <line num="91" count="1" type="stmt"/>
          <line num="94" count="4" type="stmt"/>
          <line num="95" count="3" type="cond" truecount="2" falsecount="0"/>
          <line num="96" count="1" type="stmt"/>
          <line num="98" count="2" type="stmt"/>
          <line num="99" count="2" type="cond" truecount="2" falsecount="0"/>
          <line num="100" count="1" type="stmt"/>
          <line num="101" count="1" type="stmt"/>
          <line num="102" count="1" type="stmt"/>
          <line num="103" count="1" type="stmt"/>
          <line num="105" count="1" type="stmt"/>
          <line num="106" count="1" type="stmt"/>
          <line num="107" count="1" type="stmt"/>
          <line num="108" count="2" type="stmt"/>
          <line num="109" count="2" type="stmt"/>
          <line num="111" count="1" type="stmt"/>
          <line num="112" count="1" type="stmt"/>
          <line num="113" count="1" type="stmt"/>
          <line num="114" count="1" type="stmt"/>
          <line num="115" count="1" type="stmt"/>
          <line num="118" count="4" type="stmt"/>
          <line num="119" count="5" type="stmt"/>
          <line num="120" count="5" type="stmt"/>
          <line num="121" count="5" type="stmt"/>
          <line num="122" count="5" type="stmt"/>
          <line num="123" count="5" type="stmt"/>
          <line num="126" count="4" type="stmt"/>
          <line num="127" count="27" type="stmt"/>
          <line num="128" count="27" type="cond" truecount="2" falsecount="0"/>
          <line num="129" count="7" type="stmt"/>
          <line num="130" count="7" type="stmt"/>
          <line num="131" count="7" type="stmt"/>
          <line num="133" count="20" type="stmt"/>
          <line num="134" count="20" type="stmt"/>
          <line num="135" count="22" type="stmt"/>
          <line num="137" count="20" type="stmt"/>
          <line num="138" count="20" type="stmt"/>
          <line num="139" count="20" type="stmt"/>
          <line num="142" count="4" type="stmt"/>
          <line num="143" count="4" type="stmt"/>
          <line num="144" count="3" type="stmt"/>
          <line num="145" count="3" type="cond" truecount="4" falsecount="0"/>
          <line num="146" count="1" type="stmt"/>
          <line num="148" count="2" type="cond" truecount="2" falsecount="0"/>
          <line num="149" count="4" type="stmt"/>
          <line num="151" count="2" type="cond" truecount="2" falsecount="0"/>
          <line num="152" count="1" type="stmt"/>
          <line num="154" count="1" type="stmt"/>
          <line num="155" count="1" type="stmt"/>
          <line num="156" count="1" type="stmt"/>
          <line num="157" count="1" type="stmt"/>
          <line num="158" count="1" type="stmt"/>
          <line num="159" count="1" type="stmt"/>
          <line num="162" count="4" type="stmt"/>
          <line num="163" count="26" type="stmt"/>
          <line num="166" count="4" type="stmt"/>
          <line num="167" count="2" type="stmt"/>
          <line num="168" count="2" type="stmt"/>
          <line num="169" count="2" type="stmt"/>
          <line num="170" count="7" type="cond" truecount="2" falsecount="0"/>
          <line num="171" count="1" type="stmt"/>
          <line num="173" count="6" type="stmt"/>
          <line num="175" count="1" type="stmt"/>
          <line num="178" count="4" type="stmt"/>
          <line num="179" count="17" type="cond" truecount="2" falsecount="0"/>
          <line num="180" count="3" type="stmt"/>
          <line num="184" count="4" type="stmt"/>
          <line num="186" count="4" type="stmt"/>
        </file>
        <file name="Node.ts" path="/home/deepak/Desktop/crushers/cop/bag/src/Lists/List/Node.ts">
          <metrics statements="14" coveredstatements="14" conditionals="2" coveredconditionals="2" methods="5" coveredmethods="5"/>
          <line num="1" count="4" type="stmt"/>
          <line num="5" count="4" type="stmt"/>
          <line num="11" count="4" type="stmt"/>
          <line num="12" count="169" type="stmt"/>
          <line num="16" count="35" type="stmt"/>
          <line num="19" count="4" type="stmt"/>
          <line num="20" count="5" type="stmt"/>
          <line num="21" count="5" type="stmt"/>
          <line num="22" count="5" type="stmt"/>
          <line num="23" count="10" type="stmt"/>
          <line num="24" count="10" type="stmt"/>
          <line num="26" count="5" type="stmt"/>
          <line num="28" count="4" type="stmt"/>
          <line num="30" count="4" type="stmt"/>
        </file>
        <file name="index.ts" path="/home/deepak/Desktop/crushers/cop/bag/src/Lists/List/index.ts">
          <metrics statements="4" coveredstatements="4" conditionals="0" coveredconditionals="0" methods="0" coveredmethods="0"/>
          <line num="2" count="4" type="stmt"/>
          <line num="3" count="4" type="stmt"/>
          <line num="7" count="4" type="stmt"/>
          <line num="9" count="4" type="stmt"/>
        </file>
      </package>
      <package name="src.Matrix">
        <metrics statements="180" coveredstatements="135" conditionals="30" coveredconditionals="18" methods="54" coveredmethods="19"/>
        <file name="Matrix.ts" path="/home/deepak/Desktop/crushers/cop/bag/src/Matrix/Matrix.ts">
          <metrics statements="65" coveredstatements="38" conditionals="8" coveredconditionals="3" methods="27" coveredmethods="5"/>
          <line num="1" count="4" type="stmt"/>
          <line num="2" count="4" type="stmt"/>
          <line num="3" count="4" type="stmt"/>
          <line num="4" count="4" type="stmt"/>
          <line num="7" count="4" type="stmt"/>
          <line num="9" count="4" type="stmt"/>
          <line num="10" count="0" type="stmt"/>
          <line num="13" count="4" type="stmt"/>
          <line num="14" count="0" type="stmt"/>
          <line num="17" count="4" type="stmt"/>
          <line num="18" count="7" type="stmt"/>
          <line num="22" count="0" type="stmt"/>
          <line num="23" count="0" type="stmt"/>
          <line num="26" count="4" type="stmt"/>
          <line num="27" count="13" type="stmt"/>
          <line num="28" count="13" type="stmt"/>
          <line num="29" count="13" type="stmt"/>
          <line num="30" count="13" type="stmt"/>
          <line num="33" count="4" type="stmt"/>
          <line num="34" count="0" type="stmt"/>
          <line num="37" count="4" type="stmt"/>
          <line num="38" count="0" type="stmt"/>
          <line num="41" count="4" type="stmt"/>
          <line num="42" count="0" type="stmt"/>
          <line num="45" count="4" type="stmt"/>
          <line num="46" count="0" type="stmt"/>
          <line num="52" count="7" type="cond" truecount="1" falsecount="1"/>
          <line num="53" count="7" type="cond" truecount="2" falsecount="0"/>
          <line num="54" count="7" type="stmt"/>
          <line num="55" count="7" type="stmt"/>
          <line num="58" count="4" type="stmt"/>
          <line num="59" count="0" type="stmt"/>
          <line num="60" count="0" type="stmt"/>
          <line num="63" count="4" type="stmt"/>
          <line num="64" count="0" type="stmt"/>
          <line num="65" count="0" type="stmt"/>
          <line num="68" count="4" type="stmt"/>
          <line num="69" count="0" type="stmt"/>
          <line num="72" count="4" type="stmt"/>
          <line num="73" count="0" type="stmt"/>
          <line num="76" count="4" type="stmt"/>
          <line num="77" count="0" type="stmt"/>
          <line num="79" count="0" type="stmt"/>
          <line num="82" count="4" type="stmt"/>
          <line num="83" count="0" type="stmt"/>
          <line num="86" count="4" type="stmt"/>
          <line num="87" count="1" type="stmt"/>
          <line num="90" count="4" type="stmt"/>
          <line num="91" count="0" type="stmt"/>
          <line num="92" count="0" type="stmt"/>
          <line num="95" count="4" type="stmt"/>
          <line num="96" count="0" type="stmt"/>
          <line num="99" count="4" type="stmt"/>
          <line num="100" count="0" type="stmt"/>
          <line num="101" count="0" type="stmt"/>
          <line num="104" count="4" type="stmt"/>
          <line num="105" count="0" type="stmt"/>
          <line num="108" count="4" type="stmt"/>
          <line num="109" count="0" type="stmt"/>
          <line num="110" count="0" type="stmt"/>
          <line num="113" count="4" type="stmt"/>
          <line num="114" count="0" type="cond" truecount="0" falsecount="4"/>
          <line num="115" count="0" type="stmt"/>
          <line num="118" count="4" type="stmt"/>
          <line num="120" count="4" type="stmt"/>
        </file>
        <file name="MatrixOp.ts" path="/home/deepak/Desktop/crushers/cop/bag/src/Matrix/MatrixOp.ts">
          <metrics statements="33" coveredstatements="21" conditionals="0" coveredconditionals="0" methods="14" coveredmethods="4"/>
          <line num="1" count="4" type="stmt"/>
          <line num="2" count="4" type="stmt"/>
          <line num="4" count="4" type="stmt"/>
          <line num="6" count="4" type="stmt"/>
          <line num="7" count="0" type="stmt"/>
          <line num="10" count="4" type="stmt"/>
          <line num="11" count="0" type="stmt"/>
          <line num="14" count="4" type="stmt"/>
          <line num="15" count="1" type="stmt"/>
          <line num="18" count="4" type="stmt"/>
          <line num="19" count="0" type="stmt"/>
          <line num="20" count="0" type="stmt"/>
          <line num="23" count="4" type="stmt"/>
          <line num="24" count="1" type="stmt"/>
          <line num="27" count="4" type="stmt"/>
          <line num="28" count="0" type="stmt"/>
          <line num="29" count="0" type="stmt"/>
          <line num="32" count="4" type="stmt"/>
          <line num="33" count="1" type="stmt"/>
          <line num="36" count="4" type="stmt"/>
          <line num="37" count="0" type="stmt"/>
          <line num="40" count="4" type="stmt"/>
          <line num="41" count="0" type="stmt"/>
          <line num="44" count="4" type="stmt"/>
          <line num="45" count="0" type="stmt"/>
          <line num="48" count="4" type="stmt"/>
          <line num="49" count="0" type="stmt"/>
          <line num="52" count="4" type="stmt"/>
          <line num="53" count="0" type="stmt"/>
          <line num="56" count="4" type="stmt"/>
          <line num="57" count="0" type="stmt"/>
          <line num="59" count="4" type="stmt"/>
          <line num="61" count="4" type="stmt"/>
        </file>
        <file name="MatrixUtils.ts" path="/home/deepak/Desktop/crushers/cop/bag/src/Matrix/MatrixUtils.ts">
          <metrics statements="75" coveredstatements="69" conditionals="22" coveredconditionals="15" methods="13" coveredmethods="10"/>
          <line num="1" count="4" type="stmt"/>
          <line num="4" count="4" type="stmt"/>
          <line num="5" count="4" type="stmt"/>
          <line num="6" count="1" type="stmt"/>
          <line num="7" count="1" type="stmt"/>
          <line num="8" count="1" type="stmt"/>
          <line num="9" count="4" type="stmt"/>
          <line num="10" count="4" type="stmt"/>
          <line num="11" count="12" type="stmt"/>
          <line num="14" count="1" type="stmt"/>
          <line num="17" count="4" type="stmt"/>
          <line num="18" count="1" type="stmt"/>
          <line num="19" count="1" type="cond" truecount="1" falsecount="1"/>
          <line num="20" count="0" type="stmt"/>
          <line num="22" count="1" type="stmt"/>
          <line num="23" count="1" type="stmt"/>
          <line num="24" count="1" type="stmt"/>
          <line num="25" count="1" type="stmt"/>
          <line num="26" count="3" type="stmt"/>
          <line num="27" count="9" type="cond" truecount="2" falsecount="0"/>
          <line num="28" count="6" type="stmt"/>
          <line num="29" count="6" type="stmt"/>
          <line num="30" count="36" type="stmt"/>
          <line num="35" count="1" type="stmt"/>
          <line num="36" count="1" type="stmt"/>
          <line num="37" count="3" type="cond" truecount="2" falsecount="0"/>
          <line num="38" count="2" type="stmt"/>
          <line num="41" count="1" type="cond" truecount="1" falsecount="1"/>
          <line num="42" count="0" type="stmt"/>
          <line num="44" count="1" type="stmt"/>
          <line num="45" count="3" type="stmt"/>
          <line num="46" count="3" type="stmt"/>
          <line num="47" count="18" type="stmt"/>
          <line num="50" count="1" type="stmt"/>
          <line num="53" count="4" type="cond" truecount="1" falsecount="1"/>
          <line num="54" count="1" type="cond" truecount="2" falsecount="2"/>
          <line num="55" count="1" type="stmt"/>
          <line num="57" count="3" type="stmt"/>
          <line num="60" count="4" type="stmt"/>
          <line num="61" count="1" type="stmt"/>
          <line num="62" count="1" type="stmt"/>
          <line num="63" count="1" type="cond" truecount="3" falsecount="1"/>
          <line num="64" count="0" type="stmt"/>
          <line num="66" count="3" type="stmt"/>
          <line num="69" count="4" type="stmt"/>
          <line num="70" count="1" type="stmt"/>
          <line num="71" count="1" type="stmt"/>
          <line num="72" count="1" type="cond" truecount="1" falsecount="1"/>
          <line num="73" count="0" type="stmt"/>
          <line num="75" count="1" type="stmt"/>
          <line num="76" count="1" type="stmt"/>
          <line num="77" count="3" type="stmt"/>
          <line num="78" count="9" type="stmt"/>
          <line num="79" count="18" type="stmt"/>
          <line num="83" count="1" type="stmt"/>
          <line num="86" count="4" type="stmt"/>
          <line num="87" count="1" type="stmt"/>
          <line num="88" count="1" type="stmt"/>
          <line num="89" count="3" type="stmt"/>
          <line num="90" count="3" type="stmt"/>
          <line num="91" count="9" type="stmt"/>
          <line num="94" count="1" type="stmt"/>
          <line num="97" count="4" type="stmt"/>
          <line num="98" count="1" type="stmt"/>
          <line num="99" count="1" type="stmt"/>
          <line num="100" count="3" type="stmt"/>
          <line num="101" count="3" type="stmt"/>
          <line num="102" count="9" type="cond" truecount="2" falsecount="0"/>
          <line num="105" count="1" type="stmt"/>
          <line num="108" count="4" type="stmt"/>
          <line num="109" count="0" type="stmt"/>
          <line num="112" count="4" type="stmt"/>
          <line num="113" count="0" type="stmt"/>
          <line num="115" count="4" type="stmt"/>
          <line num="117" count="4" type="stmt"/>
        </file>
        <file name="index.ts" path="/home/deepak/Desktop/crushers/cop/bag/src/Matrix/index.ts">
          <metrics statements="7" coveredstatements="7" conditionals="0" coveredconditionals="0" methods="0" coveredmethods="0"/>
          <line num="1" count="4" type="stmt"/>
          <line num="2" count="4" type="stmt"/>
          <line num="3" count="4" type="stmt"/>
          <line num="6" count="4" type="stmt"/>
          <line num="9" count="4" type="stmt"/>
          <line num="10" count="4" type="stmt"/>
          <line num="11" count="4" type="stmt"/>
        </file>
      </package>
      <package name="src.Queue">
        <metrics statements="52" coveredstatements="52" conditionals="18" coveredconditionals="18" methods="11" coveredmethods="11"/>
        <file name="Queue.ts" path="/home/deepak/Desktop/crushers/cop/bag/src/Queue/Queue.ts">
          <metrics statements="50" coveredstatements="50" conditionals="18" coveredconditionals="18" methods="11" coveredmethods="11"/>
          <line num="1" count="4" type="stmt"/>
          <line num="2" count="4" type="stmt"/>
          <line num="3" count="4" type="stmt"/>
          <line num="26" count="4" type="stmt"/>
          <line num="31" count="4" type="stmt"/>
          <line num="36" count="4" type="stmt"/>
          <line num="51" count="7" type="stmt"/>
          <line num="56" count="7" type="stmt"/>
          <line num="62" count="10" type="cond" truecount="2" falsecount="0"/>
          <line num="63" count="7" type="cond" truecount="2" falsecount="0"/>
          <line num="64" count="7" type="cond" truecount="2" falsecount="0"/>
          <line num="65" count="7" type="stmt"/>
          <line num="72" count="4" type="stmt"/>
          <line num="73" count="105" type="cond" truecount="2" falsecount="0"/>
          <line num="74" count="1" type="stmt"/>
          <line num="76" count="104" type="stmt"/>
          <line num="77" count="104" type="cond" truecount="4" falsecount="0"/>
          <line num="78" count="1" type="stmt"/>
          <line num="80" count="104" type="stmt"/>
          <line num="86" count="107" type="stmt"/>
          <line num="87" count="102" type="cond" truecount="2" falsecount="0"/>
          <line num="88" count="1" type="stmt"/>
          <line num="90" count="102" type="stmt"/>
          <line num="91" count="107" type="stmt"/>
          <line num="93" count="102" type="stmt"/>
          <line num="99" count="4" type="stmt"/>
          <line num="100" count="3" type="cond" truecount="2" falsecount="0"/>
          <line num="101" count="3" type="stmt"/>
          <line num="102" count="3" type="stmt"/>
          <line num="108" count="4" type="stmt"/>
          <line num="109" count="639" type="stmt"/>
          <line num="115" count="4" type="stmt"/>
          <line num="116" count="109" type="cond" truecount="2" falsecount="0"/>
          <line num="117" count="2" type="stmt"/>
          <line num="119" count="107" type="stmt"/>
          <line num="125" count="4" type="stmt"/>
          <line num="126" count="2" type="stmt"/>
          <line num="127" count="2" type="stmt"/>
          <line num="128" count="2" type="stmt"/>
          <line num="129" count="200" type="stmt"/>
          <line num="130" count="2" type="stmt"/>
          <line num="136" count="4" type="stmt"/>
          <line num="137" count="1" type="stmt"/>
          <line num="138" count="1" type="stmt"/>
          <line num="139" count="1" type="stmt"/>
          <line num="140" count="2" type="stmt"/>
          <line num="142" count="1" type="stmt"/>
          <line num="143" count="1" type="stmt"/>
          <line num="145" count="4" type="stmt"/>
          <line num="147" count="4" type="stmt"/>
        </file>
        <file name="index.ts" path="/home/deepak/Desktop/crushers/cop/bag/src/Queue/index.ts">
          <metrics statements="2" coveredstatements="2" conditionals="0" coveredconditionals="0" methods="0" coveredmethods="0"/>
          <line num="2" count="4" type="stmt"/>
          <line num="7" count="4" type="stmt"/>
        </file>
      </package>
      <package name="src.Stack">
        <metrics statements="35" coveredstatements="35" conditionals="6" coveredconditionals="6" methods="11" coveredmethods="11"/>
        <file name="Stack.ts" path="/home/deepak/Desktop/crushers/cop/bag/src/Stack/Stack.ts">
          <metrics statements="33" coveredstatements="33" conditionals="6" coveredconditionals="6" methods="11" coveredmethods="11"/>
          <line num="1" count="4" type="stmt"/>
          <line num="2" count="4" type="stmt"/>
          <line num="3" count="4" type="stmt"/>
          <line num="6" count="4" type="stmt"/>
          <line num="15" count="4" type="stmt"/>
          <line num="18" count="4" type="cond" truecount="2" falsecount="0"/>
          <line num="19" count="4" type="stmt"/>
          <line num="22" count="4" type="stmt"/>
          <line num="23" count="1" type="stmt"/>
          <line num="24" count="1" type="stmt"/>
          <line num="27" count="4" type="stmt"/>
          <line num="28" count="2" type="stmt"/>
          <line num="29" count="200" type="stmt"/>
          <line num="30" count="2" type="stmt"/>
          <line num="31" count="2" type="stmt"/>
          <line num="34" count="4" type="stmt"/>
          <line num="35" count="106" type="cond" truecount="2" falsecount="0"/>
          <line num="36" count="1" type="stmt"/>
          <line num="38" count="105" type="stmt"/>
          <line num="41" count="4" type="stmt"/>
          <line num="42" count="101" type="stmt"/>
          <line num="43" count="100" type="stmt"/>
          <line num="46" count="100" type="stmt"/>
          <line num="47" count="100" type="stmt"/>
          <line num="48" count="100" type="stmt"/>
          <line num="50" count="100" type="stmt"/>
          <line num="53" count="4" type="stmt"/>
          <line num="54" count="415" type="stmt"/>
          <line num="62" count="4" type="stmt"/>
          <line num="63" count="101" type="cond" truecount="2" falsecount="0"/>
          <line num="64" count="1" type="stmt"/>
          <line num="68" count="4" type="stmt"/>
          <line num="70" count="4" type="stmt"/>
        </file>
        <file name="index.ts" path="/home/deepak/Desktop/crushers/cop/bag/src/Stack/index.ts">
          <metrics statements="2" coveredstatements="2" conditionals="0" coveredconditionals="0" methods="0" coveredmethods="0"/>
          <line num="2" count="4" type="stmt"/>
          <line num="7" count="4" type="stmt"/>
        </file>
      </package>
      <package name="src.containers">
        <metrics statements="39" coveredstatements="29" conditionals="6" coveredconditionals="3" methods="14" coveredmethods="9"/>
        <file name="Node.ts" path="/home/deepak/Desktop/crushers/cop/bag/src/containers/Node.ts">
          <metrics statements="37" coveredstatements="27" conditionals="6" coveredconditionals="3" methods="14" coveredmethods="9"/>
          <line num="1" count="4" type="stmt"/>
          <line num="5" count="4" type="stmt"/>
          <line num="7" count="4" type="stmt"/>
          <line num="8" count="0" type="stmt"/>
          <line num="12" count="87" type="stmt"/>
          <line num="15" count="4" type="stmt"/>
          <line num="16" count="0" type="stmt"/>
          <line num="17" count="0" type="stmt"/>
          <line num="18" count="0" type="stmt"/>
          <line num="19" count="0" type="cond" truecount="0" falsecount="2"/>
          <line num="20" count="0" type="stmt"/>
          <line num="23" count="0" type="stmt"/>
          <line num="26" count="4" type="stmt"/>
          <line num="27" count="0" type="stmt"/>
          <line num="31" count="0" type="stmt"/>
          <line num="34" count="4" type="stmt"/>
          <line num="35" count="35" type="stmt"/>
          <line num="39" count="194" type="stmt"/>
          <line num="42" count="4" type="stmt"/>
          <line num="43" count="4" type="stmt"/>
          <line num="48" count="41" type="stmt"/>
          <line num="49" count="41" type="stmt"/>
          <line num="52" count="4" type="stmt"/>
          <line num="53" count="35" type="stmt"/>
          <line num="56" count="4" type="stmt"/>
          <line num="57" count="0" type="stmt"/>
          <line num="60" count="4" type="stmt"/>
          <line num="61" count="5" type="stmt"/>
          <line num="62" count="5" type="stmt"/>
          <line num="63" count="5" type="cond" truecount="1" falsecount="1"/>
          <line num="64" count="5" type="stmt"/>
          <line num="67" count="4" type="stmt"/>
          <line num="68" count="194" type="cond" truecount="2" falsecount="0"/>
          <line num="69" count="155" type="stmt"/>
          <line num="71" count="39" type="stmt"/>
          <line num="73" count="4" type="stmt"/>
          <line num="75" count="4" type="stmt"/>
        </file>
        <file name="index.ts" path="/home/deepak/Desktop/crushers/cop/bag/src/containers/index.ts">
          <metrics statements="2" coveredstatements="2" conditionals="0" coveredconditionals="0" methods="0" coveredmethods="0"/>
          <line num="1" count="4" type="stmt"/>
          <line num="4" count="4" type="stmt"/>
        </file>
      </package>
      <package name="src.exceptions">
        <metrics statements="20" coveredstatements="20" conditionals="8" coveredconditionals="3" methods="8" coveredmethods="7"/>
        <file name="EmptyCollection.ts" path="/home/deepak/Desktop/crushers/cop/bag/src/exceptions/EmptyCollection.ts">
          <metrics statements="3" coveredstatements="3" conditionals="2" coveredconditionals="1" methods="2" coveredmethods="2"/>
          <line num="1" count="4" type="stmt"/>
          <line num="5" count="4" type="stmt"/>
          <line num="7" count="4" type="stmt"/>
        </file>
        <file name="NaNException.ts" path="/home/deepak/Desktop/crushers/cop/bag/src/exceptions/NaNException.ts">
          <metrics statements="3" coveredstatements="3" conditionals="2" coveredconditionals="0" methods="2" coveredmethods="1"/>
          <line num="1" count="4" type="stmt"/>
          <line num="5" count="4" type="stmt"/>
          <line num="7" count="4" type="stmt"/>
        </file>
        <file name="NotFound.ts" path="/home/deepak/Desktop/crushers/cop/bag/src/exceptions/NotFound.ts">
          <metrics statements="3" coveredstatements="3" conditionals="2" coveredconditionals="1" methods="2" coveredmethods="2"/>
          <line num="1" count="4" type="stmt"/>
          <line num="5" count="4" type="stmt"/>
          <line num="7" count="4" type="stmt"/>
        </file>
        <file name="OutOfBounds.ts" path="/home/deepak/Desktop/crushers/cop/bag/src/exceptions/OutOfBounds.ts">
          <metrics statements="3" coveredstatements="3" conditionals="2" coveredconditionals="1" methods="2" coveredmethods="2"/>
          <line num="1" count="4" type="stmt"/>
          <line num="5" count="4" type="stmt"/>
          <line num="7" count="4" type="stmt"/>
        </file>
        <file name="index.ts" path="/home/deepak/Desktop/crushers/cop/bag/src/exceptions/index.ts">
          <metrics statements="8" coveredstatements="8" conditionals="0" coveredconditionals="0" methods="0" coveredmethods="0"/>
          <line num="1" count="4" type="stmt"/>
          <line num="2" count="4" type="stmt"/>
          <line num="3" count="4" type="stmt"/>
          <line num="4" count="4" type="stmt"/>
          <line num="7" count="4" type="stmt"/>
          <line num="8" count="4" type="stmt"/>
          <line num="9" count="4" type="stmt"/>
          <line num="10" count="4" type="stmt"/>
        </file>
      </package>
    </metrics>
  </project>
</coverage>
