{"/home/deepak/Desktop/crushers/cop/bag/src/index.ts": {"path":"/home/deepak/Desktop/crushers/cop/bag/src/index.ts","statementMap":{"0":{"start":{"line":1,"column":0},"end":{"line":1,"column":28}},"1":{"start":{"line":9,"column":4},"end":{"line":9,"column":8}},"2":{"start":{"line":2,"column":0},"end":{"line":2,"column":41}},"3":{"start":{"line":11,"column":4},"end":{"line":11,"column":12}},"4":{"start":{"line":10,"column":4},"end":{"line":10,"column":10}},"5":{"start":{"line":3,"column":0},"end":{"line":3,"column":27}},"6":{"start":{"line":7,"column":4},"end":{"line":7,"column":9}},"7":{"start":{"line":4,"column":0},"end":{"line":4,"column":27}},"8":{"start":{"line":8,"column":4},"end":{"line":8,"column":9}}},"fnMap":{},"branchMap":{},"s":{"0":4,"1":4,"2":4,"3":4,"4":4,"5":4,"6":4,"7":4,"8":4},"f":{},"b":{}}
,"/home/deepak/Desktop/crushers/cop/bag/src/Collection/AbstractCollection.ts": {"path":"/home/deepak/Desktop/crushers/cop/bag/src/Collection/AbstractCollection.ts","statementMap":{"0":{"start":{"line":2,"column":0},"end":{"line":2,"column":33}},"1":{"start":{"line":7,"column":0},"end":{"line":66,"column":0}},"2":{"start":{"line":33,"column":12},"end":{"line":38,"column":5}},"3":{"start":{"line":34,"column":14},"end":{"line":34,"column":38}},"4":{"start":{"line":35,"column":27},"end":{"line":null,"column":-1}},"5":{"start":{"line":36,"column":12},"end":{"line":36,"column":27}},"6":{"start":{"line":36,"column":12},"end":{"line":36,"column":28}},"7":{"start":{"line":44,"column":11},"end":{"line":46,"column":5}},"8":{"start":{"line":45,"column":8},"end":{"line":45,"column":40}},"9":{"start":{"line":63,"column":11},"end":{"line":65,"column":5}},"10":{"start":{"line":64,"column":8},"end":{"line":64,"column":33}},"11":{"start":{"line":66,"column":0},"end":{"line":66,"column":1}},"12":{"start":{"line":68,"column":0},"end":{"line":68,"column":34}}},"fnMap":{"0":{"name":"(anonymous_7)","decl":{"start":{"line":7,"column":0},"end":{"line":null,"column":-1}},"loc":{"start":{"line":7,"column":0},"end":{"line":7,"column":-1}}},"1":{"name":"(anonymous_9)","decl":{"start":{"line":33,"column":4},"end":{"line":null,"column":-1}},"loc":{"start":{"line":33,"column":4},"end":{"line":38,"column":5}}},"2":{"name":"(anonymous_11)","decl":{"start":{"line":44,"column":4},"end":{"line":null,"column":-1}},"loc":{"start":{"line":44,"column":4},"end":{"line":46,"column":5}}},"3":{"name":"(anonymous_12)","decl":{"start":{"line":63,"column":4},"end":{"line":null,"column":-1}},"loc":{"start":{"line":63,"column":4},"end":{"line":65,"column":5}}}},"branchMap":{},"s":{"0":5,"1":5,"2":5,"3":2,"4":2,"5":200,"6":200,"7":5,"8":19,"9":5,"10":310,"11":5,"12":5},"f":{"0":36,"1":2,"2":19,"3":310},"b":{}}
,"/home/deepak/Desktop/crushers/cop/bag/src/Collection/ICloneable.ts": {"path":"/home/deepak/Desktop/crushers/cop/bag/src/Collection/ICloneable.ts","statementMap":{"0":{"start":{"line":6,"column":4},"end":{"line":6,"column":53}},"1":{"start":{"line":5,"column":0},"end":{"line":7,"column":1}},"2":{"start":{"line":10,"column":4},"end":{"line":10,"column":72}},"3":{"start":{"line":9,"column":0},"end":{"line":11,"column":1}}},"fnMap":{"0":{"name":"isCloneable","decl":{"start":{"line":5,"column":16},"end":{"line":5,"column":27}},"loc":{"start":{"line":5,"column":38},"end":{"line":7,"column":1}}},"1":{"name":"clone","decl":{"start":{"line":9,"column":16},"end":{"line":9,"column":21}},"loc":{"start":{"line":9,"column":32},"end":{"line":11,"column":1}}}},"branchMap":{"0":{"loc":{"start":{"line":10,"column":20},"end":{"line":10,"column":62}},"type":"cond-expr","locations":[{"start":{"line":10,"column":20},"end":{"line":10,"column":62}},{"start":{"line":10,"column":66},"end":{"line":10,"column":71}}]},"1":{"loc":{"start":{"line":10,"column":41},"end":{"line":10,"column":54}},"type":"cond-expr","locations":[{"start":{"line":10,"column":41},"end":{"line":10,"column":54}},{"start":{"line":10,"column":57},"end":{"line":10,"column":62}}]}},"s":{"0":401,"1":5,"2":405,"3":5},"f":{"0":401,"1":405},"b":{"0":[401,4],"1":[0,401]}}
,"/home/deepak/Desktop/crushers/cop/bag/src/Collection/Iterator.ts": {"path":"/home/deepak/Desktop/crushers/cop/bag/src/Collection/Iterator.ts","statementMap":{"0":{"start":{"line":1,"column":0},"end":{"line":1,"column":76}},"1":{"start":{"line":25,"column":0},"end":{"line":135,"column":0}},"2":{"start":{"line":49,"column":12},"end":{"line":49,"column":31}},"3":{"start":{"line":50,"column":12},"end":{"line":50,"column":51}},"4":{"start":{"line":57,"column":8},"end":{"line":57,"column":42}},"5":{"start":{"line":58,"column":8},"end":{"line":58,"column":41}},"6":{"start":{"line":30,"column":4},"end":{"line":32,"column":5}},"7":{"start":{"line":31,"column":8},"end":{"line":31,"column":28}},"8":{"start":{"line":37,"column":4},"end":{"line":39,"column":5}},"9":{"start":{"line":38,"column":8},"end":{"line":38,"column":27}},"10":{"start":{"line":44,"column":4},"end":{"line":46,"column":5}},"11":{"start":{"line":45,"column":8},"end":{"line":45,"column":29}},"12":{"start":{"line":65,"column":11},"end":{"line":67,"column":5}},"13":{"start":{"line":66,"column":8},"end":{"line":66,"column":40}},"14":{"start":{"line":73,"column":11},"end":{"line":75,"column":5}},"15":{"start":{"line":74,"column":8},"end":{"line":74,"column":30}},"16":{"start":{"line":83,"column":11},"end":{"line":89,"column":5}},"17":{"start":{"line":84,"column":8},"end":{"line":84,"column":31}},"18":{"start":{"line":85,"column":8},"end":{"line":87,"column":9}},"19":{"start":{"line":86,"column":12},"end":{"line":86,"column":45}},"20":{"start":{"line":88,"column":8},"end":{"line":88,"column":57}},"21":{"start":{"line":97,"column":11},"end":{"line":103,"column":5}},"22":{"start":{"line":98,"column":8},"end":{"line":98,"column":31}},"23":{"start":{"line":99,"column":8},"end":{"line":101,"column":9}},"24":{"start":{"line":100,"column":12},"end":{"line":100,"column":45}},"25":{"start":{"line":102,"column":8},"end":{"line":102,"column":57}},"26":{"start":{"line":108,"column":11},"end":{"line":110,"column":5}},"27":{"start":{"line":109,"column":8},"end":{"line":109,"column":24}},"28":{"start":{"line":115,"column":11},"end":{"line":119,"column":5}},"29":{"start":{"line":116,"column":8},"end":{"line":116,"column":31}},"30":{"start":{"line":117,"column":8},"end":{"line":117,"column":34}},"31":{"start":{"line":118,"column":8},"end":{"line":118,"column":52}},"32":{"start":{"line":124,"column":11},"end":{"line":128,"column":5}},"33":{"start":{"line":125,"column":8},"end":{"line":125,"column":31}},"34":{"start":{"line":126,"column":8},"end":{"line":126,"column":24}},"35":{"start":{"line":127,"column":8},"end":{"line":127,"column":38}},"36":{"start":{"line":130,"column":12},"end":{"line":134,"column":5}},"37":{"start":{"line":131,"column":8},"end":{"line":133,"column":9}},"38":{"start":{"line":132,"column":12},"end":{"line":132,"column":49}},"39":{"start":{"line":135,"column":0},"end":{"line":135,"column":1}},"40":{"start":{"line":137,"column":0},"end":{"line":137,"column":24}}},"fnMap":{"0":{"name":"(anonymous_0)","decl":{"start":{"line":25,"column":0},"end":{"line":null,"column":-1}},"loc":{"start":{"line":25,"column":0},"end":{"line":25,"column":-1}}},"1":{"name":"Iterator","decl":{"start":{"line":56,"column":4},"end":{"line":56,"column":15}},"loc":{"start":{"line":56,"column":45},"end":{"line":59,"column":5}}},"2":{"name":"(anonymous_2)","decl":{"start":{"line":30,"column":4},"end":{"line":null,"column":-1}},"loc":{"start":{"line":30,"column":4},"end":{"line":32,"column":5}}},"3":{"name":"(anonymous_3)","decl":{"start":{"line":37,"column":4},"end":{"line":null,"column":-1}},"loc":{"start":{"line":37,"column":4},"end":{"line":39,"column":5}}},"4":{"name":"(anonymous_4)","decl":{"start":{"line":44,"column":4},"end":{"line":null,"column":-1}},"loc":{"start":{"line":44,"column":4},"end":{"line":46,"column":5}}},"5":{"name":"(anonymous_5)","decl":{"start":{"line":65,"column":4},"end":{"line":null,"column":-1}},"loc":{"start":{"line":65,"column":4},"end":{"line":67,"column":5}}},"6":{"name":"(anonymous_6)","decl":{"start":{"line":73,"column":4},"end":{"line":null,"column":-1}},"loc":{"start":{"line":73,"column":4},"end":{"line":75,"column":5}}},"7":{"name":"(anonymous_7)","decl":{"start":{"line":83,"column":4},"end":{"line":null,"column":-1}},"loc":{"start":{"line":83,"column":4},"end":{"line":89,"column":5}}},"8":{"name":"(anonymous_8)","decl":{"start":{"line":97,"column":4},"end":{"line":null,"column":-1}},"loc":{"start":{"line":97,"column":4},"end":{"line":103,"column":5}}},"9":{"name":"(anonymous_9)","decl":{"start":{"line":108,"column":4},"end":{"line":null,"column":-1}},"loc":{"start":{"line":108,"column":4},"end":{"line":110,"column":5}}},"10":{"name":"(anonymous_10)","decl":{"start":{"line":115,"column":4},"end":{"line":null,"column":-1}},"loc":{"start":{"line":115,"column":4},"end":{"line":119,"column":5}}},"11":{"name":"(anonymous_11)","decl":{"start":{"line":124,"column":4},"end":{"line":null,"column":-1}},"loc":{"start":{"line":124,"column":4},"end":{"line":128,"column":5}}},"12":{"name":"(anonymous_12)","decl":{"start":{"line":130,"column":4},"end":{"line":null,"column":-1}},"loc":{"start":{"line":130,"column":4},"end":{"line":134,"column":5}}}},"branchMap":{"0":{"loc":{"start":{"line":85,"column":8},"end":{"line":87,"column":9}},"type":"if","locations":[{"start":{"line":85,"column":8},"end":{"line":87,"column":9}},{"start":{"line":85,"column":8},"end":{"line":87,"column":9}}]},"1":{"loc":{"start":{"line":99,"column":8},"end":{"line":101,"column":9}},"type":"if","locations":[{"start":{"line":99,"column":8},"end":{"line":101,"column":9}},{"start":{"line":99,"column":8},"end":{"line":101,"column":9}}]},"2":{"loc":{"start":{"line":131,"column":8},"end":{"line":133,"column":9}},"type":"if","locations":[{"start":{"line":131,"column":8},"end":{"line":133,"column":9}},{"start":{"line":131,"column":8},"end":{"line":133,"column":9}}]}},"s":{"0":5,"1":5,"2":19,"3":19,"4":19,"5":19,"6":5,"7":2679,"8":5,"9":2043,"10":5,"11":8,"12":5,"13":1637,"14":5,"15":406,"16":5,"17":823,"18":823,"19":1,"20":822,"21":5,"22":203,"23":203,"24":1,"25":202,"26":5,"27":2,"28":5,"29":1,"30":1,"31":1,"32":5,"33":3,"34":2,"35":2,"36":5,"37":1030,"38":1,"39":5,"40":5},"f":{"0":5,"1":19,"2":2679,"3":2043,"4":8,"5":1637,"6":406,"7":823,"8":203,"9":2,"10":1,"11":3,"12":1030},"b":{"0":[1,822],"1":[1,202],"2":[1,1029]}}
,"/home/deepak/Desktop/crushers/cop/bag/src/Collection/index.ts": {"path":"/home/deepak/Desktop/crushers/cop/bag/src/Collection/index.ts","statementMap":{"0":{"start":{"line":1,"column":0},"end":{"line":1,"column":53}},"1":{"start":{"line":10,"column":4},"end":{"line":10,"column":22}},"2":{"start":{"line":4,"column":0},"end":{"line":4,"column":33}},"3":{"start":{"line":9,"column":4},"end":{"line":9,"column":12}}},"fnMap":{},"branchMap":{},"s":{"0":4,"1":4,"2":4,"3":4},"f":{},"b":{}}
,"/home/deepak/Desktop/crushers/cop/bag/src/Lists/index.ts": {"path":"/home/deepak/Desktop/crushers/cop/bag/src/Lists/index.ts","statementMap":{"0":{"start":{"line":1,"column":0},"end":{"line":1,"column":34}},"1":{"start":{"line":4,"column":4},"end":{"line":4,"column":8}}},"fnMap":{},"branchMap":{},"s":{"0":4,"1":4},"f":{},"b":{}}
,"/home/deepak/Desktop/crushers/cop/bag/src/Lists/List/List.ts": {"path":"/home/deepak/Desktop/crushers/cop/bag/src/Lists/List/List.ts","statementMap":{"0":{"start":{"line":1,"column":0},"end":{"line":1,"column":51}},"1":{"start":{"line":2,"column":0},"end":{"line":2,"column":98}},"2":{"start":{"line":4,"column":0},"end":{"line":4,"column":25}},"3":{"start":{"line":6,"column":0},"end":{"line":6,"column":43}},"4":{"start":{"line":6,"column":25},"end":{"line":6,"column":49}},"5":{"start":{"line":6,"column":0},"end":{"line":184,"column":0}},"6":{"start":{"line":11,"column":12},"end":{"line":11,"column":44}},"7":{"start":{"line":12,"column":12},"end":{"line":12,"column":32}},"8":{"start":{"line":8,"column":4},"end":{"line":10,"column":5}},"9":{"start":{"line":9,"column":8},"end":{"line":9,"column":40}},"10":{"start":{"line":14,"column":11},"end":{"line":17,"column":5}},"11":{"start":{"line":15,"column":8},"end":{"line":15,"column":26}},"12":{"start":{"line":16,"column":8},"end":{"line":16,"column":25}},"13":{"start":{"line":19,"column":11},"end":{"line":25,"column":5}},"14":{"start":{"line":20,"column":21},"end":{"line":20,"column":59}},"15":{"start":{"line":21,"column":21},"end":{"line":21,"column":37}},"16":{"start":{"line":22,"column":8},"end":{"line":22,"column":26}},"17":{"start":{"line":23,"column":8},"end":{"line":23,"column":36}},"18":{"start":{"line":24,"column":8},"end":{"line":24,"column":20}},"19":{"start":{"line":27,"column":11},"end":{"line":44,"column":5}},"20":{"start":{"line":28,"column":8},"end":{"line":28,"column":27}},"21":{"start":{"line":29,"column":19},"end":{"line":29,"column":28}},"22":{"start":{"line":30,"column":8},"end":{"line":34,"column":9}},"23":{"start":{"line":31,"column":12},"end":{"line":31,"column":35}},"24":{"start":{"line":32,"column":12},"end":{"line":32,"column":27}},"25":{"start":{"line":33,"column":12},"end":{"line":33,"column":30}},"26":{"start":{"line":35,"column":8},"end":{"line":42,"column":9}},"27":{"start":{"line":36,"column":12},"end":{"line":40,"column":13}},"28":{"start":{"line":37,"column":16},"end":{"line":37,"column":31}},"29":{"start":{"line":38,"column":16},"end":{"line":38,"column":43}},"30":{"start":{"line":39,"column":16},"end":{"line":39,"column":29}},"31":{"start":{"line":41,"column":12},"end":{"line":41,"column":29}},"32":{"start":{"line":43,"column":8},"end":{"line":43,"column":38}},"33":{"start":{"line":46,"column":11},"end":{"line":52,"column":5}},"34":{"start":{"line":47,"column":8},"end":{"line":47,"column":27}},"35":{"start":{"line":48,"column":18},"end":{"line":48,"column":27}},"36":{"start":{"line":49,"column":8},"end":{"line":49,"column":28}},"37":{"start":{"line":50,"column":8},"end":{"line":50,"column":23}},"38":{"start":{"line":51,"column":8},"end":{"line":51,"column":23}},"39":{"start":{"line":54,"column":11},"end":{"line":69,"column":5}},"40":{"start":{"line":55,"column":8},"end":{"line":55,"column":27}},"41":{"start":{"line":56,"column":19},"end":{"line":56,"column":28}},"42":{"start":{"line":57,"column":8},"end":{"line":61,"column":9}},"43":{"start":{"line":58,"column":12},"end":{"line":58,"column":30}},"44":{"start":{"line":59,"column":12},"end":{"line":59,"column":27}},"45":{"start":{"line":60,"column":12},"end":{"line":60,"column":30}},"46":{"start":{"line":62,"column":8},"end":{"line":64,"column":9}},"47":{"start":{"line":63,"column":12},"end":{"line":63,"column":43}},"48":{"start":{"line":65,"column":21},"end":{"line":65,"column":44}},"49":{"start":{"line":66,"column":8},"end":{"line":66,"column":25}},"50":{"start":{"line":67,"column":8},"end":{"line":67,"column":23}},"51":{"start":{"line":68,"column":8},"end":{"line":68,"column":26}},"52":{"start":{"line":71,"column":11},"end":{"line":82,"column":5}},"53":{"start":{"line":72,"column":19},"end":{"line":72,"column":29}},"54":{"start":{"line":73,"column":8},"end":{"line":75,"column":9}},"55":{"start":{"line":74,"column":12},"end":{"line":74,"column":22}},"56":{"start":{"line":76,"column":32},"end":{"line":76,"column":34}},"57":{"start":{"line":77,"column":8},"end":{"line":80,"column":23}},"58":{"start":{"line":78,"column":12},"end":{"line":78,"column":37}},"59":{"start":{"line":79,"column":12},"end":{"line":79,"column":29}},"60":{"start":{"line":81,"column":8},"end":{"line":81,"column":23}},"61":{"start":{"line":84,"column":11},"end":{"line":92,"column":5}},"62":{"start":{"line":85,"column":20},"end":{"line":85,"column":40}},"63":{"start":{"line":86,"column":21},"end":{"line":86,"column":29}},"64":{"start":{"line":87,"column":21},"end":{"line":87,"column":42}},"65":{"start":{"line":88,"column":8},"end":{"line":88,"column":24}},"66":{"start":{"line":89,"column":8},"end":{"line":89,"column":25}},"67":{"start":{"line":90,"column":8},"end":{"line":90,"column":23}},"68":{"start":{"line":91,"column":8},"end":{"line":91,"column":20}},"69":{"start":{"line":94,"column":11},"end":{"line":116,"column":5}},"70":{"start":{"line":95,"column":8},"end":{"line":97,"column":9}},"71":{"start":{"line":96,"column":12},"end":{"line":96,"column":45}},"72":{"start":{"line":98,"column":21},"end":{"line":98,"column":42}},"73":{"start":{"line":99,"column":8},"end":{"line":104,"column":9}},"74":{"start":{"line":100,"column":12},"end":{"line":100,"column":34}},"75":{"start":{"line":101,"column":12},"end":{"line":101,"column":30}},"76":{"start":{"line":102,"column":12},"end":{"line":102,"column":27}},"77":{"start":{"line":103,"column":12},"end":{"line":103,"column":24}},"78":{"start":{"line":105,"column":16},"end":{"line":105,"column":21}},"79":{"start":{"line":106,"column":19},"end":{"line":106,"column":28}},"80":{"start":{"line":107,"column":8},"end":{"line":110,"column":9}},"81":{"start":{"line":108,"column":12},"end":{"line":108,"column":43}},"82":{"start":{"line":109,"column":12},"end":{"line":109,"column":16}},"83":{"start":{"line":111,"column":8},"end":{"line":111,"column":23}},"84":{"start":{"line":112,"column":21},"end":{"line":112,"column":30}},"85":{"start":{"line":113,"column":8},"end":{"line":113,"column":25}},"86":{"start":{"line":114,"column":8},"end":{"line":114,"column":25}},"87":{"start":{"line":115,"column":8},"end":{"line":115,"column":20}},"88":{"start":{"line":118,"column":11},"end":{"line":124,"column":5}},"89":{"start":{"line":119,"column":8},"end":{"line":119,"column":23}},"90":{"start":{"line":120,"column":21},"end":{"line":120,"column":42}},"91":{"start":{"line":121,"column":8},"end":{"line":121,"column":31}},"92":{"start":{"line":122,"column":8},"end":{"line":122,"column":26}},"93":{"start":{"line":123,"column":8},"end":{"line":123,"column":20}},"94":{"start":{"line":126,"column":11},"end":{"line":140,"column":5}},"95":{"start":{"line":127,"column":21},"end":{"line":127,"column":42}},"96":{"start":{"line":128,"column":8},"end":{"line":132,"column":9}},"97":{"start":{"line":129,"column":12},"end":{"line":129,"column":30}},"98":{"start":{"line":130,"column":12},"end":{"line":130,"column":27}},"99":{"start":{"line":131,"column":12},"end":{"line":131,"column":24}},"100":{"start":{"line":133,"column":19},"end":{"line":133,"column":28}},"101":{"start":{"line":134,"column":8},"end":{"line":136,"column":9}},"102":{"start":{"line":135,"column":12},"end":{"line":135,"column":29}},"103":{"start":{"line":137,"column":8},"end":{"line":137,"column":25}},"104":{"start":{"line":138,"column":8},"end":{"line":138,"column":23}},"105":{"start":{"line":139,"column":8},"end":{"line":139,"column":20}},"106":{"start":{"line":142,"column":11},"end":{"line":160,"column":5}},"107":{"start":{"line":143,"column":8},"end":{"line":143,"column":27}},"108":{"start":{"line":144,"column":19},"end":{"line":144,"column":28}},"109":{"start":{"line":145,"column":8},"end":{"line":147,"column":9}},"110":{"start":{"line":146,"column":12},"end":{"line":146,"column":42}},"111":{"start":{"line":148,"column":8},"end":{"line":150,"column":9}},"112":{"start":{"line":149,"column":12},"end":{"line":149,"column":43}},"113":{"start":{"line":151,"column":8},"end":{"line":153,"column":9}},"114":{"start":{"line":152,"column":12},"end":{"line":152,"column":42}},"115":{"start":{"line":154,"column":22},"end":{"line":154,"column":31}},"116":{"start":{"line":155,"column":21},"end":{"line":155,"column":42}},"117":{"start":{"line":156,"column":8},"end":{"line":156,"column":25}},"118":{"start":{"line":157,"column":8},"end":{"line":157,"column":26}},"119":{"start":{"line":158,"column":8},"end":{"line":158,"column":23}},"120":{"start":{"line":159,"column":8},"end":{"line":159,"column":20}},"121":{"start":{"line":162,"column":11},"end":{"line":164,"column":5}},"122":{"start":{"line":163,"column":8},"end":{"line":163,"column":28}},"123":{"start":{"line":166,"column":12},"end":{"line":176,"column":5}},"124":{"start":{"line":167,"column":8},"end":{"line":167,"column":27}},"125":{"start":{"line":168,"column":38},"end":{"line":168,"column":47}},"126":{"start":{"line":169,"column":8},"end":{"line":174,"column":23}},"127":{"start":{"line":170,"column":12},"end":{"line":172,"column":13}},"128":{"start":{"line":171,"column":16},"end":{"line":171,"column":28}},"129":{"start":{"line":173,"column":12},"end":{"line":173,"column":29}},"130":{"start":{"line":175,"column":8},"end":{"line":175,"column":38}},"131":{"start":{"line":178,"column":12},"end":{"line":182,"column":5}},"132":{"start":{"line":179,"column":8},"end":{"line":181,"column":9}},"133":{"start":{"line":180,"column":12},"end":{"line":180,"column":49}},"134":{"start":{"line":184,"column":0},"end":{"line":184,"column":1}},"135":{"start":{"line":186,"column":0},"end":{"line":186,"column":20}}},"fnMap":{"0":{"name":"(anonymous_7)","decl":{"start":{"line":6,"column":0},"end":{"line":null,"column":-1}},"loc":{"start":{"line":6,"column":0},"end":{"line":6,"column":-1}}},"1":{"name":"(anonymous_9)","decl":{"start":{"line":8,"column":4},"end":{"line":null,"column":-1}},"loc":{"start":{"line":8,"column":4},"end":{"line":10,"column":5}}},"2":{"name":"(anonymous_10)","decl":{"start":{"line":14,"column":4},"end":{"line":null,"column":-1}},"loc":{"start":{"line":14,"column":4},"end":{"line":17,"column":5}}},"3":{"name":"(anonymous_11)","decl":{"start":{"line":19,"column":4},"end":{"line":null,"column":-1}},"loc":{"start":{"line":19,"column":4},"end":{"line":25,"column":5}}},"4":{"name":"(anonymous_12)","decl":{"start":{"line":27,"column":4},"end":{"line":27,"column":17}},"loc":{"start":{"line":27,"column":29},"end":{"line":44,"column":5}}},"5":{"name":"(anonymous_13)","decl":{"start":{"line":46,"column":4},"end":{"line":null,"column":-1}},"loc":{"start":{"line":46,"column":4},"end":{"line":52,"column":5}}},"6":{"name":"(anonymous_14)","decl":{"start":{"line":54,"column":4},"end":{"line":null,"column":-1}},"loc":{"start":{"line":54,"column":4},"end":{"line":69,"column":5}}},"7":{"name":"(anonymous_15)","decl":{"start":{"line":71,"column":4},"end":{"line":null,"column":-1}},"loc":{"start":{"line":71,"column":4},"end":{"line":82,"column":5}}},"8":{"name":"(anonymous_16)","decl":{"start":{"line":84,"column":4},"end":{"line":84,"column":22}},"loc":{"start":{"line":84,"column":48},"end":{"line":92,"column":5}}},"9":{"name":"(anonymous_17)","decl":{"start":{"line":94,"column":4},"end":{"line":94,"column":19}},"loc":{"start":{"line":94,"column":46},"end":{"line":116,"column":5}}},"10":{"name":"(anonymous_18)","decl":{"start":{"line":118,"column":4},"end":{"line":118,"column":28}},"loc":{"start":{"line":118,"column":40},"end":{"line":124,"column":5}}},"11":{"name":"(anonymous_19)","decl":{"start":{"line":126,"column":4},"end":{"line":126,"column":22}},"loc":{"start":{"line":126,"column":34},"end":{"line":140,"column":5}}},"12":{"name":"(anonymous_20)","decl":{"start":{"line":142,"column":4},"end":{"line":142,"column":23}},"loc":{"start":{"line":142,"column":49},"end":{"line":160,"column":5}}},"13":{"name":"(anonymous_21)","decl":{"start":{"line":162,"column":4},"end":{"line":null,"column":-1}},"loc":{"start":{"line":162,"column":4},"end":{"line":164,"column":5}}},"14":{"name":"(anonymous_22)","decl":{"start":{"line":166,"column":4},"end":{"line":166,"column":19}},"loc":{"start":{"line":166,"column":31},"end":{"line":176,"column":5}}},"15":{"name":"(anonymous_23)","decl":{"start":{"line":178,"column":4},"end":{"line":null,"column":-1}},"loc":{"start":{"line":178,"column":4},"end":{"line":182,"column":5}}}},"branchMap":{"0":{"loc":{"start":{"line":6,"column":0},"end":{"line":184,"column":0}},"type":"binary-expr","locations":[{"start":{"line":6,"column":0},"end":{"line":184,"column":0}},{"start":{"line":6,"column":0},"end":{"line":184,"column":0}},{"start":{"line":6,"column":0},"end":{"line":184,"column":0}}]},"1":{"loc":{"start":{"line":20,"column":34},"end":{"line":20,"column":52}},"type":"cond-expr","locations":[{"start":{"line":20,"column":34},"end":{"line":20,"column":52}},{"start":{"line":20,"column":55},"end":{"line":20,"column":59}}]},"2":{"loc":{"start":{"line":30,"column":8},"end":{"line":34,"column":9}},"type":"if","locations":[{"start":{"line":30,"column":8},"end":{"line":34,"column":9}},{"start":{"line":30,"column":8},"end":{"line":34,"column":9}}]},"3":{"loc":{"start":{"line":36,"column":12},"end":{"line":40,"column":13}},"type":"if","locations":[{"start":{"line":36,"column":12},"end":{"line":40,"column":13}},{"start":{"line":36,"column":12},"end":{"line":40,"column":13}}]},"4":{"loc":{"start":{"line":57,"column":8},"end":{"line":61,"column":9}},"type":"if","locations":[{"start":{"line":57,"column":8},"end":{"line":61,"column":9}},{"start":{"line":57,"column":8},"end":{"line":61,"column":9}}]},"5":{"loc":{"start":{"line":73,"column":8},"end":{"line":75,"column":9}},"type":"if","locations":[{"start":{"line":73,"column":8},"end":{"line":75,"column":9}},{"start":{"line":73,"column":8},"end":{"line":75,"column":9}}]},"6":{"loc":{"start":{"line":95,"column":8},"end":{"line":97,"column":9}},"type":"if","locations":[{"start":{"line":95,"column":8},"end":{"line":97,"column":9}},{"start":{"line":95,"column":8},"end":{"line":97,"column":9}}]},"7":{"loc":{"start":{"line":99,"column":8},"end":{"line":104,"column":9}},"type":"if","locations":[{"start":{"line":99,"column":8},"end":{"line":104,"column":9}},{"start":{"line":99,"column":8},"end":{"line":104,"column":9}}]},"8":{"loc":{"start":{"line":128,"column":8},"end":{"line":132,"column":9}},"type":"if","locations":[{"start":{"line":128,"column":8},"end":{"line":132,"column":9}},{"start":{"line":128,"column":8},"end":{"line":132,"column":9}}]},"9":{"loc":{"start":{"line":145,"column":8},"end":{"line":147,"column":9}},"type":"if","locations":[{"start":{"line":145,"column":8},"end":{"line":147,"column":9}},{"start":{"line":145,"column":8},"end":{"line":147,"column":9}}]},"10":{"loc":{"start":{"line":145,"column":12},"end":{"line":145,"column":30}},"type":"binary-expr","locations":[{"start":{"line":145,"column":12},"end":{"line":145,"column":30}},{"start":{"line":145,"column":34},"end":{"line":145,"column":55}}]},"11":{"loc":{"start":{"line":148,"column":15},"end":{"line":148,"column":24}},"type":"binary-expr","locations":[{"start":{"line":148,"column":15},"end":{"line":148,"column":24}},{"start":{"line":148,"column":29},"end":{"line":148,"column":70}}]},"12":{"loc":{"start":{"line":151,"column":8},"end":{"line":153,"column":9}},"type":"if","locations":[{"start":{"line":151,"column":8},"end":{"line":153,"column":9}},{"start":{"line":151,"column":8},"end":{"line":153,"column":9}}]},"13":{"loc":{"start":{"line":170,"column":12},"end":{"line":172,"column":13}},"type":"if","locations":[{"start":{"line":170,"column":12},"end":{"line":172,"column":13}},{"start":{"line":170,"column":12},"end":{"line":172,"column":13}}]},"14":{"loc":{"start":{"line":179,"column":8},"end":{"line":181,"column":9}},"type":"if","locations":[{"start":{"line":179,"column":8},"end":{"line":181,"column":9}},{"start":{"line":179,"column":8},"end":{"line":181,"column":9}}]}},"s":{"0":4,"1":4,"2":4,"3":4,"4":4,"5":12,"6":12,"7":12,"8":4,"9":36,"10":4,"11":3,"12":3,"13":4,"14":2,"15":2,"16":2,"17":2,"18":2,"19":4,"20":3,"21":3,"22":3,"23":1,"24":1,"25":1,"26":2,"27":4,"28":1,"29":1,"30":1,"31":3,"32":1,"33":4,"34":3,"35":2,"36":2,"37":2,"38":2,"39":4,"40":5,"41":4,"42":4,"43":1,"44":1,"45":1,"46":3,"47":4,"48":3,"49":3,"50":3,"51":3,"52":4,"53":15,"54":15,"55":1,"56":14,"57":14,"58":55,"59":55,"60":14,"61":4,"62":2,"63":1,"64":1,"65":1,"66":1,"67":1,"68":1,"69":4,"70":3,"71":1,"72":2,"73":2,"74":1,"75":1,"76":1,"77":1,"78":1,"79":1,"80":1,"81":2,"82":2,"83":1,"84":1,"85":1,"86":1,"87":1,"88":4,"89":5,"90":5,"91":5,"92":5,"93":5,"94":4,"95":27,"96":27,"97":7,"98":7,"99":7,"100":20,"101":20,"102":22,"103":20,"104":20,"105":20,"106":4,"107":4,"108":3,"109":3,"110":1,"111":2,"112":4,"113":2,"114":1,"115":1,"116":1,"117":1,"118":1,"119":1,"120":1,"121":4,"122":26,"123":4,"124":2,"125":2,"126":2,"127":7,"128":1,"129":6,"130":1,"131":4,"132":17,"133":3,"134":4,"135":4},"f":{"0":16,"1":36,"2":3,"3":2,"4":3,"5":3,"6":5,"7":15,"8":2,"9":3,"10":5,"11":27,"12":4,"13":26,"14":2,"15":17},"b":{"0":[12,12,12],"1":[1,1],"2":[1,2],"3":[1,3],"4":[1,3],"5":[1,14],"6":[1,2],"7":[1,1],"8":[7,20],"9":[1,2],"10":[3,1],"11":[6,5],"12":[1,1],"13":[1,6],"14":[3,14]}}
,"/home/deepak/Desktop/crushers/cop/bag/src/Lists/List/Node.ts": {"path":"/home/deepak/Desktop/crushers/cop/bag/src/Lists/List/Node.ts","statementMap":{"0":{"start":{"line":1,"column":0},"end":{"line":1,"column":53}},"1":{"start":{"line":5,"column":0},"end":{"line":5,"column":37}},"2":{"start":{"line":5,"column":25},"end":{"line":5,"column":43}},"3":{"start":{"line":11,"column":4},"end":{"line":13,"column":5}},"4":{"start":{"line":12,"column":8},"end":{"line":12,"column":45}},"5":{"start":{"line":16,"column":8},"end":{"line":16,"column":26}},"6":{"start":{"line":19,"column":11},"end":{"line":27,"column":5}},"7":{"start":{"line":20,"column":21},"end":{"line":20,"column":48}},"8":{"start":{"line":21,"column":31},"end":{"line":21,"column":35}},"9":{"start":{"line":22,"column":8},"end":{"line":25,"column":9}},"10":{"start":{"line":23,"column":12},"end":{"line":23,"column":49}},"11":{"start":{"line":24,"column":12},"end":{"line":24,"column":29}},"12":{"start":{"line":26,"column":8},"end":{"line":26,"column":20}},"13":{"start":{"line":28,"column":0},"end":{"line":28,"column":1}},"14":{"start":{"line":30,"column":0},"end":{"line":30,"column":20}}},"fnMap":{"0":{"name":"(anonymous_6)","decl":{"start":{"line":5,"column":0},"end":{"line":null,"column":-1}},"loc":{"start":{"line":5,"column":0},"end":{"line":5,"column":-1}}},"1":{"name":"Node","decl":{"start":{"line":7,"column":4},"end":{"line":7,"column":15}},"loc":{"start":{"line":7,"column":27},"end":{"line":9,"column":5}}},"2":{"name":"(anonymous_8)","decl":{"start":{"line":11,"column":4},"end":{"line":null,"column":-1}},"loc":{"start":{"line":11,"column":4},"end":{"line":13,"column":5}}},"3":{"name":"(anonymous_9)","decl":{"start":{"line":15,"column":4},"end":{"line":15,"column":19}},"loc":{"start":{"line":15,"column":41},"end":{"line":17,"column":5}}},"4":{"name":"(anonymous_10)","decl":{"start":{"line":19,"column":4},"end":{"line":null,"column":-1}},"loc":{"start":{"line":19,"column":4},"end":{"line":27,"column":5}}}},"branchMap":{"0":{"loc":{"start":{"line":8,"column":8},"end":{"line":8,"column":20}},"type":"binary-expr","locations":[{"start":{"line":8,"column":8},"end":{"line":8,"column":20}},{"start":{"line":8,"column":20},"end":{"line":null,"column":-1}}]}},"s":{"0":4,"1":4,"2":4,"3":4,"4":169,"5":35,"6":4,"7":5,"8":5,"9":5,"10":10,"11":10,"12":5,"13":4,"14":4},"f":{"0":4,"1":36,"2":169,"3":35,"4":5},"b":{"0":[36,36]}}
,"/home/deepak/Desktop/crushers/cop/bag/src/Lists/List/index.ts": {"path":"/home/deepak/Desktop/crushers/cop/bag/src/Lists/List/index.ts","statementMap":{"0":{"start":{"line":2,"column":0},"end":{"line":2,"column":25}},"1":{"start":{"line":3,"column":0},"end":{"line":3,"column":25}},"2":{"start":{"line":7,"column":4},"end":{"line":7,"column":8}},"3":{"start":{"line":9,"column":0},"end":{"line":9,"column":20}}},"fnMap":{},"branchMap":{},"s":{"0":4,"1":4,"2":4,"3":4},"f":{},"b":{}}
,"/home/deepak/Desktop/crushers/cop/bag/src/Matrix/Matrix.ts": {"path":"/home/deepak/Desktop/crushers/cop/bag/src/Matrix/Matrix.ts","statementMap":{"0":{"start":{"line":1,"column":0},"end":{"line":1,"column":65}},"1":{"start":{"line":2,"column":0},"end":{"line":2,"column":50}},"2":{"start":{"line":3,"column":0},"end":{"line":3,"column":39}},"3":{"start":{"line":6,"column":0},"end":{"line":6,"column":45}},"4":{"start":{"line":6,"column":27},"end":{"line":6,"column":51}},"5":{"start":{"line":43,"column":16},"end":{"line":43,"column":47}},"6":{"start":{"line":44,"column":8},"end":{"line":44,"column":15}},"7":{"start":{"line":45,"column":8},"end":{"line":45,"column":46}},"8":{"start":{"line":46,"column":8},"end":{"line":46,"column":30}},"9":{"start":{"line":8,"column":4},"end":{"line":10,"column":5}},"10":{"start":{"line":9,"column":8},"end":{"line":9,"column":30}},"11":{"start":{"line":12,"column":4},"end":{"line":14,"column":5}},"12":{"start":{"line":13,"column":8},"end":{"line":13,"column":30}},"13":{"start":{"line":16,"column":4},"end":{"line":18,"column":5}},"14":{"start":{"line":17,"column":8},"end":{"line":17,"column":28}},"15":{"start":{"line":21,"column":8},"end":{"line":21,"column":46}},"16":{"start":{"line":22,"column":8},"end":{"line":22,"column":30}},"17":{"start":{"line":25,"column":18},"end":{"line":30,"column":5}},"18":{"start":{"line":26,"column":18},"end":{"line":26,"column":31}},"19":{"start":{"line":27,"column":14},"end":{"line":27,"column":28}},"20":{"start":{"line":27,"column":15},"end":{"line":27,"column":28}},"21":{"start":{"line":28,"column":18},"end":{"line":28,"column":28}},"22":{"start":{"line":29,"column":8},"end":{"line":29,"column":22}},"23":{"start":{"line":32,"column":18},"end":{"line":34,"column":5}},"24":{"start":{"line":33,"column":8},"end":{"line":33,"column":60}},"25":{"start":{"line":36,"column":18},"end":{"line":38,"column":5}},"26":{"start":{"line":37,"column":8},"end":{"line":37,"column":71}},"27":{"start":{"line":49,"column":11},"end":{"line":52,"column":5}},"28":{"start":{"line":50,"column":8},"end":{"line":50,"column":33}},"29":{"start":{"line":51,"column":8},"end":{"line":51,"column":33}},"30":{"start":{"line":54,"column":11},"end":{"line":57,"column":5}},"31":{"start":{"line":55,"column":8},"end":{"line":55,"column":33}},"32":{"start":{"line":56,"column":8},"end":{"line":56,"column":34}},"33":{"start":{"line":59,"column":11},"end":{"line":61,"column":5}},"34":{"start":{"line":60,"column":8},"end":{"line":60,"column":27}},"35":{"start":{"line":63,"column":11},"end":{"line":65,"column":5}},"36":{"start":{"line":64,"column":8},"end":{"line":64,"column":70}},"37":{"start":{"line":67,"column":11},"end":{"line":71,"column":5}},"38":{"start":{"line":68,"column":8},"end":{"line":70,"column":70}},"39":{"start":{"line":70,"column":45},"end":{"line":70,"column":63}},"40":{"start":{"line":73,"column":11},"end":{"line":75,"column":5}},"41":{"start":{"line":74,"column":8},"end":{"line":74,"column":31}},"42":{"start":{"line":77,"column":11},"end":{"line":79,"column":5}},"43":{"start":{"line":78,"column":8},"end":{"line":78,"column":68}},"44":{"start":{"line":81,"column":11},"end":{"line":84,"column":5}},"45":{"start":{"line":82,"column":8},"end":{"line":82,"column":57}},"46":{"start":{"line":83,"column":8},"end":{"line":83,"column":20}},"47":{"start":{"line":86,"column":11},"end":{"line":88,"column":5}},"48":{"start":{"line":87,"column":8},"end":{"line":87,"column":96}},"49":{"start":{"line":90,"column":11},"end":{"line":93,"column":5}},"50":{"start":{"line":91,"column":8},"end":{"line":91,"column":72}},"51":{"start":{"line":92,"column":8},"end":{"line":92,"column":20}},"52":{"start":{"line":95,"column":11},"end":{"line":97,"column":5}},"53":{"start":{"line":96,"column":8},"end":{"line":96,"column":43}},"54":{"start":{"line":99,"column":11},"end":{"line":102,"column":5}},"55":{"start":{"line":100,"column":8},"end":{"line":100,"column":49}},"56":{"start":{"line":101,"column":8},"end":{"line":101,"column":20}},"57":{"start":{"line":104,"column":14},"end":{"line":108,"column":5}},"58":{"start":{"line":105,"column":8},"end":{"line":107,"column":9}},"59":{"start":{"line":106,"column":12},"end":{"line":106,"column":45}},"60":{"start":{"line":109,"column":0},"end":{"line":109,"column":1}},"61":{"start":{"line":111,"column":0},"end":{"line":111,"column":22}}},"fnMap":{"0":{"name":"(anonymous_9)","decl":{"start":{"line":6,"column":0},"end":{"line":null,"column":-1}},"loc":{"start":{"line":6,"column":0},"end":{"line":6,"column":-1}}},"1":{"name":"Matrix","decl":{"start":{"line":43,"column":4},"end":{"line":43,"column":15}},"loc":{"start":{"line":43,"column":47},"end":{"line":47,"column":5}}},"2":{"name":"(anonymous_11)","decl":{"start":{"line":8,"column":4},"end":{"line":null,"column":-1}},"loc":{"start":{"line":8,"column":4},"end":{"line":10,"column":5}}},"3":{"name":"(anonymous_12)","decl":{"start":{"line":12,"column":4},"end":{"line":null,"column":-1}},"loc":{"start":{"line":12,"column":4},"end":{"line":14,"column":5}}},"4":{"name":"(anonymous_13)","decl":{"start":{"line":16,"column":4},"end":{"line":null,"column":-1}},"loc":{"start":{"line":16,"column":4},"end":{"line":18,"column":5}}},"5":{"name":"(anonymous_14)","decl":{"start":{"line":20,"column":4},"end":{"line":20,"column":21}},"loc":{"start":{"line":20,"column":46},"end":{"line":23,"column":5}}},"6":{"name":"(anonymous_15)","decl":{"start":{"line":25,"column":4},"end":{"line":25,"column":26}},"loc":{"start":{"line":25,"column":50},"end":{"line":30,"column":5}}},"7":{"name":"(anonymous_16)","decl":{"start":{"line":32,"column":4},"end":{"line":32,"column":22}},"loc":{"start":{"line":32,"column":53},"end":{"line":34,"column":5}}},"8":{"name":"(anonymous_17)","decl":{"start":{"line":36,"column":4},"end":{"line":36,"column":24}},"loc":{"start":{"line":36,"column":55},"end":{"line":38,"column":5}}},"9":{"name":"(anonymous_18)","decl":{"start":{"line":49,"column":4},"end":{"line":49,"column":14}},"loc":{"start":{"line":49,"column":46},"end":{"line":52,"column":5}}},"10":{"name":"(anonymous_19)","decl":{"start":{"line":54,"column":4},"end":{"line":54,"column":14}},"loc":{"start":{"line":54,"column":35},"end":{"line":57,"column":5}}},"11":{"name":"(anonymous_20)","decl":{"start":{"line":59,"column":4},"end":{"line":null,"column":-1}},"loc":{"start":{"line":59,"column":4},"end":{"line":61,"column":5}}},"12":{"name":"(anonymous_21)","decl":{"start":{"line":63,"column":4},"end":{"line":null,"column":-1}},"loc":{"start":{"line":63,"column":4},"end":{"line":65,"column":5}}},"13":{"name":"(anonymous_22)","decl":{"start":{"line":67,"column":4},"end":{"line":null,"column":-1}},"loc":{"start":{"line":67,"column":4},"end":{"line":71,"column":5}}},"14":{"name":"(anonymous_23)","decl":{"start":{"line":70,"column":20},"end":{"line":70,"column":20}},"loc":{"start":{"line":70,"column":40},"end":{"line":70,"column":64}}},"15":{"name":"(anonymous_24)","decl":{"start":{"line":73,"column":4},"end":{"line":null,"column":-1}},"loc":{"start":{"line":73,"column":4},"end":{"line":75,"column":5}}},"16":{"name":"(anonymous_25)","decl":{"start":{"line":77,"column":4},"end":{"line":null,"column":-1}},"loc":{"start":{"line":77,"column":4},"end":{"line":79,"column":5}}},"17":{"name":"(anonymous_26)","decl":{"start":{"line":81,"column":4},"end":{"line":null,"column":-1}},"loc":{"start":{"line":81,"column":4},"end":{"line":84,"column":5}}},"18":{"name":"(anonymous_27)","decl":{"start":{"line":86,"column":4},"end":{"line":86,"column":18}},"loc":{"start":{"line":86,"column":79},"end":{"line":88,"column":5}}},"19":{"name":"(anonymous_28)","decl":{"start":{"line":90,"column":4},"end":{"line":90,"column":25}},"loc":{"start":{"line":90,"column":86},"end":{"line":93,"column":5}}},"20":{"name":"(anonymous_29)","decl":{"start":{"line":95,"column":4},"end":{"line":95,"column":17}},"loc":{"start":{"line":95,"column":38},"end":{"line":97,"column":5}}},"21":{"name":"(anonymous_30)","decl":{"start":{"line":99,"column":4},"end":{"line":99,"column":24}},"loc":{"start":{"line":99,"column":45},"end":{"line":102,"column":5}}},"22":{"name":"(anonymous_31)","decl":{"start":{"line":104,"column":4},"end":{"line":104,"column":27}},"loc":{"start":{"line":104,"column":48},"end":{"line":108,"column":5}}}},"branchMap":{"0":{"loc":{"start":{"line":43,"column":16},"end":{"line":43,"column":47}},"type":"if","locations":[{"start":{"line":43,"column":16},"end":{"line":43,"column":47}},{"start":{"line":43,"column":16},"end":{"line":43,"column":47}}]},"1":{"loc":{"start":{"line":44,"column":8},"end":{"line":44,"column":15}},"type":"binary-expr","locations":[{"start":{"line":44,"column":8},"end":{"line":44,"column":15}},{"start":{"line":44,"column":15},"end":{"line":47,"column":4}}]},"2":{"loc":{"start":{"line":105,"column":8},"end":{"line":107,"column":9}},"type":"if","locations":[{"start":{"line":105,"column":8},"end":{"line":107,"column":9}},{"start":{"line":105,"column":8},"end":{"line":107,"column":9}}]},"3":{"loc":{"start":{"line":105,"column":12},"end":{"line":105,"column":23}},"type":"binary-expr","locations":[{"start":{"line":105,"column":12},"end":{"line":105,"column":23}},{"start":{"line":105,"column":27},"end":{"line":105,"column":38}}]}},"s":{"0":5,"1":5,"2":5,"3":5,"4":5,"5":8,"6":8,"7":8,"8":8,"9":5,"10":0,"11":5,"12":0,"13":5,"14":8,"15":0,"16":0,"17":5,"18":20,"19":20,"20":20,"21":20,"22":20,"23":5,"24":0,"25":5,"26":0,"27":5,"28":0,"29":0,"30":5,"31":0,"32":0,"33":5,"34":0,"35":5,"36":0,"37":5,"38":0,"39":0,"40":5,"41":0,"42":5,"43":1,"44":5,"45":0,"46":0,"47":5,"48":0,"49":5,"50":0,"51":0,"52":5,"53":0,"54":5,"55":0,"56":0,"57":5,"58":0,"59":0,"60":5,"61":5},"f":{"0":5,"1":8,"2":0,"3":0,"4":8,"5":0,"6":20,"7":0,"8":0,"9":0,"10":0,"11":0,"12":0,"13":0,"14":0,"15":0,"16":1,"17":0,"18":0,"19":0,"20":0,"21":0,"22":0},"b":{"0":[0,8],"1":[8,8],"2":[0,0],"3":[0,0]}}
,"/home/deepak/Desktop/crushers/cop/bag/src/Matrix/MatrixOp.ts": {"path":"/home/deepak/Desktop/crushers/cop/bag/src/Matrix/MatrixOp.ts","statementMap":{"0":{"start":{"line":1,"column":0},"end":{"line":1,"column":22}},"1":{"start":{"line":2,"column":0},"end":{"line":2,"column":29}},"2":{"start":{"line":3,"column":0},"end":{"line":3,"column":39}},"3":{"start":{"line":6,"column":0},"end":{"line":6,"column":29}},"4":{"start":{"line":6,"column":23},"end":{"line":6,"column":37}},"5":{"start":{"line":8,"column":18},"end":{"line":10,"column":5}},"6":{"start":{"line":9,"column":8},"end":{"line":9,"column":53}},"7":{"start":{"line":12,"column":18},"end":{"line":14,"column":5}},"8":{"start":{"line":13,"column":8},"end":{"line":13,"column":57}},"9":{"start":{"line":16,"column":19},"end":{"line":18,"column":5}},"10":{"start":{"line":17,"column":8},"end":{"line":17,"column":59}},"11":{"start":{"line":20,"column":11},"end":{"line":22,"column":5}},"12":{"start":{"line":21,"column":8},"end":{"line":21,"column":62}},"13":{"start":{"line":24,"column":11},"end":{"line":27,"column":5}},"14":{"start":{"line":25,"column":8},"end":{"line":25,"column":44}},"15":{"start":{"line":26,"column":8},"end":{"line":26,"column":20}},"16":{"start":{"line":29,"column":11},"end":{"line":31,"column":5}},"17":{"start":{"line":30,"column":8},"end":{"line":30,"column":90}},"18":{"start":{"line":33,"column":11},"end":{"line":36,"column":5}},"19":{"start":{"line":34,"column":8},"end":{"line":34,"column":51}},"20":{"start":{"line":35,"column":8},"end":{"line":35,"column":20}},"21":{"start":{"line":38,"column":11},"end":{"line":40,"column":5}},"22":{"start":{"line":39,"column":8},"end":{"line":39,"column":85}},"23":{"start":{"line":42,"column":11},"end":{"line":45,"column":5}},"24":{"start":{"line":43,"column":8},"end":{"line":43,"column":46}},"25":{"start":{"line":44,"column":8},"end":{"line":44,"column":20}},"26":{"start":{"line":47,"column":11},"end":{"line":49,"column":5}},"27":{"start":{"line":48,"column":8},"end":{"line":48,"column":85}},"28":{"start":{"line":51,"column":11},"end":{"line":54,"column":5}},"29":{"start":{"line":52,"column":8},"end":{"line":52,"column":46}},"30":{"start":{"line":53,"column":8},"end":{"line":53,"column":20}},"31":{"start":{"line":56,"column":11},"end":{"line":58,"column":5}},"32":{"start":{"line":57,"column":8},"end":{"line":57,"column":68}},"33":{"start":{"line":60,"column":11},"end":{"line":63,"column":5}},"34":{"start":{"line":61,"column":8},"end":{"line":61,"column":48}},"35":{"start":{"line":62,"column":8},"end":{"line":62,"column":20}},"36":{"start":{"line":65,"column":11},"end":{"line":67,"column":5}},"37":{"start":{"line":66,"column":8},"end":{"line":66,"column":54}},"38":{"start":{"line":69,"column":11},"end":{"line":72,"column":5}},"39":{"start":{"line":70,"column":8},"end":{"line":70,"column":33}},"40":{"start":{"line":71,"column":8},"end":{"line":71,"column":20}},"41":{"start":{"line":74,"column":11},"end":{"line":76,"column":5}},"42":{"start":{"line":75,"column":8},"end":{"line":75,"column":80}},"43":{"start":{"line":78,"column":11},"end":{"line":81,"column":5}},"44":{"start":{"line":79,"column":8},"end":{"line":79,"column":59}},"45":{"start":{"line":80,"column":8},"end":{"line":80,"column":20}},"46":{"start":{"line":83,"column":11},"end":{"line":85,"column":5}},"47":{"start":{"line":84,"column":8},"end":{"line":84,"column":69}},"48":{"start":{"line":87,"column":11},"end":{"line":90,"column":5}},"49":{"start":{"line":88,"column":8},"end":{"line":88,"column":36}},"50":{"start":{"line":89,"column":8},"end":{"line":89,"column":20}},"51":{"start":{"line":92,"column":11},"end":{"line":94,"column":5}},"52":{"start":{"line":92,"column":21},"end":{"line":92,"column":59}},"53":{"start":{"line":92,"column":61},"end":{"line":92,"column":78}},"54":{"start":{"line":93,"column":8},"end":{"line":93,"column":78}},"55":{"start":{"line":96,"column":11},"end":{"line":99,"column":5}},"56":{"start":{"line":96,"column":28},"end":{"line":96,"column":66}},"57":{"start":{"line":96,"column":68},"end":{"line":96,"column":85}},"58":{"start":{"line":97,"column":8},"end":{"line":97,"column":58}},"59":{"start":{"line":98,"column":8},"end":{"line":98,"column":20}},"60":{"start":{"line":101,"column":11},"end":{"line":103,"column":5}},"61":{"start":{"line":101,"column":18},"end":{"line":101,"column":56}},"62":{"start":{"line":101,"column":58},"end":{"line":101,"column":75}},"63":{"start":{"line":102,"column":8},"end":{"line":102,"column":78}},"64":{"start":{"line":105,"column":11},"end":{"line":108,"column":5}},"65":{"start":{"line":105,"column":25},"end":{"line":105,"column":63}},"66":{"start":{"line":105,"column":65},"end":{"line":105,"column":82}},"67":{"start":{"line":106,"column":8},"end":{"line":106,"column":55}},"68":{"start":{"line":107,"column":8},"end":{"line":107,"column":20}},"69":{"start":{"line":110,"column":11},"end":{"line":112,"column":5}},"70":{"start":{"line":111,"column":8},"end":{"line":111,"column":50}},"71":{"start":{"line":113,"column":0},"end":{"line":113,"column":1}},"72":{"start":{"line":115,"column":0},"end":{"line":115,"column":24}}},"fnMap":{"0":{"name":"(anonymous_7)","decl":{"start":{"line":6,"column":0},"end":{"line":null,"column":-1}},"loc":{"start":{"line":6,"column":0},"end":{"line":6,"column":-1}}},"1":{"name":"(anonymous_9)","decl":{"start":{"line":8,"column":4},"end":{"line":8,"column":26}},"loc":{"start":{"line":8,"column":36},"end":{"line":10,"column":5}}},"2":{"name":"(anonymous_10)","decl":{"start":{"line":12,"column":4},"end":{"line":12,"column":22}},"loc":{"start":{"line":12,"column":56},"end":{"line":14,"column":5}}},"3":{"name":"(anonymous_11)","decl":{"start":{"line":16,"column":4},"end":{"line":16,"column":27}},"loc":{"start":{"line":16,"column":53},"end":{"line":18,"column":5}}},"4":{"name":"(anonymous_12)","decl":{"start":{"line":20,"column":4},"end":{"line":null,"column":-1}},"loc":{"start":{"line":20,"column":4},"end":{"line":22,"column":5}}},"5":{"name":"(anonymous_13)","decl":{"start":{"line":24,"column":4},"end":{"line":null,"column":-1}},"loc":{"start":{"line":24,"column":4},"end":{"line":27,"column":5}}},"6":{"name":"(anonymous_14)","decl":{"start":{"line":29,"column":4},"end":{"line":29,"column":19}},"loc":{"start":{"line":29,"column":45},"end":{"line":31,"column":5}}},"7":{"name":"(anonymous_15)","decl":{"start":{"line":33,"column":4},"end":{"line":33,"column":26}},"loc":{"start":{"line":33,"column":52},"end":{"line":36,"column":5}}},"8":{"name":"(anonymous_16)","decl":{"start":{"line":38,"column":4},"end":{"line":38,"column":14}},"loc":{"start":{"line":38,"column":40},"end":{"line":40,"column":5}}},"9":{"name":"(anonymous_17)","decl":{"start":{"line":42,"column":4},"end":{"line":42,"column":21}},"loc":{"start":{"line":42,"column":47},"end":{"line":45,"column":5}}},"10":{"name":"(anonymous_18)","decl":{"start":{"line":47,"column":4},"end":{"line":47,"column":14}},"loc":{"start":{"line":47,"column":40},"end":{"line":49,"column":5}}},"11":{"name":"(anonymous_19)","decl":{"start":{"line":51,"column":4},"end":{"line":51,"column":21}},"loc":{"start":{"line":51,"column":47},"end":{"line":54,"column":5}}},"12":{"name":"(anonymous_20)","decl":{"start":{"line":56,"column":4},"end":{"line":56,"column":17}},"loc":{"start":{"line":56,"column":31},"end":{"line":58,"column":5}}},"13":{"name":"(anonymous_21)","decl":{"start":{"line":60,"column":4},"end":{"line":60,"column":24}},"loc":{"start":{"line":60,"column":38},"end":{"line":63,"column":5}}},"14":{"name":"(anonymous_22)","decl":{"start":{"line":65,"column":4},"end":{"line":null,"column":-1}},"loc":{"start":{"line":65,"column":4},"end":{"line":67,"column":5}}},"15":{"name":"(anonymous_23)","decl":{"start":{"line":69,"column":4},"end":{"line":null,"column":-1}},"loc":{"start":{"line":69,"column":4},"end":{"line":72,"column":5}}},"16":{"name":"(anonymous_24)","decl":{"start":{"line":74,"column":4},"end":{"line":74,"column":18}},"loc":{"start":{"line":74,"column":79},"end":{"line":76,"column":5}}},"17":{"name":"(anonymous_25)","decl":{"start":{"line":78,"column":4},"end":{"line":78,"column":25}},"loc":{"start":{"line":78,"column":86},"end":{"line":81,"column":5}}},"18":{"name":"(anonymous_26)","decl":{"start":{"line":83,"column":4},"end":{"line":83,"column":17}},"loc":{"start":{"line":83,"column":34},"end":{"line":85,"column":5}}},"19":{"name":"(anonymous_27)","decl":{"start":{"line":87,"column":4},"end":{"line":87,"column":24}},"loc":{"start":{"line":87,"column":41},"end":{"line":90,"column":5}}},"20":{"name":"(anonymous_28)","decl":{"start":{"line":92,"column":4},"end":{"line":92,"column":20}},"loc":{"start":{"line":92,"column":78},"end":{"line":94,"column":5}}},"21":{"name":"(anonymous_29)","decl":{"start":{"line":96,"column":4},"end":{"line":96,"column":27}},"loc":{"start":{"line":96,"column":85},"end":{"line":99,"column":5}}},"22":{"name":"(anonymous_30)","decl":{"start":{"line":101,"column":4},"end":{"line":101,"column":17}},"loc":{"start":{"line":101,"column":75},"end":{"line":103,"column":5}}},"23":{"name":"(anonymous_31)","decl":{"start":{"line":105,"column":4},"end":{"line":105,"column":24}},"loc":{"start":{"line":105,"column":82},"end":{"line":108,"column":5}}},"24":{"name":"(anonymous_32)","decl":{"start":{"line":110,"column":4},"end":{"line":null,"column":-1}},"loc":{"start":{"line":110,"column":4},"end":{"line":112,"column":5}}}},"branchMap":{"0":{"loc":{"start":{"line":17,"column":36},"end":{"line":17,"column":42}},"type":"cond-expr","locations":[{"start":{"line":17,"column":36},"end":{"line":17,"column":42}},{"start":{"line":17,"column":45},"end":{"line":17,"column":58}}]},"1":{"loc":{"start":{"line":92,"column":21},"end":{"line":92,"column":59}},"type":"if","locations":[{"start":{"line":92,"column":21},"end":{"line":92,"column":59}},{"start":{"line":92,"column":21},"end":{"line":92,"column":59}}]},"2":{"loc":{"start":{"line":92,"column":61},"end":{"line":92,"column":78}},"type":"if","locations":[{"start":{"line":92,"column":61},"end":{"line":92,"column":78}},{"start":{"line":92,"column":61},"end":{"line":92,"column":78}}]},"3":{"loc":{"start":{"line":96,"column":28},"end":{"line":96,"column":66}},"type":"if","locations":[{"start":{"line":96,"column":28},"end":{"line":96,"column":66}},{"start":{"line":96,"column":28},"end":{"line":96,"column":66}}]},"4":{"loc":{"start":{"line":96,"column":68},"end":{"line":96,"column":85}},"type":"if","locations":[{"start":{"line":96,"column":68},"end":{"line":96,"column":85}},{"start":{"line":96,"column":68},"end":{"line":96,"column":85}}]},"5":{"loc":{"start":{"line":101,"column":18},"end":{"line":101,"column":56}},"type":"if","locations":[{"start":{"line":101,"column":18},"end":{"line":101,"column":56}},{"start":{"line":101,"column":18},"end":{"line":101,"column":56}}]},"6":{"loc":{"start":{"line":101,"column":58},"end":{"line":101,"column":75}},"type":"if","locations":[{"start":{"line":101,"column":58},"end":{"line":101,"column":75}},{"start":{"line":101,"column":58},"end":{"line":101,"column":75}}]},"7":{"loc":{"start":{"line":105,"column":25},"end":{"line":105,"column":63}},"type":"if","locations":[{"start":{"line":105,"column":25},"end":{"line":105,"column":63}},{"start":{"line":105,"column":25},"end":{"line":105,"column":63}}]},"8":{"loc":{"start":{"line":105,"column":65},"end":{"line":105,"column":82}},"type":"if","locations":[{"start":{"line":105,"column":65},"end":{"line":105,"column":82}},{"start":{"line":105,"column":65},"end":{"line":105,"column":82}}]}},"s":{"0":4,"1":4,"2":4,"3":4,"4":4,"5":4,"6":0,"7":4,"8":0,"9":4,"10":1,"11":4,"12":1,"13":4,"14":0,"15":0,"16":4,"17":1,"18":4,"19":0,"20":0,"21":4,"22":0,"23":4,"24":0,"25":0,"26":4,"27":0,"28":4,"29":0,"30":0,"31":4,"32":0,"33":4,"34":0,"35":0,"36":4,"37":1,"38":4,"39":0,"40":0,"41":4,"42":0,"43":4,"44":0,"45":0,"46":4,"47":0,"48":4,"49":0,"50":0,"51":4,"52":0,"53":0,"54":0,"55":4,"56":0,"57":0,"58":0,"59":0,"60":4,"61":0,"62":0,"63":0,"64":4,"65":0,"66":0,"67":0,"68":0,"69":4,"70":0,"71":4,"72":4},"f":{"0":11,"1":0,"2":0,"3":1,"4":1,"5":0,"6":1,"7":0,"8":0,"9":0,"10":0,"11":0,"12":0,"13":0,"14":1,"15":0,"16":0,"17":0,"18":0,"19":0,"20":0,"21":0,"22":0,"23":0,"24":0},"b":{"0":[0,1],"1":[0,0],"2":[0,0],"3":[0,0],"4":[0,0],"5":[0,0],"6":[0,0],"7":[0,0],"8":[0,0]}}
,"/home/deepak/Desktop/crushers/cop/bag/src/Matrix/MatrixUtils.ts": {"path":"/home/deepak/Desktop/crushers/cop/bag/src/Matrix/MatrixUtils.ts","statementMap":{"0":{"start":{"line":1,"column":0},"end":{"line":1,"column":22}},"1":{"start":{"line":2,"column":0},"end":{"line":2,"column":46}},"2":{"start":{"line":3,"column":0},"end":{"line":3,"column":29}},"3":{"start":{"line":6,"column":0},"end":{"line":213,"column":0}},"4":{"start":{"line":7,"column":18},"end":{"line":17,"column":5}},"5":{"start":{"line":8,"column":36},"end":{"line":8,"column":38}},"6":{"start":{"line":9,"column":14},"end":{"line":9,"column":46}},"7":{"start":{"line":9,"column":15},"end":{"line":9,"column":16}},"8":{"start":{"line":9,"column":18},"end":{"line":9,"column":46}},"9":{"start":{"line":10,"column":8},"end":{"line":15,"column":9}},"10":{"start":{"line":11,"column":12},"end":{"line":11,"column":23}},"11":{"start":{"line":12,"column":12},"end":{"line":14,"column":13}},"12":{"start":{"line":13,"column":16},"end":{"line":13,"column":40}},"13":{"start":{"line":16,"column":8},"end":{"line":16,"column":18}},"14":{"start":{"line":19,"column":18},"end":{"line":53,"column":5}},"15":{"start":{"line":20,"column":14},"end":{"line":20,"column":46}},"16":{"start":{"line":20,"column":15},"end":{"line":20,"column":16}},"17":{"start":{"line":20,"column":18},"end":{"line":20,"column":46}},"18":{"start":{"line":21,"column":8},"end":{"line":23,"column":9}},"19":{"start":{"line":22,"column":12},"end":{"line":22,"column":51}},"20":{"start":{"line":24,"column":19},"end":{"line":24,"column":35}},"21":{"start":{"line":25,"column":20},"end":{"line":25,"column":43}},"22":{"start":{"line":26,"column":19},"end":{"line":26,"column":24}},"23":{"start":{"line":27,"column":8},"end":{"line":36,"column":9}},"24":{"start":{"line":28,"column":12},"end":{"line":35,"column":13}},"25":{"start":{"line":29,"column":16},"end":{"line":34,"column":17}},"26":{"start":{"line":30,"column":34},"end":{"line":30,"column":55}},"27":{"start":{"line":31,"column":20},"end":{"line":33,"column":21}},"28":{"start":{"line":32,"column":24},"end":{"line":32,"column":55}},"29":{"start":{"line":37,"column":20},"end":{"line":37,"column":21}},"30":{"start":{"line":38,"column":8},"end":{"line":42,"column":9}},"31":{"start":{"line":39,"column":12},"end":{"line":41,"column":13}},"32":{"start":{"line":40,"column":16},"end":{"line":40,"column":24}},"33":{"start":{"line":43,"column":8},"end":{"line":45,"column":9}},"34":{"start":{"line":44,"column":12},"end":{"line":44,"column":61}},"35":{"start":{"line":46,"column":8},"end":{"line":51,"column":9}},"36":{"start":{"line":47,"column":22},"end":{"line":47,"column":31}},"37":{"start":{"line":48,"column":12},"end":{"line":50,"column":13}},"38":{"start":{"line":49,"column":16},"end":{"line":49,"column":31}},"39":{"start":{"line":52,"column":8},"end":{"line":52,"column":45}},"40":{"start":{"line":55,"column":18},"end":{"line":60,"column":5}},"41":{"start":{"line":55,"column":67},"end":{"line":55,"column":90}},"42":{"start":{"line":56,"column":26},"end":{"line":56,"column":43}},"43":{"start":{"line":56,"column":45},"end":{"line":56,"column":62}},"44":{"start":{"line":57,"column":8},"end":{"line":59,"column":84}},"45":{"start":{"line":59,"column":46},"end":{"line":59,"column":82}},"46":{"start":{"line":62,"column":18},"end":{"line":69,"column":5}},"47":{"start":{"line":63,"column":14},"end":{"line":63,"column":41}},"48":{"start":{"line":63,"column":15},"end":{"line":63,"column":16}},"49":{"start":{"line":63,"column":18},"end":{"line":63,"column":41}},"50":{"start":{"line":64,"column":14},"end":{"line":64,"column":41}},"51":{"start":{"line":64,"column":15},"end":{"line":64,"column":16}},"52":{"start":{"line":64,"column":18},"end":{"line":64,"column":41}},"53":{"start":{"line":65,"column":8},"end":{"line":67,"column":9}},"54":{"start":{"line":66,"column":12},"end":{"line":66,"column":63}},"55":{"start":{"line":68,"column":8},"end":{"line":68,"column":91}},"56":{"start":{"line":68,"column":65},"end":{"line":68,"column":88}},"57":{"start":{"line":71,"column":18},"end":{"line":89,"column":5}},"58":{"start":{"line":72,"column":8},"end":{"line":74,"column":9}},"59":{"start":{"line":73,"column":12},"end":{"line":73,"column":65}},"60":{"start":{"line":73,"column":54},"end":{"line":73,"column":63}},"61":{"start":{"line":75,"column":14},"end":{"line":75,"column":41}},"62":{"start":{"line":75,"column":15},"end":{"line":75,"column":16}},"63":{"start":{"line":75,"column":18},"end":{"line":75,"column":41}},"64":{"start":{"line":76,"column":14},"end":{"line":76,"column":41}},"65":{"start":{"line":76,"column":15},"end":{"line":76,"column":16}},"66":{"start":{"line":76,"column":18},"end":{"line":76,"column":41}},"67":{"start":{"line":77,"column":8},"end":{"line":79,"column":9}},"68":{"start":{"line":78,"column":12},"end":{"line":78,"column":73}},"69":{"start":{"line":80,"column":18},"end":{"line":80,"column":36}},"70":{"start":{"line":81,"column":8},"end":{"line":87,"column":9}},"71":{"start":{"line":82,"column":12},"end":{"line":86,"column":13}},"72":{"start":{"line":83,"column":16},"end":{"line":85,"column":17}},"73":{"start":{"line":84,"column":20},"end":{"line":84,"column":49}},"74":{"start":{"line":88,"column":8},"end":{"line":88,"column":17}},"75":{"start":{"line":91,"column":18},"end":{"line":93,"column":5}},"76":{"start":{"line":92,"column":8},"end":{"line":92,"column":79}},"77":{"start":{"line":92,"column":63},"end":{"line":92,"column":77}},"78":{"start":{"line":95,"column":18},"end":{"line":101,"column":5}},"79":{"start":{"line":96,"column":8},"end":{"line":98,"column":9}},"80":{"start":{"line":97,"column":12},"end":{"line":97,"column":73}},"81":{"start":{"line":97,"column":62},"end":{"line":97,"column":71}},"82":{"start":{"line":99,"column":8},"end":{"line":99,"column":31}},"83":{"start":{"line":100,"column":8},"end":{"line":100,"column":73}},"84":{"start":{"line":100,"column":56},"end":{"line":100,"column":71}},"85":{"start":{"line":103,"column":18},"end":{"line":109,"column":5}},"86":{"start":{"line":104,"column":8},"end":{"line":106,"column":9}},"87":{"start":{"line":105,"column":12},"end":{"line":105,"column":73}},"88":{"start":{"line":105,"column":62},"end":{"line":105,"column":71}},"89":{"start":{"line":107,"column":8},"end":{"line":107,"column":31}},"90":{"start":{"line":108,"column":8},"end":{"line":108,"column":73}},"91":{"start":{"line":108,"column":56},"end":{"line":108,"column":71}},"92":{"start":{"line":111,"column":18},"end":{"line":117,"column":5}},"93":{"start":{"line":112,"column":14},"end":{"line":112,"column":41}},"94":{"start":{"line":112,"column":15},"end":{"line":112,"column":16}},"95":{"start":{"line":112,"column":18},"end":{"line":112,"column":41}},"96":{"start":{"line":113,"column":14},"end":{"line":113,"column":41}},"97":{"start":{"line":113,"column":15},"end":{"line":113,"column":16}},"98":{"start":{"line":113,"column":18},"end":{"line":113,"column":41}},"99":{"start":{"line":114,"column":8},"end":{"line":116,"column":9}},"100":{"start":{"line":115,"column":12},"end":{"line":115,"column":72}},"101":{"start":{"line":119,"column":18},"end":{"line":125,"column":5}},"102":{"start":{"line":120,"column":8},"end":{"line":124,"column":10}},"103":{"start":{"line":121,"column":55},"end":{"line":123,"column":13}},"104":{"start":{"line":122,"column":46},"end":{"line":122,"column":68}},"105":{"start":{"line":127,"column":18},"end":{"line":133,"column":5}},"106":{"start":{"line":128,"column":8},"end":{"line":132,"column":10}},"107":{"start":{"line":129,"column":44},"end":{"line":131,"column":13}},"108":{"start":{"line":130,"column":35},"end":{"line":130,"column":51}},"109":{"start":{"line":135,"column":18},"end":{"line":141,"column":5}},"110":{"start":{"line":136,"column":22},"end":{"line":136,"column":24}},"111":{"start":{"line":137,"column":8},"end":{"line":139,"column":9}},"112":{"start":{"line":138,"column":12},"end":{"line":138,"column":30}},"113":{"start":{"line":140,"column":8},"end":{"line":140,"column":21}},"114":{"start":{"line":143,"column":18},"end":{"line":156,"column":5}},"115":{"start":{"line":143,"column":4},"end":{"line":156,"column":4}},"116":{"start":{"line":143,"column":56},"end":{"line":143,"column":94}},"117":{"start":{"line":144,"column":28},"end":{"line":144,"column":45}},"118":{"start":{"line":145,"column":31},"end":{"line":145,"column":33}},"119":{"start":{"line":146,"column":14},"end":{"line":146,"column":43}},"120":{"start":{"line":146,"column":15},"end":{"line":146,"column":43}},"121":{"start":{"line":147,"column":8},"end":{"line":154,"column":9}},"122":{"start":{"line":148,"column":12},"end":{"line":148,"column":47}},"123":{"start":{"line":150,"column":12},"end":{"line":152,"column":13}},"124":{"start":{"line":151,"column":16},"end":{"line":151,"column":79}},"125":{"start":{"line":153,"column":12},"end":{"line":153,"column":32}},"126":{"start":{"line":155,"column":8},"end":{"line":155,"column":87}},"127":{"start":{"line":155,"column":49},"end":{"line":155,"column":85}},"128":{"start":{"line":158,"column":18},"end":{"line":171,"column":5}},"129":{"start":{"line":158,"column":53},"end":{"line":158,"column":91}},"130":{"start":{"line":159,"column":25},"end":{"line":159,"column":42}},"131":{"start":{"line":160,"column":31},"end":{"line":160,"column":33}},"132":{"start":{"line":161,"column":18},"end":{"line":161,"column":44}},"133":{"start":{"line":162,"column":8},"end":{"line":169,"column":9}},"134":{"start":{"line":163,"column":12},"end":{"line":163,"column":47}},"135":{"start":{"line":165,"column":12},"end":{"line":167,"column":13}},"136":{"start":{"line":166,"column":16},"end":{"line":166,"column":79}},"137":{"start":{"line":168,"column":12},"end":{"line":168,"column":32}},"138":{"start":{"line":170,"column":8},"end":{"line":170,"column":54}},"139":{"start":{"line":173,"column":18},"end":{"line":177,"column":5}},"140":{"start":{"line":173,"column":56},"end":{"line":173,"column":73}},"141":{"start":{"line":174,"column":22},"end":{"line":174,"column":44}},"142":{"start":{"line":175,"column":20},"end":{"line":175,"column":54}},"143":{"start":{"line":176,"column":8},"end":{"line":176,"column":41}},"144":{"start":{"line":179,"column":18},"end":{"line":182,"column":5}},"145":{"start":{"line":181,"column":8},"end":{"line":181,"column":99}},"146":{"start":{"line":181,"column":73},"end":{"line":181,"column":97}},"147":{"start":{"line":184,"column":18},"end":{"line":193,"column":5}},"148":{"start":{"line":185,"column":40},"end":{"line":185,"column":42}},"149":{"start":{"line":186,"column":8},"end":{"line":191,"column":9}},"150":{"start":{"line":187,"column":12},"end":{"line":187,"column":27}},"151":{"start":{"line":188,"column":12},"end":{"line":190,"column":13}},"152":{"start":{"line":189,"column":16},"end":{"line":189,"column":35}},"153":{"start":{"line":192,"column":8},"end":{"line":192,"column":22}},"154":{"start":{"line":195,"column":18},"end":{"line":204,"column":5}},"155":{"start":{"line":196,"column":43},"end":{"line":196,"column":45}},"156":{"start":{"line":197,"column":8},"end":{"line":202,"column":9}},"157":{"start":{"line":198,"column":12},"end":{"line":198,"column":27}},"158":{"start":{"line":199,"column":12},"end":{"line":201,"column":13}},"159":{"start":{"line":200,"column":16},"end":{"line":200,"column":49}},"160":{"start":{"line":203,"column":8},"end":{"line":203,"column":22}},"161":{"start":{"line":206,"column":18},"end":{"line":208,"column":5}},"162":{"start":{"line":206,"column":4},"end":{"line":208,"column":4}},"163":{"start":{"line":207,"column":8},"end":{"line":207,"column":81}},"164":{"start":{"line":207,"column":55},"end":{"line":207,"column":79}},"165":{"start":{"line":210,"column":18},"end":{"line":212,"column":5}},"166":{"start":{"line":211,"column":8},"end":{"line":211,"column":51}},"167":{"start":{"line":211,"column":37},"end":{"line":211,"column":49}},"168":{"start":{"line":213,"column":0},"end":{"line":213,"column":1}},"169":{"start":{"line":215,"column":0},"end":{"line":215,"column":27}}},"fnMap":{"0":{"name":"(anonymous_3)","decl":{"start":{"line":6,"column":0},"end":{"line":null,"column":-1}},"loc":{"start":{"line":6,"column":0},"end":{"line":6,"column":-1}}},"1":{"name":"(anonymous_5)","decl":{"start":{"line":7,"column":4},"end":{"line":7,"column":27}},"loc":{"start":{"line":7,"column":51},"end":{"line":17,"column":5}}},"2":{"name":"(anonymous_6)","decl":{"start":{"line":19,"column":4},"end":{"line":19,"column":25}},"loc":{"start":{"line":19,"column":52},"end":{"line":53,"column":5}}},"3":{"name":"(anonymous_7)","decl":{"start":{"line":55,"column":4},"end":{"line":55,"column":25}},"loc":{"start":{"line":56,"column":62},"end":{"line":60,"column":5}}},"4":{"name":"(anonymous_8)","decl":{"start":{"line":59,"column":17},"end":{"line":59,"column":17}},"loc":{"start":{"line":59,"column":41},"end":{"line":59,"column":82}}},"5":{"name":"(anonymous_9)","decl":{"start":{"line":62,"column":4},"end":{"line":62,"column":24}},"loc":{"start":{"line":62,"column":63},"end":{"line":69,"column":5}}},"6":{"name":"(anonymous_10)","decl":{"start":{"line":68,"column":21},"end":{"line":68,"column":21}},"loc":{"start":{"line":68,"column":60},"end":{"line":68,"column":89}}},"7":{"name":"(anonymous_11)","decl":{"start":{"line":71,"column":4},"end":{"line":71,"column":26}},"loc":{"start":{"line":71,"column":80},"end":{"line":89,"column":5}}},"8":{"name":"(anonymous_12)","decl":{"start":{"line":73,"column":43},"end":{"line":73,"column":43}},"loc":{"start":{"line":73,"column":49},"end":{"line":73,"column":63}}},"9":{"name":"(anonymous_13)","decl":{"start":{"line":91,"column":4},"end":{"line":91,"column":24}},"loc":{"start":{"line":91,"column":67},"end":{"line":93,"column":5}}},"10":{"name":"(anonymous_14)","decl":{"start":{"line":92,"column":44},"end":{"line":92,"column":44}},"loc":{"start":{"line":92,"column":58},"end":{"line":92,"column":77}}},"11":{"name":"(anonymous_15)","decl":{"start":{"line":95,"column":4},"end":{"line":95,"column":21}},"loc":{"start":{"line":95,"column":75},"end":{"line":101,"column":5}}},"12":{"name":"(anonymous_16)","decl":{"start":{"line":97,"column":43},"end":{"line":97,"column":43}},"loc":{"start":{"line":97,"column":57},"end":{"line":97,"column":71}}},"13":{"name":"(anonymous_17)","decl":{"start":{"line":100,"column":39},"end":{"line":100,"column":39}},"loc":{"start":{"line":100,"column":51},"end":{"line":100,"column":71}}},"14":{"name":"(anonymous_18)","decl":{"start":{"line":103,"column":4},"end":{"line":103,"column":21}},"loc":{"start":{"line":103,"column":75},"end":{"line":109,"column":5}}},"15":{"name":"(anonymous_19)","decl":{"start":{"line":105,"column":43},"end":{"line":105,"column":43}},"loc":{"start":{"line":105,"column":57},"end":{"line":105,"column":71}}},"16":{"name":"(anonymous_20)","decl":{"start":{"line":108,"column":39},"end":{"line":108,"column":39}},"loc":{"start":{"line":108,"column":51},"end":{"line":108,"column":71}}},"17":{"name":"(anonymous_21)","decl":{"start":{"line":111,"column":4},"end":{"line":111,"column":29}},"loc":{"start":{"line":111,"column":68},"end":{"line":117,"column":5}}},"18":{"name":"(anonymous_22)","decl":{"start":{"line":119,"column":4},"end":{"line":119,"column":33}},"loc":{"start":{"line":119,"column":88},"end":{"line":125,"column":5}}},"19":{"name":"(anonymous_23)","decl":{"start":{"line":121,"column":12},"end":{"line":121,"column":12}},"loc":{"start":{"line":121,"column":50},"end":{"line":123,"column":13}}},"20":{"name":"(anonymous_24)","decl":{"start":{"line":122,"column":16},"end":{"line":122,"column":16}},"loc":{"start":{"line":122,"column":41},"end":{"line":122,"column":68}}},"21":{"name":"(anonymous_25)","decl":{"start":{"line":127,"column":4},"end":{"line":127,"column":33}},"loc":{"start":{"line":127,"column":88},"end":{"line":133,"column":5}}},"22":{"name":"(anonymous_26)","decl":{"start":{"line":129,"column":12},"end":{"line":129,"column":12}},"loc":{"start":{"line":129,"column":39},"end":{"line":131,"column":13}}},"23":{"name":"(anonymous_27)","decl":{"start":{"line":130,"column":16},"end":{"line":130,"column":16}},"loc":{"start":{"line":130,"column":30},"end":{"line":130,"column":51}}},"24":{"name":"(anonymous_28)","decl":{"start":{"line":135,"column":4},"end":{"line":135,"column":28}},"loc":{"start":{"line":135,"column":53},"end":{"line":141,"column":5}}},"25":{"name":"(anonymous_29)","decl":{"start":{"line":143,"column":4},"end":{"line":143,"column":27}},"loc":{"start":{"line":144,"column":45},"end":{"line":156,"column":5}}},"26":{"name":"(anonymous_30)","decl":{"start":{"line":155,"column":39},"end":{"line":155,"column":39}},"loc":{"start":{"line":155,"column":44},"end":{"line":155,"column":85}}},"27":{"name":"(anonymous_31)","decl":{"start":{"line":158,"column":4},"end":{"line":158,"column":24}},"loc":{"start":{"line":159,"column":42},"end":{"line":171,"column":5}}},"28":{"name":"(anonymous_32)","decl":{"start":{"line":173,"column":4},"end":{"line":173,"column":28}},"loc":{"start":{"line":173,"column":73},"end":{"line":177,"column":5}}},"29":{"name":"(anonymous_33)","decl":{"start":{"line":179,"column":4},"end":{"line":179,"column":28}},"loc":{"start":{"line":180,"column":105},"end":{"line":182,"column":5}}},"30":{"name":"(anonymous_34)","decl":{"start":{"line":181,"column":26},"end":{"line":181,"column":26}},"loc":{"start":{"line":181,"column":68},"end":{"line":181,"column":97}}},"31":{"name":"(anonymous_35)","decl":{"start":{"line":184,"column":4},"end":{"line":184,"column":22}},"loc":{"start":{"line":184,"column":53},"end":{"line":193,"column":5}}},"32":{"name":"(anonymous_36)","decl":{"start":{"line":195,"column":4},"end":{"line":195,"column":26}},"loc":{"start":{"line":195,"column":36},"end":{"line":204,"column":5}}},"33":{"name":"(anonymous_37)","decl":{"start":{"line":206,"column":4},"end":{"line":206,"column":29}},"loc":{"start":{"line":206,"column":53},"end":{"line":208,"column":5}}},"34":{"name":"(anonymous_38)","decl":{"start":{"line":207,"column":26},"end":{"line":207,"column":26}},"loc":{"start":{"line":207,"column":50},"end":{"line":207,"column":79}}},"35":{"name":"(anonymous_39)","decl":{"start":{"line":210,"column":4},"end":{"line":210,"column":29}},"loc":{"start":{"line":210,"column":53},"end":{"line":212,"column":5}}},"36":{"name":"(anonymous_40)","decl":{"start":{"line":211,"column":26},"end":{"line":211,"column":26}},"loc":{"start":{"line":211,"column":32},"end":{"line":211,"column":49}}}},"branchMap":{"0":{"loc":{"start":{"line":21,"column":8},"end":{"line":23,"column":9}},"type":"if","locations":[{"start":{"line":21,"column":8},"end":{"line":23,"column":9}},{"start":{"line":21,"column":8},"end":{"line":23,"column":9}}]},"1":{"loc":{"start":{"line":29,"column":16},"end":{"line":34,"column":17}},"type":"if","locations":[{"start":{"line":29,"column":16},"end":{"line":34,"column":17}},{"start":{"line":29,"column":16},"end":{"line":34,"column":17}}]},"2":{"loc":{"start":{"line":39,"column":12},"end":{"line":41,"column":13}},"type":"if","locations":[{"start":{"line":39,"column":12},"end":{"line":41,"column":13}},{"start":{"line":39,"column":12},"end":{"line":41,"column":13}}]},"3":{"loc":{"start":{"line":43,"column":8},"end":{"line":45,"column":9}},"type":"if","locations":[{"start":{"line":43,"column":8},"end":{"line":45,"column":9}},{"start":{"line":43,"column":8},"end":{"line":45,"column":9}}]},"4":{"loc":{"start":{"line":55,"column":67},"end":{"line":55,"column":90}},"type":"if","locations":[{"start":{"line":55,"column":67},"end":{"line":55,"column":90}},{"start":{"line":55,"column":67},"end":{"line":55,"column":90}}]},"5":{"loc":{"start":{"line":56,"column":26},"end":{"line":56,"column":43}},"type":"if","locations":[{"start":{"line":56,"column":26},"end":{"line":56,"column":43}},{"start":{"line":56,"column":26},"end":{"line":56,"column":43}}]},"6":{"loc":{"start":{"line":56,"column":45},"end":{"line":56,"column":62}},"type":"if","locations":[{"start":{"line":56,"column":45},"end":{"line":56,"column":62}},{"start":{"line":56,"column":45},"end":{"line":56,"column":62}}]},"7":{"loc":{"start":{"line":65,"column":8},"end":{"line":67,"column":9}},"type":"if","locations":[{"start":{"line":65,"column":8},"end":{"line":67,"column":9}},{"start":{"line":65,"column":8},"end":{"line":67,"column":9}}]},"8":{"loc":{"start":{"line":65,"column":12},"end":{"line":65,"column":19}},"type":"binary-expr","locations":[{"start":{"line":65,"column":12},"end":{"line":65,"column":19}},{"start":{"line":65,"column":23},"end":{"line":65,"column":30}}]},"9":{"loc":{"start":{"line":72,"column":8},"end":{"line":74,"column":9}},"type":"if","locations":[{"start":{"line":72,"column":8},"end":{"line":74,"column":9}},{"start":{"line":72,"column":8},"end":{"line":74,"column":9}}]},"10":{"loc":{"start":{"line":77,"column":8},"end":{"line":79,"column":9}},"type":"if","locations":[{"start":{"line":77,"column":8},"end":{"line":79,"column":9}},{"start":{"line":77,"column":8},"end":{"line":79,"column":9}}]},"11":{"loc":{"start":{"line":96,"column":8},"end":{"line":98,"column":9}},"type":"if","locations":[{"start":{"line":96,"column":8},"end":{"line":98,"column":9}},{"start":{"line":96,"column":8},"end":{"line":98,"column":9}}]},"12":{"loc":{"start":{"line":104,"column":8},"end":{"line":106,"column":9}},"type":"if","locations":[{"start":{"line":104,"column":8},"end":{"line":106,"column":9}},{"start":{"line":104,"column":8},"end":{"line":106,"column":9}}]},"13":{"loc":{"start":{"line":114,"column":8},"end":{"line":116,"column":9}},"type":"if","locations":[{"start":{"line":114,"column":8},"end":{"line":116,"column":9}},{"start":{"line":114,"column":8},"end":{"line":116,"column":9}}]},"14":{"loc":{"start":{"line":114,"column":12},"end":{"line":114,"column":19}},"type":"binary-expr","locations":[{"start":{"line":114,"column":12},"end":{"line":114,"column":19}},{"start":{"line":114,"column":23},"end":{"line":114,"column":30}}]},"15":{"loc":{"start":{"line":143,"column":56},"end":{"line":143,"column":94}},"type":"if","locations":[{"start":{"line":143,"column":56},"end":{"line":143,"column":94}},{"start":{"line":143,"column":56},"end":{"line":143,"column":94}}]},"16":{"loc":{"start":{"line":144,"column":28},"end":{"line":144,"column":45}},"type":"if","locations":[{"start":{"line":144,"column":28},"end":{"line":144,"column":45}},{"start":{"line":144,"column":28},"end":{"line":144,"column":45}}]},"17":{"loc":{"start":{"line":147,"column":8},"end":{"line":154,"column":9}},"type":"if","locations":[{"start":{"line":147,"column":8},"end":{"line":154,"column":9}},{"start":{"line":147,"column":8},"end":{"line":154,"column":9}}]},"18":{"loc":{"start":{"line":150,"column":12},"end":{"line":152,"column":13}},"type":"if","locations":[{"start":{"line":150,"column":12},"end":{"line":152,"column":13}},{"start":{"line":150,"column":12},"end":{"line":152,"column":13}}]},"19":{"loc":{"start":{"line":158,"column":53},"end":{"line":158,"column":91}},"type":"if","locations":[{"start":{"line":158,"column":53},"end":{"line":158,"column":91}},{"start":{"line":158,"column":53},"end":{"line":158,"column":91}}]},"20":{"loc":{"start":{"line":159,"column":25},"end":{"line":159,"column":42}},"type":"if","locations":[{"start":{"line":159,"column":25},"end":{"line":159,"column":42}},{"start":{"line":159,"column":25},"end":{"line":159,"column":42}}]},"21":{"loc":{"start":{"line":162,"column":8},"end":{"line":169,"column":9}},"type":"if","locations":[{"start":{"line":162,"column":8},"end":{"line":169,"column":9}},{"start":{"line":162,"column":8},"end":{"line":169,"column":9}}]},"22":{"loc":{"start":{"line":165,"column":12},"end":{"line":167,"column":13}},"type":"if","locations":[{"start":{"line":165,"column":12},"end":{"line":167,"column":13}},{"start":{"line":165,"column":12},"end":{"line":167,"column":13}}]},"23":{"loc":{"start":{"line":173,"column":56},"end":{"line":173,"column":73}},"type":"if","locations":[{"start":{"line":173,"column":56},"end":{"line":173,"column":73}},{"start":{"line":173,"column":56},"end":{"line":173,"column":73}}]},"24":{"loc":{"start":{"line":200,"column":43},"end":{"line":200,"column":44}},"type":"cond-expr","locations":[{"start":{"line":200,"column":43},"end":{"line":200,"column":44}},{"start":{"line":200,"column":47},"end":{"line":200,"column":48}}]}},"s":{"0":5,"1":5,"2":5,"3":5,"4":5,"5":1,"6":1,"7":1,"8":1,"9":1,"10":4,"11":4,"12":12,"13":1,"14":5,"15":1,"16":1,"17":1,"18":1,"19":0,"20":1,"21":1,"22":1,"23":1,"24":3,"25":9,"26":6,"27":6,"28":36,"29":1,"30":1,"31":3,"32":2,"33":1,"34":0,"35":1,"36":3,"37":3,"38":18,"39":1,"40":5,"41":1,"42":1,"43":1,"44":1,"45":3,"46":5,"47":1,"48":1,"49":1,"50":1,"51":1,"52":1,"53":1,"54":0,"55":1,"56":3,"57":5,"58":1,"59":0,"60":0,"61":1,"62":1,"63":1,"64":1,"65":1,"66":1,"67":1,"68":0,"69":1,"70":1,"71":3,"72":9,"73":18,"74":1,"75":5,"76":0,"77":0,"78":5,"79":0,"80":0,"81":0,"82":0,"83":0,"84":0,"85":5,"86":0,"87":0,"88":0,"89":0,"90":0,"91":0,"92":5,"93":0,"94":0,"95":0,"96":0,"97":0,"98":0,"99":0,"100":0,"101":5,"102":0,"103":0,"104":0,"105":5,"106":0,"107":0,"108":0,"109":5,"110":4,"111":4,"112":12,"113":4,"114":5,"115":3,"116":3,"117":3,"118":3,"119":3,"120":3,"121":3,"122":2,"123":1,"124":0,"125":1,"126":3,"127":9,"128":5,"129":3,"130":3,"131":3,"132":3,"133":3,"134":2,"135":1,"136":0,"137":1,"138":3,"139":5,"140":12,"141":12,"142":12,"143":12,"144":5,"145":3,"146":9,"147":5,"148":1,"149":1,"150":3,"151":3,"152":9,"153":1,"154":5,"155":1,"156":1,"157":3,"158":3,"159":9,"160":1,"161":5,"162":0,"163":0,"164":0,"165":5,"166":0,"167":0,"168":5,"169":5},"f":{"0":5,"1":1,"2":1,"3":1,"4":3,"5":1,"6":3,"7":1,"8":0,"9":0,"10":0,"11":0,"12":0,"13":0,"14":0,"15":0,"16":0,"17":0,"18":0,"19":0,"20":0,"21":0,"22":0,"23":0,"24":4,"25":3,"26":9,"27":3,"28":12,"29":3,"30":9,"31":1,"32":1,"33":0,"34":0,"35":0,"36":0},"b":{"0":[0,1],"1":[6,3],"2":[2,1],"3":[0,1],"4":[0,1],"5":[0,1],"6":[0,1],"7":[0,1],"8":[1,1],"9":[0,1],"10":[0,1],"11":[0,0],"12":[0,0],"13":[0,0],"14":[0,0],"15":[0,3],"16":[0,3],"17":[2,1],"18":[0,1],"19":[0,3],"20":[0,3],"21":[2,1],"22":[0,1],"23":[0,12],"24":[3,6]}}
[...]
,"/home/deepak/Desktop/crushers/cop/bag/src/Queue/index.ts": {"path":"/home/deepak/Desktop/crushers/cop/bag/src/Queue/index.ts","statementMap":{"0":{"start":{"line":2,"column":0},"end":{"line":2,"column":27}},"1":{"start":{"line":7,"column":0},"end":{"line":7,"column":21}}},"fnMap":{},"branchMap":{},"s":{"0":4,"1":4},"f":{},"b":{}}
,"/home/deepak/Desktop/crushers/cop/bag/src/Stack/Stack.ts": {"path":"/home/deepak/Desktop/crushers/cop/bag/src/Stack/Stack.ts","statementMap":{"0":{"start":{"line":1,"column":0},"end":{"line":1,"column":48}},"1":{"start":{"line":2,"column":0},"end":{"line":2,"column":46}},"2":{"start":{"line":3,"column":0},"end":{"line":3,"column":54}},"3":{"start":{"line":6,"column":0},"end":{"line":6,"column":44}},"4":{"start":{"line":6,"column":26},"end":{"line":6,"column":50}},"5":{"start":{"line":18,"column":8},"end":{"line":18,"column":15}},"6":{"start":{"line":15,"column":12},"end":{"line":15,"column":30}},"7":{"start":{"line":19,"column":8},"end":{"line":19,"column":25}},"8":{"start":{"line":22,"column":11},"end":{"line":25,"column":5}},"9":{"start":{"line":23,"column":8},"end":{"line":23,"column":23}},"10":{"start":{"line":24,"column":8},"end":{"line":24,"column":25}},"11":{"start":{"line":27,"column":11},"end":{"line":32,"column":5}},"12":{"start":{"line":28,"column":22},"end":{"line":28,"column":39}},"13":{"start":{"line":29,"column":8},"end":{"line":29,"column":64}},"14":{"start":{"line":29,"column":50},"end":{"line":29,"column":62}},"15":{"start":{"line":30,"column":8},"end":{"line":30,"column":31}},"16":{"start":{"line":31,"column":8},"end":{"line":31,"column":21}},"17":{"start":{"line":34,"column":11},"end":{"line":39,"column":5}},"18":{"start":{"line":35,"column":8},"end":{"line":37,"column":9}},"19":{"start":{"line":36,"column":12},"end":{"line":36,"column":22}},"20":{"start":{"line":38,"column":8},"end":{"line":38,"column":49}},"21":{"start":{"line":41,"column":11},"end":{"line":44,"column":5}},"22":{"start":{"line":42,"column":8},"end":{"line":42,"column":28}},"23":{"start":{"line":43,"column":8},"end":{"line":43,"column":40}},"24":{"start":{"line":46,"column":11},"end":{"line":51,"column":5}},"25":{"start":{"line":46,"column":4},"end":{"line":51,"column":4}},"26":{"start":{"line":46,"column":16},"end":{"line":46,"column":31}},"27":{"start":{"line":46,"column":16},"end":{"line":46,"column":32}},"28":{"start":{"line":47,"column":8},"end":{"line":49,"column":11}},"29":{"start":{"line":48,"column":12},"end":{"line":48,"column":44}},"30":{"start":{"line":50,"column":8},"end":{"line":50,"column":27}},"31":{"start":{"line":53,"column":11},"end":{"line":55,"column":5}},"32":{"start":{"line":54,"column":8},"end":{"line":54,"column":29}},"33":{"start":{"line":62,"column":12},"end":{"line":66,"column":5}},"34":{"start":{"line":63,"column":8},"end":{"line":65,"column":9}},"35":{"start":{"line":64,"column":12},"end":{"line":64,"column":49}},"36":{"start":{"line":68,"column":0},"end":{"line":68,"column":1}},"37":{"start":{"line":70,"column":0},"end":{"line":70,"column":21}}},"fnMap":{"0":{"name":"(anonymous_6)","decl":{"start":{"line":6,"column":0},"end":{"line":null,"column":-1}},"loc":{"start":{"line":6,"column":0},"end":{"line":6,"column":-1}}},"1":{"name":"Stack","decl":{"start":{"line":17,"column":4},"end":{"line":null,"column":-1}},"loc":{"start":{"line":17,"column":4},"end":{"line":20,"column":5}}},"2":{"name":"(anonymous_8)","decl":{"start":{"line":22,"column":4},"end":{"line":null,"column":-1}},"loc":{"start":{"line":22,"column":4},"end":{"line":25,"column":5}}},"3":{"name":"(anonymous_9)","decl":{"start":{"line":27,"column":4},"end":{"line":null,"column":-1}},"loc":{"start":{"line":27,"column":4},"end":{"line":32,"column":5}}},"4":{"name":"(anonymous_10)","decl":{"start":{"line":29,"column":39},"end":{"line":29,"column":39}},"loc":{"start":{"line":29,"column":45},"end":{"line":29,"column":62}}},"5":{"name":"(anonymous_11)","decl":{"start":{"line":34,"column":4},"end":{"line":null,"column":-1}},"loc":{"start":{"line":34,"column":4},"end":{"line":39,"column":5}}},"6":{"name":"(anonymous_12)","decl":{"start":{"line":41,"column":4},"end":{"line":null,"column":-1}},"loc":{"start":{"line":41,"column":4},"end":{"line":44,"column":5}}},"7":{"name":"(anonymous_13)","decl":{"start":{"line":46,"column":4},"end":{"line":null,"column":-1}},"loc":{"start":{"line":46,"column":4},"end":{"line":51,"column":5}}},"8":{"name":"(anonymous_14)","decl":{"start":{"line":47,"column":22},"end":{"line":47,"column":22}},"loc":{"start":{"line":47,"column":27},"end":{"line":49,"column":9}}},"9":{"name":"(anonymous_15)","decl":{"start":{"line":53,"column":4},"end":{"line":null,"column":-1}},"loc":{"start":{"line":53,"column":4},"end":{"line":55,"column":5}}},"10":{"name":"(anonymous_16)","decl":{"start":{"line":62,"column":4},"end":{"line":null,"column":-1}},"loc":{"start":{"line":62,"column":4},"end":{"line":66,"column":5}}}},"branchMap":{"0":{"loc":{"start":{"line":18,"column":8},"end":{"line":18,"column":15}},"type":"binary-expr","locations":[{"start":{"line":18,"column":8},"end":{"line":18,"column":15}},{"start":{"line":18,"column":15},"end":{"line":20,"column":4}}]},"1":{"loc":{"start":{"line":35,"column":8},"end":{"line":37,"column":9}},"type":"if","locations":[{"start":{"line":35,"column":8},"end":{"line":37,"column":9}},{"start":{"line":35,"column":8},"end":{"line":37,"column":9}}]},"2":{"loc":{"start":{"line":63,"column":8},"end":{"line":65,"column":9}},"type":"if","locations":[{"start":{"line":63,"column":8},"end":{"line":65,"column":9}},{"start":{"line":63,"column":8},"end":{"line":65,"column":9}}]}},"s":{"0":4,"1":4,"2":4,"3":4,"4":4,"5":4,"6":4,"7":4,"8":4,"9":1,"10":1,"11":4,"12":2,"13":2,"14":200,"15":2,"16":2,"17":4,"18":106,"19":1,"20":105,"21":4,"22":101,"23":100,"24":4,"25":100,"26":100,"27":100,"28":100,"29":100,"30":100,"31":4,"32":415,"33":4,"34":101,"35":1,"36":4,"37":4},"f":{"0":4,"1":4,"2":1,"3":2,"4":200,"5":106,"6":101,"7":100,"8":100,"9":415,"10":101},"b":{"0":[4,4],"1":[1,105],"2":[1,100]}}
,"/home/deepak/Desktop/crushers/cop/bag/src/Stack/index.ts": {"path":"/home/deepak/Desktop/crushers/cop/bag/src/Stack/index.ts","statementMap":{"0":{"start":{"line":2,"column":0},"end":{"line":2,"column":27}},"1":{"start":{"line":7,"column":0},"end":{"line":7,"column":21}}},"fnMap":{},"branchMap":{},"s":{"0":4,"1":4},"f":{},"b":{}}
,"/home/deepak/Desktop/crushers/cop/bag/src/containers/Node.ts": {"path":"/home/deepak/Desktop/crushers/cop/bag/src/containers/Node.ts","statementMap":{"0":{"start":{"line":1,"column":0},"end":{"line":1,"column":58}},"1":{"start":{"line":5,"column":0},"end":{"line":73,"column":0}},"2":{"start":{"line":48,"column":8},"end":{"line":48,"column":28}},"3":{"start":{"line":49,"column":8},"end":{"line":49,"column":57}},"4":{"start":{"line":7,"column":4},"end":{"line":9,"column":5}},"5":{"start":{"line":12,"column":8},"end":{"line":12,"column":27}},"6":{"start":{"line":8,"column":8},"end":{"line":8,"column":28}},"7":{"start":{"line":15,"column":4},"end":{"line":24,"column":5}},"8":{"start":{"line":16,"column":19},"end":{"line":16,"column":37}},"9":{"start":{"line":17,"column":21},"end":{"line":17,"column":23}},"10":{"start":{"line":18,"column":8},"end":{"line":22,"column":9}},"11":{"start":{"line":19,"column":12},"end":{"line":21,"column":13}},"12":{"start":{"line":20,"column":16},"end":{"line":20,"column":31}},"13":{"start":{"line":23,"column":8},"end":{"line":23,"column":20}},"14":{"start":{"line":26,"column":4},"end":{"line":28,"column":5}},"15":{"start":{"line":31,"column":8},"end":{"line":31,"column":37}},"16":{"start":{"line":27,"column":8},"end":{"line":27,"column":38}},"17":{"start":{"line":34,"column":4},"end":{"line":36,"column":5}},"18":{"start":{"line":39,"column":8},"end":{"line":39,"column":38}},"19":{"start":{"line":35,"column":8},"end":{"line":35,"column":39}},"20":{"start":{"line":52,"column":11},"end":{"line":54,"column":5}},"21":{"start":{"line":53,"column":8},"end":{"line":53,"column":36}},"22":{"start":{"line":56,"column":11},"end":{"line":58,"column":5}},"23":{"start":{"line":57,"column":8},"end":{"line":57,"column":32}},"24":{"start":{"line":60,"column":11},"end":{"line":65,"column":5}},"25":{"start":{"line":61,"column":22},"end":{"line":61,"column":39}},"26":{"start":{"line":62,"column":21},"end":{"line":62,"column":44}},"27":{"start":{"line":63,"column":8},"end":{"line":63,"column":84}},"28":{"start":{"line":63,"column":40},"end":{"line":63,"column":82}},"29":{"start":{"line":64,"column":8},"end":{"line":64,"column":20}},"30":{"start":{"line":67,"column":14},"end":{"line":72,"column":5}},"31":{"start":{"line":68,"column":8},"end":{"line":70,"column":9}},"32":{"start":{"line":69,"column":12},"end":{"line":69,"column":54}},"33":{"start":{"line":71,"column":8},"end":{"line":71,"column":20}},"34":{"start":{"line":42,"column":27},"end":{"line":42,"column":41}},"35":{"start":{"line":43,"column":27},"end":{"line":43,"column":43}},"36":{"start":{"line":73,"column":0},"end":{"line":73,"column":1}},"37":{"start":{"line":75,"column":0},"end":{"line":75,"column":20}}},"fnMap":{"0":{"name":"(anonymous_0)","decl":{"start":{"line":5,"column":0},"end":{"line":null,"column":-1}},"loc":{"start":{"line":5,"column":0},"end":{"line":5,"column":-1}}},"1":{"name":"Node","decl":{"start":{"line":47,"column":4},"end":{"line":47,"column":15}},"loc":{"start":{"line":47,"column":27},"end":{"line":50,"column":5}}},"2":{"name":"(anonymous_2)","decl":{"start":{"line":11,"column":4},"end":{"line":null,"column":-1}},"loc":{"start":{"line":11,"column":4},"end":{"line":13,"column":5}}},"3":{"name":"(anonymous_3)","decl":{"start":{"line":7,"column":4},"end":{"line":7,"column":20}},"loc":{"start":{"line":7,"column":32},"end":{"line":9,"column":5}}},"4":{"name":"(anonymous_4)","decl":{"start":{"line":15,"column":4},"end":{"line":null,"column":-1}},"loc":{"start":{"line":15,"column":4},"end":{"line":24,"column":5}}},"5":{"name":"(anonymous_5)","decl":{"start":{"line":30,"column":4},"end":{"line":null,"column":-1}},"loc":{"start":{"line":30,"column":4},"end":{"line":32,"column":5}}},"6":{"name":"(anonymous_6)","decl":{"start":{"line":26,"column":4},"end":{"line":26,"column":19}},"loc":{"start":{"line":26,"column":41},"end":{"line":28,"column":5}}},"7":{"name":"(anonymous_7)","decl":{"start":{"line":38,"column":4},"end":{"line":null,"column":-1}},"loc":{"start":{"line":38,"column":4},"end":{"line":40,"column":5}}},"8":{"name":"(anonymous_8)","decl":{"start":{"line":34,"column":4},"end":{"line":34,"column":20}},"loc":{"start":{"line":34,"column":42},"end":{"line":36,"column":5}}},"9":{"name":"(anonymous_9)","decl":{"start":{"line":52,"column":4},"end":{"line":52,"column":18}},"loc":{"start":{"line":52,"column":54},"end":{"line":54,"column":5}}},"10":{"name":"(anonymous_10)","decl":{"start":{"line":56,"column":4},"end":{"line":56,"column":17}},"loc":{"start":{"line":56,"column":29},"end":{"line":58,"column":5}}},"11":{"name":"(anonymous_11)","decl":{"start":{"line":60,"column":4},"end":{"line":null,"column":-1}},"loc":{"start":{"line":60,"column":4},"end":{"line":65,"column":5}}},"12":{"name":"(anonymous_12)","decl":{"start":{"line":63,"column":28},"end":{"line":63,"column":28}},"loc":{"start":{"line":63,"column":35},"end":{"line":63,"column":82}}},"13":{"name":"(anonymous_13)","decl":{"start":{"line":67,"column":4},"end":{"line":67,"column":19}},"loc":{"start":{"line":67,"column":31},"end":{"line":72,"column":5}}}},"branchMap":{"0":{"loc":{"start":{"line":19,"column":12},"end":{"line":21,"column":13}},"type":"if","locations":[{"start":{"line":19,"column":12},"end":{"line":21,"column":13}},{"start":{"line":19,"column":12},"end":{"line":21,"column":13}}]},"1":{"loc":{"start":{"line":63,"column":65},"end":{"line":63,"column":74}},"type":"cond-expr","locations":[{"start":{"line":63,"column":65},"end":{"line":63,"column":74}},{"start":{"line":63,"column":77},"end":{"line":63,"column":81}}]},"2":{"loc":{"start":{"line":68,"column":8},"end":{"line":70,"column":9}},"type":"if","locations":[{"start":{"line":68,"column":8},"end":{"line":70,"column":9}},{"start":{"line":68,"column":8},"end":{"line":70,"column":9}}]}},"s":{"0":4,"1":4,"2":41,"3":41,"4":4,"5":87,"6":0,"7":4,"8":0,"9":0,"10":0,"11":0,"12":0,"13":0,"14":4,"15":0,"16":0,"17":4,"18":194,"19":35,"20":4,"21":35,"22":4,"23":0,"24":4,"25":5,"26":5,"27":5,"28":4,"29":5,"30":4,"31":194,"32":155,"33":39,"34":4,"35":4,"36":4,"37":4},"f":{"0":4,"1":41,"2":87,"3":0,"4":0,"5":0,"6":0,"7":194,"8":35,"9":35,"10":0,"11":5,"12":4,"13":194},"b":{"0":[0,0],"1":[4,0],"2":[155,39]}}
,"/home/deepak/Desktop/crushers/cop/bag/src/containers/index.ts": {"path":"/home/deepak/Desktop/crushers/cop/bag/src/containers/index.ts","statementMap":{"0":{"start":{"line":1,"column":0},"end":{"line":1,"column":25}},"1":{"start":{"line":4,"column":4},"end":{"line":4,"column":8}}},"fnMap":{},"branchMap":{},"s":{"0":4,"1":4},"f":{},"b":{}}
,"/home/deepak/Desktop/crushers/cop/bag/src/exceptions/EmptyCollection.ts": {"path":"/home/deepak/Desktop/crushers/cop/bag/src/exceptions/EmptyCollection.ts","statementMap":{"0":{"start":{"line":1,"column":0},"end":{"line":1,"column":44}},"1":{"start":{"line":1,"column":39},"end":{"line":1,"column":44}},"2":{"start":{"line":5,"column":0},"end":{"line":5,"column":1}},"3":{"start":{"line":7,"column":0},"end":{"line":7,"column":40}}},"fnMap":{"0":{"name":"(anonymous_6)","decl":{"start":{"line":1,"column":0},"end":{"line":null,"column":-1}},"loc":{"start":{"line":1,"column":0},"end":{"line":1,"column":-1}}},"1":{"name":"EmptyCollectionException","decl":{"start":{"line":2,"column":4},"end":{"line":null,"column":-1}},"loc":{"start":{"line":2,"column":4},"end":{"line":4,"column":5}}}},"branchMap":{"0":{"loc":{"start":{"line":3,"column":8},"end":{"line":3,"column":44}},"type":"binary-expr","locations":[{"start":{"line":3,"column":8},"end":{"line":3,"column":44}},{"start":{"line":3,"column":44},"end":{"line":null,"column":-1}}]}},"s":{"0":5,"1":5,"2":5,"3":5},"f":{"0":5,"1":12},"b":{"0":[12,0]}}
,"/home/deepak/Desktop/crushers/cop/bag/src/exceptions/NaNException.ts": {"path":"/home/deepak/Desktop/crushers/cop/bag/src/exceptions/NaNException.ts","statementMap":{"0":{"start":{"line":1,"column":0},"end":{"line":1,"column":32}},"1":{"start":{"line":1,"column":27},"end":{"line":1,"column":32}},"2":{"start":{"line":5,"column":0},"end":{"line":5,"column":1}},"3":{"start":{"line":7,"column":0},"end":{"line":7,"column":28}}},"fnMap":{"0":{"name":"(anonymous_6)","decl":{"start":{"line":1,"column":0},"end":{"line":null,"column":-1}},"loc":{"start":{"line":1,"column":0},"end":{"line":1,"column":-1}}},"1":{"name":"NaNException","decl":{"start":{"line":2,"column":4},"end":{"line":null,"column":-1}},"loc":{"start":{"line":2,"column":4},"end":{"line":4,"column":5}}}},"branchMap":{"0":{"loc":{"start":{"line":3,"column":8},"end":{"line":3,"column":38}},"type":"binary-expr","locations":[{"start":{"line":3,"column":8},"end":{"line":3,"column":38}},{"start":{"line":3,"column":38},"end":{"line":null,"column":-1}}]}},"s":{"0":5,"1":5,"2":5,"3":5},"f":{"0":5,"1":0},"b":{"0":[0,0]}}
,"/home/deepak/Desktop/crushers/cop/bag/src/exceptions/NotFound.ts": {"path":"/home/deepak/Desktop/crushers/cop/bag/src/exceptions/NotFound.ts","statementMap":{"0":{"start":{"line":1,"column":0},"end":{"line":1,"column":37}},"1":{"start":{"line":1,"column":32},"end":{"line":1,"column":37}},"2":{"start":{"line":5,"column":0},"end":{"line":5,"column":1}},"3":{"start":{"line":7,"column":0},"end":{"line":7,"column":33}}},"fnMap":{"0":{"name":"(anonymous_6)","decl":{"start":{"line":1,"column":0},"end":{"line":null,"column":-1}},"loc":{"start":{"line":1,"column":0},"end":{"line":1,"column":-1}}},"1":{"name":"NotFoundException","decl":{"start":{"line":2,"column":4},"end":{"line":null,"column":-1}},"loc":{"start":{"line":2,"column":4},"end":{"line":4,"column":5}}}},"branchMap":{"0":{"loc":{"start":{"line":3,"column":8},"end":{"line":3,"column":45}},"type":"binary-expr","locations":[{"start":{"line":3,"column":8},"end":{"line":3,"column":45}},{"start":{"line":3,"column":45},"end":{"line":null,"column":-1}}]}},"s":{"0":5,"1":5,"2":5,"3":5},"f":{"0":5,"1":8},"b":{"0":[8,0]}}
,"/home/deepak/Desktop/crushers/cop/bag/src/exceptions/OutOfBounds.ts": {"path":"/home/deepak/Desktop/crushers/cop/bag/src/exceptions/OutOfBounds.ts","statementMap":{"0":{"start":{"line":1,"column":0},"end":{"line":1,"column":40}},"1":{"start":{"line":1,"column":35},"end":{"line":1,"column":40}},"2":{"start":{"line":5,"column":0},"end":{"line":5,"column":1}},"3":{"start":{"line":7,"column":0},"end":{"line":7,"column":36}}},"fnMap":{"0":{"name":"(anonymous_6)","decl":{"start":{"line":1,"column":0},"end":{"line":null,"column":-1}},"loc":{"start":{"line":1,"column":0},"end":{"line":1,"column":-1}}},"1":{"name":"OutOfBoundsException","decl":{"start":{"line":2,"column":4},"end":{"line":null,"column":-1}},"loc":{"start":{"line":2,"column":4},"end":{"line":4,"column":5}}}},"branchMap":{"0":{"loc":{"start":{"line":3,"column":8},"end":{"line":3,"column":49}},"type":"binary-expr","locations":[{"start":{"line":3,"column":8},"end":{"line":3,"column":49}},{"start":{"line":3,"column":49},"end":{"line":null,"column":-1}}]}},"s":{"0":5,"1":5,"2":5,"3":5},"f":{"0":5,"1":6},"b":{"0":[6,0]}}
,"/home/deepak/Desktop/crushers/cop/bag/src/exceptions/index.ts": {"path":"/home/deepak/Desktop/crushers/cop/bag/src/exceptions/index.ts","statementMap":{"0":{"start":{"line":1,"column":0},"end":{"line":1,"column":56}},"1":{"start":{"line":8,"column":4},"end":{"line":8,"column":28}},"2":{"start":{"line":2,"column":0},"end":{"line":2,"column":41}},"3":{"start":{"line":10,"column":4},"end":{"line":10,"column":16}},"4":{"start":{"line":3,"column":0},"end":{"line":3,"column":42}},"5":{"start":{"line":9,"column":4},"end":{"line":9,"column":21}},"6":{"start":{"line":4,"column":0},"end":{"line":4,"column":48}},"7":{"start":{"line":7,"column":4},"end":{"line":7,"column":24}}},"fnMap":{},"branchMap":{},"s":{"0":5,"1":5,"2":5,"3":5,"4":5,"5":5,"6":5,"7":5},"f":{},"b":{}}
}
