{"/home/deepak/Desktop/crushers/cop/bag/src/index.ts": {"path":"/home/deepak/Desktop/crushers/cop/bag/src/index.ts","statementMap":{"0":{"start":{"line":1,"column":0},"end":{"line":1,"column":28}},"1":{"start":{"line":8,"column":4},"end":{"line":8,"column":8}},"2":{"start":{"line":2,"column":0},"end":{"line":2,"column":27}},"3":{"start":{"line":6,"column":4},"end":{"line":6,"column":9}},"4":{"start":{"line":3,"column":0},"end":{"line":3,"column":27}},"5":{"start":{"line":7,"column":4},"end":{"line":7,"column":9}}},"fnMap":{},"branchMap":{},"s":{"0":3,"1":3,"2":3,"3":3,"4":3,"5":3},"f":{},"b":{}}
,"/home/deepak/Desktop/crushers/cop/bag/src/Collection/AbstractCollection.ts": {"path":"/home/deepak/Desktop/crushers/cop/bag/src/Collection/AbstractCollection.ts","statementMap":{"0":{"start":{"line":2,"column":0},"end":{"line":2,"column":33}},"1":{"start":{"line":7,"column":0},"end":{"line":66,"column":0}},"2":{"start":{"line":33,"column":12},"end":{"line":38,"column":5}},"3":{"start":{"line":34,"column":14},"end":{"line":34,"column":38}},"4":{"start":{"line":35,"column":27},"end":{"line":null,"column":-1}},"5":{"start":{"line":36,"column":12},"end":{"line":36,"column":27}},"6":{"start":{"line":36,"column":12},"end":{"line":36,"column":28}},"7":{"start":{"line":44,"column":11},"end":{"line":46,"column":5}},"8":{"start":{"line":45,"column":8},"end":{"line":45,"column":40}},"9":{"start":{"line":63,"column":11},"end":{"line":65,"column":5}},"10":{"start":{"line":64,"column":8},"end":{"line":64,"column":33}},"11":{"start":{"line":66,"column":0},"end":{"line":66,"column":1}},"12":{"start":{"line":68,"column":0},"end":{"line":68,"column":34}}},"fnMap":{"0":{"name":"(anonymous_7)","decl":{"start":{"line":7,"column":0},"end":{"line":null,"column":-1}},"loc":{"start":{"line":7,"column":0},"end":{"line":7,"column":-1}}},"1":{"name":"(anonymous_9)","decl":{"start":{"line":33,"column":4},"end":{"line":null,"column":-1}},"loc":{"start":{"line":33,"column":4},"end":{"line":38,"column":5}}},"2":{"name":"(anonymous_11)","decl":{"start":{"line":44,"column":4},"end":{"line":null,"column":-1}},"loc":{"start":{"line":44,"column":4},"end":{"line":46,"column":5}}},"3":{"name":"(anonymous_12)","decl":{"start":{"line":63,"column":4},"end":{"line":null,"column":-1}},"loc":{"start":{"line":63,"column":4},"end":{"line":65,"column":5}}}},"branchMap":{},"s":{"0":3,"1":3,"2":3,"3":2,"4":2,"5":200,"6":200,"7":3,"8":19,"9":3,"10":310,"11":3,"12":3},"f":{"0":26,"1":2,"2":19,"3":310},"b":{}}
,"/home/deepak/Desktop/crushers/cop/bag/src/Collection/ICloneable.ts": {"path":"/home/deepak/Desktop/crushers/cop/bag/src/Collection/ICloneable.ts","statementMap":{"0":{"start":{"line":6,"column":4},"end":{"line":6,"column":53}},"1":{"start":{"line":5,"column":0},"end":{"line":7,"column":1}}},"fnMap":{"0":{"name":"isCloneable","decl":{"start":{"line":5,"column":16},"end":{"line":5,"column":27}},"loc":{"start":{"line":5,"column":38},"end":{"line":7,"column":1}}}},"branchMap":{},"s":{"0":5,"1":3},"f":{"0":5},"b":{}}
,"/home/deepak/Desktop/crushers/cop/bag/src/Collection/Iterator.ts": {"path":"/home/deepak/Desktop/crushers/cop/bag/src/Collection/Iterator.ts","statementMap":{"0":{"start":{"line":1,"column":0},"end":{"line":1,"column":76}},"1":{"start":{"line":25,"column":0},"end":{"line":135,"column":0}},"2":{"start":{"line":49,"column":12},"end":{"line":49,"column":31}},"3":{"start":{"line":50,"column":12},"end":{"line":50,"column":51}},"4":{"start":{"line":57,"column":8},"end":{"line":57,"column":42}},"5":{"start":{"line":58,"column":8},"end":{"line":58,"column":41}},"6":{"start":{"line":30,"column":4},"end":{"line":32,"column":5}},"7":{"start":{"line":31,"column":8},"end":{"line":31,"column":28}},"8":{"start":{"line":37,"column":4},"end":{"line":39,"column":5}},"9":{"start":{"line":38,"column":8},"end":{"line":38,"column":27}},"10":{"start":{"line":44,"column":4},"end":{"line":46,"column":5}},"11":{"start":{"line":45,"column":8},"end":{"line":45,"column":29}},"12":{"start":{"line":65,"column":11},"end":{"line":67,"column":5}},"13":{"start":{"line":66,"column":8},"end":{"line":66,"column":40}},"14":{"start":{"line":73,"column":11},"end":{"line":75,"column":5}},"15":{"start":{"line":74,"column":8},"end":{"line":74,"column":30}},"16":{"start":{"line":83,"column":11},"end":{"line":89,"column":5}},"17":{"start":{"line":84,"column":8},"end":{"line":84,"column":31}},"18":{"start":{"line":85,"column":8},"end":{"line":87,"column":9}},"19":{"start":{"line":86,"column":12},"end":{"line":86,"column":45}},"20":{"start":{"line":88,"column":8},"end":{"line":88,"column":57}},"21":{"start":{"line":97,"column":11},"end":{"line":103,"column":5}},"22":{"start":{"line":98,"column":8},"end":{"line":98,"column":31}},"23":{"start":{"line":99,"column":8},"end":{"line":101,"column":9}},"24":{"start":{"line":100,"column":12},"end":{"line":100,"column":45}},"25":{"start":{"line":102,"column":8},"end":{"line":102,"column":57}},"26":{"start":{"line":108,"column":11},"end":{"line":110,"column":5}},"27":{"start":{"line":109,"column":8},"end":{"line":109,"column":24}},"28":{"start":{"line":115,"column":11},"end":{"line":119,"column":5}},"29":{"start":{"line":116,"column":8},"end":{"line":116,"column":31}},"30":{"start":{"line":117,"column":8},"end":{"line":117,"column":34}},"31":{"start":{"line":118,"column":8},"end":{"line":118,"column":52}},"32":{"start":{"line":124,"column":11},"end":{"line":128,"column":5}},"33":{"start":{"line":125,"column":8},"end":{"line":125,"column":31}},"34":{"start":{"line":126,"column":8},"end":{"line":126,"column":24}},"35":{"start":{"line":127,"column":8},"end":{"line":127,"column":38}},"36":{"start":{"line":130,"column":12},"end":{"line":134,"column":5}},"37":{"start":{"line":131,"column":8},"end":{"line":133,"column":9}},"38":{"start":{"line":132,"column":12},"end":{"line":132,"column":49}},"39":{"start":{"line":135,"column":0},"end":{"line":135,"column":1}},"40":{"start":{"line":137,"column":0},"end":{"line":137,"column":24}}},"fnMap":{"0":{"name":"(anonymous_0)","decl":{"start":{"line":25,"column":0},"end":{"line":null,"column":-1}},"loc":{"start":{"line":25,"column":0},"end":{"line":25,"column":-1}}},"1":{"name":"Iterator","decl":{"start":{"line":56,"column":4},"end":{"line":56,"column":15}},"loc":{"start":{"line":56,"column":45},"end":{"line":59,"column":5}}},"2":{"name":"(anonymous_2)","decl":{"start":{"line":30,"column":4},"end":{"line":null,"column":-1}},"loc":{"start":{"line":30,"column":4},"end":{"line":32,"column":5}}},"3":{"name":"(anonymous_3)","decl":{"start":{"line":37,"column":4},"end":{"line":null,"column":-1}},"loc":{"start":{"line":37,"column":4},"end":{"line":39,"column":5}}},"4":{"name":"(anonymous_4)","decl":{"start":{"line":44,"column":4},"end":{"line":null,"column":-1}},"loc":{"start":{"line":44,"column":4},"end":{"line":46,"column":5}}},"5":{"name":"(anonymous_5)","decl":{"start":{"line":65,"column":4},"end":{"line":null,"column":-1}},"loc":{"start":{"line":65,"column":4},"end":{"line":67,"column":5}}},"6":{"name":"(anonymous_6)","decl":{"start":{"line":73,"column":4},"end":{"line":null,"column":-1}},"loc":{"start":{"line":73,"column":4},"end":{"line":75,"column":5}}},"7":{"name":"(anonymous_7)","decl":{"start":{"line":83,"column":4},"end":{"line":null,"column":-1}},"loc":{"start":{"line":83,"column":4},"end":{"line":89,"column":5}}},"8":{"name":"(anonymous_8)","decl":{"start":{"line":97,"column":4},"end":{"line":null,"column":-1}},"loc":{"start":{"line":97,"column":4},"end":{"line":103,"column":5}}},"9":{"name":"(anonymous_9)","decl":{"start":{"line":108,"column":4},"end":{"line":null,"column":-1}},"loc":{"start":{"line":108,"column":4},"end":{"line":110,"column":5}}},"10":{"name":"(anonymous_10)","decl":{"start":{"line":115,"column":4},"end":{"line":null,"column":-1}},"loc":{"start":{"line":115,"column":4},"end":{"line":119,"column":5}}},"11":{"name":"(anonymous_11)","decl":{"start":{"line":124,"column":4},"end":{"line":null,"column":-1}},"loc":{"start":{"line":124,"column":4},"end":{"line":128,"column":5}}},"12":{"name":"(anonymous_12)","decl":{"start":{"line":130,"column":4},"end":{"line":null,"column":-1}},"loc":{"start":{"line":130,"column":4},"end":{"line":134,"column":5}}}},"branchMap":{"0":{"loc":{"start":{"line":85,"column":8},"end":{"line":87,"column":9}},"type":"if","locations":[{"start":{"line":85,"column":8},"end":{"line":87,"column":9}},{"start":{"line":85,"column":8},"end":{"line":87,"column":9}}]},"1":{"loc":{"start":{"line":99,"column":8},"end":{"line":101,"column":9}},"type":"if","locations":[{"start":{"line":99,"column":8},"end":{"line":101,"column":9}},{"start":{"line":99,"column":8},"end":{"line":101,"column":9}}]},"2":{"loc":{"start":{"line":131,"column":8},"end":{"line":133,"column":9}},"type":"if","locations":[{"start":{"line":131,"column":8},"end":{"line":133,"column":9}},{"start":{"line":131,"column":8},"end":{"line":133,"column":9}}]}},"s":{"0":3,"1":3,"2":19,"3":19,"4":19,"5":19,"6":3,"7":2679,"8":3,"9":2043,"10":3,"11":8,"12":3,"13":1637,"14":3,"15":406,"16":3,"17":823,"18":823,"19":1,"20":822,"21":3,"22":203,"23":203,"24":1,"25":202,"26":3,"27":2,"28":3,"29":1,"30":1,"31":1,"32":3,"33":3,"34":2,"35":2,"36":3,"37":1030,"38":1,"39":3,"40":3},"f":{"0":3,"1":19,"2":2679,"3":2043,"4":8,"5":1637,"6":406,"7":823,"8":203,"9":2,"10":1,"11":3,"12":1030},"b":{"0":[1,822],"1":[1,202],"2":[1,1029]}}
,"/home/deepak/Desktop/crushers/cop/bag/src/Collection/index.ts": {"path":"/home/deepak/Desktop/crushers/cop/bag/src/Collection/index.ts","statementMap":{"0":{"start":{"line":1,"column":0},"end":{"line":1,"column":53}},"1":{"start":{"line":10,"column":4},"end":{"line":10,"column":22}},"2":{"start":{"line":4,"column":0},"end":{"line":4,"column":33}},"3":{"start":{"line":9,"column":4},"end":{"line":9,"column":12}}},"fnMap":{},"branchMap":{},"s":{"0":3,"1":3,"2":3,"3":3},"f":{},"b":{}}
,"/home/deepak/Desktop/crushers/cop/bag/src/Lists/index.ts": {"path":"/home/deepak/Desktop/crushers/cop/bag/src/Lists/index.ts","statementMap":{"0":{"start":{"line":1,"column":0},"end":{"line":1,"column":34}},"1":{"start":{"line":4,"column":4},"end":{"line":4,"column":8}}},"fnMap":{},"branchMap":{},"s":{"0":3,"1":3},"f":{},"b":{}}
,"/home/deepak/Desktop/crushers/cop/bag/src/Lists/List/List.ts": {"path":"/home/deepak/Desktop/crushers/cop/bag/src/Lists/List/List.ts","statementMap":{"0":{"start":{"line":1,"column":0},"end":{"line":1,"column":51}},"1":{"start":{"line":2,"column":0},"end":{"line":2,"column":98}},"2":{"start":{"line":4,"column":0},"end":{"line":4,"column":25}},"3":{"start":{"line":6,"column":0},"end":{"line":6,"column":43}},"4":{"start":{"line":6,"column":25},"end":{"line":6,"column":49}},"5":{"start":{"line":6,"column":0},"end":{"line":184,"column":0}},"6":{"start":{"line":11,"column":12},"end":{"line":11,"column":44}},"7":{"start":{"line":12,"column":12},"end":{"line":12,"column":32}},"8":{"start":{"line":8,"column":4},"end":{"line":10,"column":5}},"9":{"start":{"line":9,"column":8},"end":{"line":9,"column":40}},"10":{"start":{"line":14,"column":11},"end":{"line":17,"column":5}},"11":{"start":{"line":15,"column":8},"end":{"line":15,"column":26}},"12":{"start":{"line":16,"column":8},"end":{"line":16,"column":25}},"13":{"start":{"line":19,"column":11},"end":{"line":25,"column":5}},"14":{"start":{"line":20,"column":21},"end":{"line":20,"column":59}},"15":{"start":{"line":21,"column":21},"end":{"line":21,"column":37}},"16":{"start":{"line":22,"column":8},"end":{"line":22,"column":26}},"17":{"start":{"line":23,"column":8},"end":{"line":23,"column":36}},"18":{"start":{"line":24,"column":8},"end":{"line":24,"column":20}},"19":{"start":{"line":27,"column":11},"end":{"line":44,"column":5}},"20":{"start":{"line":28,"column":8},"end":{"line":28,"column":27}},"21":{"start":{"line":29,"column":19},"end":{"line":29,"column":28}},"22":{"start":{"line":30,"column":8},"end":{"line":34,"column":9}},"23":{"start":{"line":31,"column":12},"end":{"line":31,"column":35}},"24":{"start":{"line":32,"column":12},"end":{"line":32,"column":27}},"25":{"start":{"line":33,"column":12},"end":{"line":33,"column":30}},"26":{"start":{"line":35,"column":8},"end":{"line":42,"column":9}},"27":{"start":{"line":36,"column":12},"end":{"line":40,"column":13}},"28":{"start":{"line":37,"column":16},"end":{"line":37,"column":31}},"29":{"start":{"line":38,"column":16},"end":{"line":38,"column":43}},"30":{"start":{"line":39,"column":16},"end":{"line":39,"column":29}},"31":{"start":{"line":41,"column":12},"end":{"line":41,"column":29}},"32":{"start":{"line":43,"column":8},"end":{"line":43,"column":38}},"33":{"start":{"line":46,"column":11},"end":{"line":52,"column":5}},"34":{"start":{"line":47,"column":8},"end":{"line":47,"column":27}},"35":{"start":{"line":48,"column":18},"end":{"line":48,"column":27}},"36":{"start":{"line":49,"column":8},"end":{"line":49,"column":28}},"37":{"start":{"line":50,"column":8},"end":{"line":50,"column":23}},"38":{"start":{"line":51,"column":8},"end":{"line":51,"column":23}},"39":{"start":{"line":54,"column":11},"end":{"line":69,"column":5}},"40":{"start":{"line":55,"column":8},"end":{"line":55,"column":27}},"41":{"start":{"line":56,"column":19},"end":{"line":56,"column":28}},"42":{"start":{"line":57,"column":8},"end":{"line":61,"column":9}},"43":{"start":{"line":58,"column":12},"end":{"line":58,"column":30}},"44":{"start":{"line":59,"column":12},"end":{"line":59,"column":27}},"45":{"start":{"line":60,"column":12},"end":{"line":60,"column":30}},"46":{"start":{"line":62,"column":8},"end":{"line":64,"column":9}},"47":{"start":{"line":63,"column":12},"end":{"line":63,"column":43}},"48":{"start":{"line":65,"column":21},"end":{"line":65,"column":44}},"49":{"start":{"line":66,"column":8},"end":{"line":66,"column":25}},"50":{"start":{"line":67,"column":8},"end":{"line":67,"column":23}},"51":{"start":{"line":68,"column":8},"end":{"line":68,"column":26}},"52":{"start":{"line":71,"column":11},"end":{"line":82,"column":5}},"53":{"start":{"line":72,"column":19},"end":{"line":72,"column":29}},"54":{"start":{"line":73,"column":8},"end":{"line":75,"column":9}},"55":{"start":{"line":74,"column":12},"end":{"line":74,"column":22}},"56":{"start":{"line":76,"column":32},"end":{"line":76,"column":34}},"57":{"start":{"line":77,"column":8},"end":{"line":80,"column":23}},"58":{"start":{"line":78,"column":12},"end":{"line":78,"column":37}},"59":{"start":{"line":79,"column":12},"end":{"line":79,"column":29}},"60":{"start":{"line":81,"column":8},"end":{"line":81,"column":23}},"61":{"start":{"line":84,"column":11},"end":{"line":92,"column":5}},"62":{"start":{"line":85,"column":20},"end":{"line":85,"column":40}},"63":{"start":{"line":86,"column":21},"end":{"line":86,"column":29}},"64":{"start":{"line":87,"column":21},"end":{"line":87,"column":42}},"65":{"start":{"line":88,"column":8},"end":{"line":88,"column":24}},"66":{"start":{"line":89,"column":8},"end":{"line":89,"column":25}},"67":{"start":{"line":90,"column":8},"end":{"line":90,"column":23}},"68":{"start":{"line":91,"column":8},"end":{"line":91,"column":20}},"69":{"start":{"line":94,"column":11},"end":{"line":116,"column":5}},"70":{"start":{"line":95,"column":8},"end":{"line":97,"column":9}},"71":{"start":{"line":96,"column":12},"end":{"line":96,"column":45}},"72":{"start":{"line":98,"column":21},"end":{"line":98,"column":42}},"73":{"start":{"line":99,"column":8},"end":{"line":104,"column":9}},"74":{"start":{"line":100,"column":12},"end":{"line":100,"column":34}},"75":{"start":{"line":101,"column":12},"end":{"line":101,"column":30}},"76":{"start":{"line":102,"column":12},"end":{"line":102,"column":27}},"77":{"start":{"line":103,"column":12},"end":{"line":103,"column":24}},"78":{"start":{"line":105,"column":16},"end":{"line":105,"column":21}},"79":{"start":{"line":106,"column":19},"end":{"line":106,"column":28}},"80":{"start":{"line":107,"column":8},"end":{"line":110,"column":9}},"81":{"start":{"line":108,"column":12},"end":{"line":108,"column":43}},"82":{"start":{"line":109,"column":12},"end":{"line":109,"column":16}},"83":{"start":{"line":111,"column":8},"end":{"line":111,"column":23}},"84":{"start":{"line":112,"column":21},"end":{"line":112,"column":30}},"85":{"start":{"line":113,"column":8},"end":{"line":113,"column":25}},"86":{"start":{"line":114,"column":8},"end":{"line":114,"column":25}},"87":{"start":{"line":115,"column":8},"end":{"line":115,"column":20}},"88":{"start":{"line":118,"column":11},"end":{"line":124,"column":5}},"89":{"start":{"line":119,"column":8},"end":{"line":119,"column":23}},"90":{"start":{"line":120,"column":21},"end":{"line":120,"column":42}},"91":{"start":{"line":121,"column":8},"end":{"line":121,"column":31}},"92":{"start":{"line":122,"column":8},"end":{"line":122,"column":26}},"93":{"start":{"line":123,"column":8},"end":{"line":123,"column":20}},"94":{"start":{"line":126,"column":11},"end":{"line":140,"column":5}},"95":{"start":{"line":127,"column":21},"end":{"line":127,"column":42}},"96":{"start":{"line":128,"column":8},"end":{"line":132,"column":9}},"97":{"start":{"line":129,"column":12},"end":{"line":129,"column":30}},"98":{"start":{"line":130,"column":12},"end":{"line":130,"column":27}},"99":{"start":{"line":131,"column":12},"end":{"line":131,"column":24}},"100":{"start":{"line":133,"column":19},"end":{"line":133,"column":28}},"101":{"start":{"line":134,"column":8},"end":{"line":136,"column":9}},"102":{"start":{"line":135,"column":12},"end":{"line":135,"column":29}},"103":{"start":{"line":137,"column":8},"end":{"line":137,"column":25}},"104":{"start":{"line":138,"column":8},"end":{"line":138,"column":23}},"105":{"start":{"line":139,"column":8},"end":{"line":139,"column":20}},"106":{"start":{"line":142,"column":11},"end":{"line":160,"column":5}},"107":{"start":{"line":143,"column":8},"end":{"line":143,"column":27}},"108":{"start":{"line":144,"column":19},"end":{"line":144,"column":28}},"109":{"start":{"line":145,"column":8},"end":{"line":147,"column":9}},"110":{"start":{"line":146,"column":12},"end":{"line":146,"column":42}},"111":{"start":{"line":148,"column":8},"end":{"line":150,"column":9}},"112":{"start":{"line":149,"column":12},"end":{"line":149,"column":43}},"113":{"start":{"line":151,"column":8},"end":{"line":153,"column":9}},"114":{"start":{"line":152,"column":12},"end":{"line":152,"column":42}},"115":{"start":{"line":154,"column":22},"end":{"line":154,"column":31}},"116":{"start":{"line":155,"column":21},"end":{"line":155,"column":42}},"117":{"start":{"line":156,"column":8},"end":{"line":156,"column":25}},"118":{"start":{"line":157,"column":8},"end":{"line":157,"column":26}},"119":{"start":{"line":158,"column":8},"end":{"line":158,"column":23}},"120":{"start":{"line":159,"column":8},"end":{"line":159,"column":20}},"121":{"start":{"line":162,"column":11},"end":{"line":164,"column":5}},"122":{"start":{"line":163,"column":8},"end":{"line":163,"column":28}},"123":{"start":{"line":166,"column":12},"end":{"line":176,"column":5}},"124":{"start":{"line":167,"column":8},"end":{"line":167,"column":27}},"125":{"start":{"line":168,"column":38},"end":{"line":168,"column":47}},"126":{"start":{"line":169,"column":8},"end":{"line":174,"column":23}},"127":{"start":{"line":170,"column":12},"end":{"line":172,"column":13}},"128":{"start":{"line":171,"column":16},"end":{"line":171,"column":28}},"129":{"start":{"line":173,"column":12},"end":{"line":173,"column":29}},"130":{"start":{"line":175,"column":8},"end":{"line":175,"column":38}},"131":{"start":{"line":178,"column":12},"end":{"line":182,"column":5}},"132":{"start":{"line":179,"column":8},"end":{"line":181,"column":9}},"133":{"start":{"line":180,"column":12},"end":{"line":180,"column":49}},"134":{"start":{"line":184,"column":0},"end":{"line":184,"column":1}},"135":{"start":{"line":186,"column":0},"end":{"line":186,"column":20}}},"fnMap":{"0":{"name":"(anonymous_7)","decl":{"start":{"line":6,"column":0},"end":{"line":null,"column":-1}},"loc":{"start":{"line":6,"column":0},"end":{"line":6,"column":-1}}},"1":{"name":"(anonymous_9)","decl":{"start":{"line":8,"column":4},"end":{"line":null,"column":-1}},"loc":{"start":{"line":8,"column":4},"end":{"line":10,"column":5}}},"2":{"name":"(anonymous_10)","decl":{"start":{"line":14,"column":4},"end":{"line":null,"column":-1}},"loc":{"start":{"line":14,"column":4},"end":{"line":17,"column":5}}},"3":{"name":"(anonymous_11)","decl":{"start":{"line":19,"column":4},"end":{"line":null,"column":-1}},"loc":{"start":{"line":19,"column":4},"end":{"line":25,"column":5}}},"4":{"name":"(anonymous_12)","decl":{"start":{"line":27,"column":4},"end":{"line":27,"column":17}},"loc":{"start":{"line":27,"column":29},"end":{"line":44,"column":5}}},"5":{"name":"(anonymous_13)","decl":{"start":{"line":46,"column":4},"end":{"line":null,"column":-1}},"loc":{"start":{"line":46,"column":4},"end":{"line":52,"column":5}}},"6":{"name":"(anonymous_14)","decl":{"start":{"line":54,"column":4},"end":{"line":null,"column":-1}},"loc":{"start":{"line":54,"column":4},"end":{"line":69,"column":5}}},"7":{"name":"(anonymous_15)","decl":{"start":{"line":71,"column":4},"end":{"line":null,"column":-1}},"loc":{"start":{"line":71,"column":4},"end":{"line":82,"column":5}}},"8":{"name":"(anonymous_16)","decl":{"start":{"line":84,"column":4},"end":{"line":84,"column":22}},"loc":{"start":{"line":84,"column":48},"end":{"line":92,"column":5}}},"9":{"name":"(anonymous_17)","decl":{"start":{"line":94,"column":4},"end":{"line":94,"column":19}},"loc":{"start":{"line":94,"column":46},"end":{"line":116,"column":5}}},"10":{"name":"(anonymous_18)","decl":{"start":{"line":118,"column":4},"end":{"line":118,"column":28}},"loc":{"start":{"line":118,"column":40},"end":{"line":124,"column":5}}},"11":{"name":"(anonymous_19)","decl":{"start":{"line":126,"column":4},"end":{"line":126,"column":22}},"loc":{"start":{"line":126,"column":34},"end":{"line":140,"column":5}}},"12":{"name":"(anonymous_20)","decl":{"start":{"line":142,"column":4},"end":{"line":142,"column":23}},"loc":{"start":{"line":142,"column":49},"end":{"line":160,"column":5}}},"13":{"name":"(anonymous_21)","decl":{"start":{"line":162,"column":4},"end":{"line":null,"column":-1}},"loc":{"start":{"line":162,"column":4},"end":{"line":164,"column":5}}},"14":{"name":"(anonymous_22)","decl":{"start":{"line":166,"column":4},"end":{"line":166,"column":19}},"loc":{"start":{"line":166,"column":31},"end":{"line":176,"column":5}}},"15":{"name":"(anonymous_23)","decl":{"start":{"line":178,"column":4},"end":{"line":null,"column":-1}},"loc":{"start":{"line":178,"column":4},"end":{"line":182,"column":5}}}},"branchMap":{"0":{"loc":{"start":{"line":6,"column":0},"end":{"line":184,"column":0}},"type":"binary-expr","locations":[{"start":{"line":6,"column":0},"end":{"line":184,"column":0}},{"start":{"line":6,"column":0},"end":{"line":184,"column":0}},{"start":{"line":6,"column":0},"end":{"line":184,"column":0}}]},"1":{"loc":{"start":{"line":20,"column":34},"end":{"line":20,"column":52}},"type":"cond-expr","locations":[{"start":{"line":20,"column":34},"end":{"line":20,"column":52}},{"start":{"line":20,"column":55},"end":{"line":20,"column":59}}]},"2":{"loc":{"start":{"line":30,"column":8},"end":{"line":34,"column":9}},"type":"if","locations":[{"start":{"line":30,"column":8},"end":{"line":34,"column":9}},{"start":{"line":30,"column":8},"end":{"line":34,"column":9}}]},"3":{"loc":{"start":{"line":36,"column":12},"end":{"line":40,"column":13}},"type":"if","locations":[{"start":{"line":36,"column":12},"end":{"line":40,"column":13}},{"start":{"line":36,"column":12},"end":{"line":40,"column":13}}]},"4":{"loc":{"start":{"line":57,"column":8},"end":{"line":61,"column":9}},"type":"if","locations":[{"start":{"line":57,"column":8},"end":{"line":61,"column":9}},{"start":{"line":57,"column":8},"end":{"line":61,"column":9}}]},"5":{"loc":{"start":{"line":73,"column":8},"end":{"line":75,"column":9}},"type":"if","locations":[{"start":{"line":73,"column":8},"end":{"line":75,"column":9}},{"start":{"line":73,"column":8},"end":{"line":75,"column":9}}]},"6":{"loc":{"start":{"line":95,"column":8},"end":{"line":97,"column":9}},"type":"if","locations":[{"start":{"line":95,"column":8},"end":{"line":97,"column":9}},{"start":{"line":95,"column":8},"end":{"line":97,"column":9}}]},"7":{"loc":{"start":{"line":99,"column":8},"end":{"line":104,"column":9}},"type":"if","locations":[{"start":{"line":99,"column":8},"end":{"line":104,"column":9}},{"start":{"line":99,"column":8},"end":{"line":104,"column":9}}]},"8":{"loc":{"start":{"line":128,"column":8},"end":{"line":132,"column":9}},"type":"if","locations":[{"start":{"line":128,"column":8},"end":{"line":132,"column":9}},{"start":{"line":128,"column":8},"end":{"line":132,"column":9}}]},"9":{"loc":{"start":{"line":145,"column":8},"end":{"line":147,"column":9}},"type":"if","locations":[{"start":{"line":145,"column":8},"end":{"line":147,"column":9}},{"start":{"line":145,"column":8},"end":{"line":147,"column":9}}]},"10":{"loc":{"start":{"line":145,"column":12},"end":{"line":145,"column":30}},"type":"binary-expr","locations":[{"start":{"line":145,"column":12},"end":{"line":145,"column":30}},{"start":{"line":145,"column":34},"end":{"line":145,"column":55}}]},"11":{"loc":{"start":{"line":148,"column":15},"end":{"line":148,"column":24}},"type":"binary-expr","locations":[{"start":{"line":148,"column":15},"end":{"line":148,"column":24}},{"start":{"line":148,"column":29},"end":{"line":148,"column":70}}]},"12":{"loc":{"start":{"line":151,"column":8},"end":{"line":153,"column":9}},"type":"if","locations":[{"start":{"line":151,"column":8},"end":{"line":153,"column":9}},{"start":{"line":151,"column":8},"end":{"line":153,"column":9}}]},"13":{"loc":{"start":{"line":170,"column":12},"end":{"line":172,"column":13}},"type":"if","locations":[{"start":{"line":170,"column":12},"end":{"line":172,"column":13}},{"start":{"line":170,"column":12},"end":{"line":172,"column":13}}]},"14":{"loc":{"start":{"line":179,"column":8},"end":{"line":181,"column":9}},"type":"if","locations":[{"start":{"line":179,"column":8},"end":{"line":181,"column":9}},{"start":{"line":179,"column":8},"end":{"line":181,"column":9}}]}},"s":{"0":3,"1":3,"2":3,"3":3,"4":3,"5":12,"6":12,"7":12,"8":3,"9":36,"10":3,"11":3,"12":3,"13":3,"14":2,"15":2,"16":2,"17":2,"18":2,"19":3,"20":3,"21":3,"22":3,"23":1,"24":1,"25":1,"26":2,"27":4,"28":1,"29":1,"30":1,"31":3,"32":1,"33":3,"34":3,"35":2,"36":2,"37":2,"38":2,"39":3,"40":5,"41":4,"42":4,"43":1,"44":1,"45":1,"46":3,"47":4,"48":3,"49":3,"50":3,"51":3,"52":3,"53":15,"54":15,"55":1,"56":14,"57":14,"58":55,"59":55,"60":14,"61":3,"62":2,"63":1,"64":1,"65":1,"66":1,"67":1,"68":1,"69":3,"70":3,"71":1,"72":2,"73":2,"74":1,"75":1,"76":1,"77":1,"78":1,"79":1,"80":1,"81":2,"82":2,"83":1,"84":1,"85":1,"86":1,"87":1,"88":3,"89":5,"90":5,"91":5,"92":5,"93":5,"94":3,"95":27,"96":27,"97":7,"98":7,"99":7,"100":20,"101":20,"102":22,"103":20,"104":20,"105":20,"106":3,"107":4,"108":3,"109":3,"110":1,"111":2,"112":4,"113":2,"114":1,"115":1,"116":1,"117":1,"118":1,"119":1,"120":1,"121":3,"122":26,"123":3,"124":2,"125":2,"126":2,"127":7,"128":1,"129":6,"130":1,"131":3,"132":17,"133":3,"134":3,"135":3},"f":{"0":15,"1":36,"2":3,"3":2,"4":3,"5":3,"6":5,"7":15,"8":2,"9":3,"10":5,"11":27,"12":4,"13":26,"14":2,"15":17},"b":{"0":[12,12,12],"1":[1,1],"2":[1,2],"3":[1,3],"4":[1,3],"5":[1,14],"6":[1,2],"7":[1,1],"8":[7,20],"9":[1,2],"10":[3,1],"11":[6,5],"12":[1,1],"13":[1,6],"14":[3,14]}}
,"/home/deepak/Desktop/crushers/cop/bag/src/Lists/List/Node.ts": {"path":"/home/deepak/Desktop/crushers/cop/bag/src/Lists/List/Node.ts","statementMap":{"0":{"start":{"line":1,"column":0},"end":{"line":1,"column":53}},"1":{"start":{"line":5,"column":0},"end":{"line":5,"column":37}},"2":{"start":{"line":5,"column":25},"end":{"line":5,"column":43}},"3":{"start":{"line":11,"column":4},"end":{"line":13,"column":5}},"4":{"start":{"line":12,"column":8},"end":{"line":12,"column":45}},"5":{"start":{"line":16,"column":8},"end":{"line":16,"column":26}},"6":{"start":{"line":19,"column":11},"end":{"line":27,"column":5}},"7":{"start":{"line":20,"column":21},"end":{"line":20,"column":48}},"8":{"start":{"line":21,"column":31},"end":{"line":21,"column":35}},"9":{"start":{"line":22,"column":8},"end":{"line":25,"column":9}},"10":{"start":{"line":23,"column":12},"end":{"line":23,"column":49}},"11":{"start":{"line":24,"column":12},"end":{"line":24,"column":29}},"12":{"start":{"line":26,"column":8},"end":{"line":26,"column":20}},"13":{"start":{"line":28,"column":0},"end":{"line":28,"column":1}},"14":{"start":{"line":30,"column":0},"end":{"line":30,"column":20}}},"fnMap":{"0":{"name":"(anonymous_6)","decl":{"start":{"line":5,"column":0},"end":{"line":null,"column":-1}},"loc":{"start":{"line":5,"column":0},"end":{"line":5,"column":-1}}},"1":{"name":"Node","decl":{"start":{"line":7,"column":4},"end":{"line":7,"column":15}},"loc":{"start":{"line":7,"column":27},"end":{"line":9,"column":5}}},"2":{"name":"(anonymous_8)","decl":{"start":{"line":11,"column":4},"end":{"line":null,"column":-1}},"loc":{"start":{"line":11,"column":4},"end":{"line":13,"column":5}}},"3":{"name":"(anonymous_9)","decl":{"start":{"line":15,"column":4},"end":{"line":15,"column":19}},"loc":{"start":{"line":15,"column":41},"end":{"line":17,"column":5}}},"4":{"name":"(anonymous_10)","decl":{"start":{"line":19,"column":4},"end":{"line":null,"column":-1}},"loc":{"start":{"line":19,"column":4},"end":{"line":27,"column":5}}}},"branchMap":{"0":{"loc":{"start":{"line":8,"column":8},"end":{"line":8,"column":20}},"type":"binary-expr","locations":[{"start":{"line":8,"column":8},"end":{"line":8,"column":20}},{"start":{"line":8,"column":20},"end":{"line":null,"column":-1}}]}},"s":{"0":3,"1":3,"2":3,"3":3,"4":169,"5":35,"6":3,"7":5,"8":5,"9":5,"10":10,"11":10,"12":5,"13":3,"14":3},"f":{"0":3,"1":36,"2":169,"3":35,"4":5},"b":{"0":[36,36]}}
,"/home/deepak/Desktop/crushers/cop/bag/src/Lists/List/index.ts": {"path":"/home/deepak/Desktop/crushers/cop/bag/src/Lists/List/index.ts","statementMap":{"0":{"start":{"line":2,"column":0},"end":{"line":2,"column":25}},"1":{"start":{"line":3,"column":0},"end":{"line":3,"column":25}},"2":{"start":{"line":7,"column":4},"end":{"line":7,"column":8}},"3":{"start":{"line":9,"column":0},"end":{"line":9,"column":20}}},"fnMap":{},"branchMap":{},"s":{"0":3,"1":3,"2":3,"3":3},"f":{},"b":{}}
,"/home/deepak/Desktop/crushers/cop/bag/src/Queue/Queue.ts": {"path":"/home/deepak/Desktop/crushers/cop/bag/src/Queue/Queue.ts","statementMap":{"0":{"start":{"line":1,"column":0},"end":{"line":1,"column":48}},"1":{"start":{"line":2,"column":0},"end":{"line":2,"column":54}},"2":{"start":{"line":25,"column":0},"end":{"line":25,"column":44}},"3":{"start":{"line":25,"column":26},"end":{"line":25,"column":50}},"4":{"start":{"line":61,"column":16},"end":{"line":61,"column":49}},"5":{"start":{"line":62,"column":8},"end":{"line":62,"column":15}},"6":{"start":{"line":50,"column":12},"end":{"line":50,"column":32}},"7":{"start":{"line":55,"column":12},"end":{"line":55,"column":30}},"8":{"start":{"line":63,"column":8},"end":{"line":63,"column":56}},"9":{"start":{"line":64,"column":8},"end":{"line":64,"column":26}},"10":{"start":{"line":71,"column":11},"end":{"line":80,"column":5}},"11":{"start":{"line":72,"column":8},"end":{"line":74,"column":9}},"12":{"start":{"line":73,"column":12},"end":{"line":73,"column":49}},"13":{"start":{"line":75,"column":21},"end":{"line":75,"column":46}},"14":{"start":{"line":76,"column":8},"end":{"line":78,"column":9}},"15":{"start":{"line":77,"column":12},"end":{"line":77,"column":25}},"16":{"start":{"line":79,"column":8},"end":{"line":79,"column":20}},"17":{"start":{"line":85,"column":11},"end":{"line":93,"column":5}},"18":{"start":{"line":85,"column":4},"end":{"line":93,"column":4}},"19":{"start":{"line":85,"column":19},"end":{"line":85,"column":34}},"20":{"start":{"line":85,"column":19},"end":{"line":85,"column":35}},"21":{"start":{"line":86,"column":8},"end":{"line":88,"column":9}},"22":{"start":{"line":87,"column":12},"end":{"line":87,"column":35}},"23":{"start":{"line":89,"column":8},"end":{"line":91,"column":11}},"24":{"start":{"line":90,"column":12},"end":{"line":90,"column":46}},"25":{"start":{"line":92,"column":8},"end":{"line":92,"column":27}},"26":{"start":{"line":98,"column":11},"end":{"line":102,"column":5}},"27":{"start":{"line":99,"column":8},"end":{"line":99,"column":68}},"28":{"start":{"line":100,"column":8},"end":{"line":100,"column":25}},"29":{"start":{"line":101,"column":8},"end":{"line":101,"column":23}},"30":{"start":{"line":107,"column":11},"end":{"line":109,"column":5}},"31":{"start":{"line":108,"column":8},"end":{"line":108,"column":44}},"32":{"start":{"line":114,"column":11},"end":{"line":119,"column":5}},"33":{"start":{"line":115,"column":8},"end":{"line":117,"column":9}},"34":{"start":{"line":116,"column":12},"end":{"line":116,"column":22}},"35":{"start":{"line":118,"column":8},"end":{"line":118,"column":71}},"36":{"start":{"line":124,"column":11},"end":{"line":130,"column":5}},"37":{"start":{"line":125,"column":22},"end":{"line":125,"column":49}},"38":{"start":{"line":126,"column":8},"end":{"line":126,"column":33}},"39":{"start":{"line":127,"column":8},"end":{"line":127,"column":35}},"40":{"start":{"line":128,"column":8},"end":{"line":128,"column":40}},"41":{"start":{"line":129,"column":8},"end":{"line":129,"column":21}},"42":{"start":{"line":135,"column":12},"end":{"line":143,"column":5}},"43":{"start":{"line":136,"column":30},"end":{"line":136,"column":44}},"44":{"start":{"line":137,"column":21},"end":{"line":137,"column":32}},"45":{"start":{"line":138,"column":8},"end":{"line":140,"column":9}},"46":{"start":{"line":139,"column":12},"end":{"line":139,"column":38}},"47":{"start":{"line":141,"column":8},"end":{"line":141,"column":23}},"48":{"start":{"line":142,"column":8},"end":{"line":142,"column":27}},"49":{"start":{"line":30,"column":18},"end":{"line":30,"column":43}},"50":{"start":{"line":35,"column":18},"end":{"line":35,"column":44}},"51":{"start":{"line":144,"column":0},"end":{"line":144,"column":1}},"52":{"start":{"line":146,"column":0},"end":{"line":146,"column":21}}},"fnMap":{"0":{"name":"(anonymous_8)","decl":{"start":{"line":25,"column":0},"end":{"line":null,"column":-1}},"loc":{"start":{"line":25,"column":0},"end":{"line":25,"column":-1}}},"1":{"name":"Queue","decl":{"start":{"line":61,"column":4},"end":{"line":61,"column":15}},"loc":{"start":{"line":61,"column":49},"end":{"line":65,"column":5}}},"2":{"name":"(anonymous_10)","decl":{"start":{"line":71,"column":4},"end":{"line":null,"column":-1}},"loc":{"start":{"line":71,"column":4},"end":{"line":80,"column":5}}},"3":{"name":"(anonymous_11)","decl":{"start":{"line":85,"column":4},"end":{"line":null,"column":-1}},"loc":{"start":{"line":85,"column":4},"end":{"line":93,"column":5}}},"4":{"name":"(anonymous_12)","decl":{"start":{"line":89,"column":22},"end":{"line":89,"column":22}},"loc":{"start":{"line":89,"column":27},"end":{"line":91,"column":9}}},"5":{"name":"(anonymous_13)","decl":{"start":{"line":98,"column":4},"end":{"line":null,"column":-1}},"loc":{"start":{"line":98,"column":4},"end":{"line":102,"column":5}}},"6":{"name":"(anonymous_14)","decl":{"start":{"line":107,"column":4},"end":{"line":null,"column":-1}},"loc":{"start":{"line":107,"column":4},"end":{"line":109,"column":5}}},"7":{"name":"(anonymous_15)","decl":{"start":{"line":114,"column":4},"end":{"line":null,"column":-1}},"loc":{"start":{"line":114,"column":4},"end":{"line":119,"column":5}}},"8":{"name":"(anonymous_16)","decl":{"start":{"line":124,"column":4},"end":{"line":null,"column":-1}},"loc":{"start":{"line":124,"column":4},"end":{"line":130,"column":5}}},"9":{"name":"(anonymous_17)","decl":{"start":{"line":135,"column":4},"end":{"line":null,"column":-1}},"loc":{"start":{"line":135,"column":4},"end":{"line":143,"column":5}}}},"branchMap":{"0":{"loc":{"start":{"line":61,"column":16},"end":{"line":61,"column":49}},"type":"if","locations":[{"start":{"line":61,"column":16},"end":{"line":61,"column":49}},{"start":{"line":61,"column":16},"end":{"line":61,"column":49}}]},"1":{"loc":{"start":{"line":62,"column":8},"end":{"line":62,"column":15}},"type":"binary-expr","locations":[{"start":{"line":62,"column":8},"end":{"line":62,"column":15}},{"start":{"line":62,"column":15},"end":{"line":65,"column":4}}]},"2":{"loc":{"start":{"line":63,"column":35},"end":{"line":63,"column":37}},"type":"cond-expr","locations":[{"start":{"line":63,"column":35},"end":{"line":63,"column":37}},{"start":{"line":63,"column":40},"end":{"line":63,"column":55}}]},"3":{"loc":{"start":{"line":72,"column":8},"end":{"line":74,"column":9}},"type":"if","locations":[{"start":{"line":72,"column":8},"end":{"line":74,"column":9}},{"start":{"line":72,"column":8},"end":{"line":74,"column":9}}]},"4":{"loc":{"start":{"line":76,"column":8},"end":{"line":78,"column":9}},"type":"if","locations":[{"start":{"line":76,"column":8},"end":{"line":78,"column":9}},{"start":{"line":76,"column":8},"end":{"line":78,"column":9}}]},"5":{"loc":{"start":{"line":76,"column":12},"end":{"line":76,"column":26}},"type":"binary-expr","locations":[{"start":{"line":76,"column":12},"end":{"line":76,"column":26}},{"start":{"line":76,"column":30},"end":{"line":76,"column":46}}]},"6":{"loc":{"start":{"line":86,"column":8},"end":{"line":88,"column":9}},"type":"if","locations":[{"start":{"line":86,"column":8},"end":{"line":88,"column":9}},{"start":{"line":86,"column":8},"end":{"line":88,"column":9}}]},"7":{"loc":{"start":{"line":99,"column":41},"end":{"line":99,"column":43}},"type":"cond-expr","locations":[{"start":{"line":99,"column":41},"end":{"line":99,"column":43}},{"start":{"line":99,"column":46},"end":{"line":99,"column":67}}]},"8":{"loc":{"start":{"line":115,"column":8},"end":{"line":117,"column":9}},"type":"if","locations":[{"start":{"line":115,"column":8},"end":{"line":117,"column":9}},{"start":{"line":115,"column":8},"end":{"line":117,"column":9}}]}},"s":{"0":3,"1":3,"2":3,"3":3,"4":10,"5":7,"6":7,"7":7,"8":7,"9":7,"10":3,"11":105,"12":1,"13":104,"14":104,"15":1,"16":104,"17":3,"18":102,"19":102,"20":107,"21":102,"22":1,"23":102,"24":107,"25":102,"26":3,"27":3,"28":3,"29":3,"30":3,"31":639,"32":3,"33":109,"34":2,"35":107,"36":3,"37":2,"38":2,"39":2,"40":2,"41":2,"42":3,"43":1,"44":1,"45":1,"46":2,"47":1,"48":1,"49":3,"50":3,"51":3,"52":3},"f":{"0":3,"1":7,"2":105,"3":102,"4":107,"5":3,"6":639,"7":109,"8":2,"9":1},"b":{"0":[3,4],"1":[7,7],"2":[1,6],"3":[1,104],"4":[1,103],"5":[104,1],"6":[1,101],"7":[1,2],"8":[2,107]}}
,"/home/deepak/Desktop/crushers/cop/bag/src/Queue/index.ts": {"path":"/home/deepak/Desktop/crushers/cop/bag/src/Queue/index.ts","statementMap":{"0":{"start":{"line":2,"column":0},"end":{"line":2,"column":27}},"1":{"start":{"line":7,"column":0},"end":{"line":7,"column":21}}},"fnMap":{},"branchMap":{},"s":{"0":3,"1":3},"f":{},"b":{}}
,"/home/deepak/Desktop/crushers/cop/bag/src/Stack/Stack.ts": {"path":"/home/deepak/Desktop/crushers/cop/bag/src/Stack/Stack.ts","statementMap":{"0":{"start":{"line":1,"column":0},"end":{"line":1,"column":48}},"1":{"start":{"line":2,"column":0},"end":{"line":2,"column":54}},"2":{"start":{"line":5,"column":0},"end":{"line":5,"column":44}},"3":{"start":{"line":5,"column":26},"end":{"line":5,"column":50}},"4":{"start":{"line":17,"column":8},"end":{"line":17,"column":15}},"5":{"start":{"line":14,"column":12},"end":{"line":14,"column":30}},"6":{"start":{"line":18,"column":8},"end":{"line":18,"column":25}},"7":{"start":{"line":21,"column":11},"end":{"line":24,"column":5}},"8":{"start":{"line":22,"column":8},"end":{"line":22,"column":23}},"9":{"start":{"line":23,"column":8},"end":{"line":23,"column":25}},"10":{"start":{"line":26,"column":11},"end":{"line":31,"column":5}},"11":{"start":{"line":27,"column":22},"end":{"line":27,"column":39}},"12":{"start":{"line":28,"column":8},"end":{"line":28,"column":40}},"13":{"start":{"line":29,"column":8},"end":{"line":29,"column":31}},"14":{"start":{"line":30,"column":8},"end":{"line":30,"column":21}},"15":{"start":{"line":33,"column":11},"end":{"line":38,"column":5}},"16":{"start":{"line":34,"column":8},"end":{"line":36,"column":9}},"17":{"start":{"line":35,"column":12},"end":{"line":35,"column":22}},"18":{"start":{"line":37,"column":8},"end":{"line":37,"column":49}},"19":{"start":{"line":40,"column":11},"end":{"line":43,"column":5}},"20":{"start":{"line":41,"column":8},"end":{"line":41,"column":28}},"21":{"start":{"line":42,"column":8},"end":{"line":42,"column":40}},"22":{"start":{"line":45,"column":11},"end":{"line":50,"column":5}},"23":{"start":{"line":45,"column":4},"end":{"line":50,"column":4}},"24":{"start":{"line":45,"column":16},"end":{"line":45,"column":31}},"25":{"start":{"line":45,"column":16},"end":{"line":45,"column":32}},"26":{"start":{"line":46,"column":8},"end":{"line":48,"column":11}},"27":{"start":{"line":47,"column":12},"end":{"line":47,"column":44}},"28":{"start":{"line":49,"column":8},"end":{"line":49,"column":27}},"29":{"start":{"line":52,"column":11},"end":{"line":54,"column":5}},"30":{"start":{"line":53,"column":8},"end":{"line":53,"column":29}},"31":{"start":{"line":61,"column":12},"end":{"line":65,"column":5}},"32":{"start":{"line":62,"column":8},"end":{"line":64,"column":9}},"33":{"start":{"line":63,"column":12},"end":{"line":63,"column":49}},"34":{"start":{"line":67,"column":0},"end":{"line":67,"column":1}},"35":{"start":{"line":69,"column":0},"end":{"line":69,"column":21}}},"fnMap":{"0":{"name":"(anonymous_8)","decl":{"start":{"line":5,"column":0},"end":{"line":null,"column":-1}},"loc":{"start":{"line":5,"column":0},"end":{"line":5,"column":-1}}},"1":{"name":"Stack","decl":{"start":{"line":16,"column":4},"end":{"line":null,"column":-1}},"loc":{"start":{"line":16,"column":4},"end":{"line":19,"column":5}}},"2":{"name":"(anonymous_10)","decl":{"start":{"line":21,"column":4},"end":{"line":null,"column":-1}},"loc":{"start":{"line":21,"column":4},"end":{"line":24,"column":5}}},"3":{"name":"(anonymous_11)","decl":{"start":{"line":26,"column":4},"end":{"line":null,"column":-1}},"loc":{"start":{"line":26,"column":4},"end":{"line":31,"column":5}}},"4":{"name":"(anonymous_12)","decl":{"start":{"line":33,"column":4},"end":{"line":null,"column":-1}},"loc":{"start":{"line":33,"column":4},"end":{"line":38,"column":5}}},"5":{"name":"(anonymous_13)","decl":{"start":{"line":40,"column":4},"end":{"line":null,"column":-1}},"loc":{"start":{"line":40,"column":4},"end":{"line":43,"column":5}}},"6":{"name":"(anonymous_14)","decl":{"start":{"line":45,"column":4},"end":{"line":null,"column":-1}},"loc":{"start":{"line":45,"column":4},"end":{"line":50,"column":5}}},"7":{"name":"(anonymous_15)","decl":{"start":{"line":46,"column":22},"end":{"line":46,"column":22}},"loc":{"start":{"line":46,"column":27},"end":{"line":48,"column":9}}},"8":{"name":"(anonymous_16)","decl":{"start":{"line":52,"column":4},"end":{"line":null,"column":-1}},"loc":{"start":{"line":52,"column":4},"end":{"line":54,"column":5}}},"9":{"name":"(anonymous_17)","decl":{"start":{"line":61,"column":4},"end":{"line":null,"column":-1}},"loc":{"start":{"line":61,"column":4},"end":{"line":65,"column":5}}}},"branchMap":{"0":{"loc":{"start":{"line":17,"column":8},"end":{"line":17,"column":15}},"type":"binary-expr","locations":[{"start":{"line":17,"column":8},"end":{"line":17,"column":15}},{"start":{"line":17,"column":15},"end":{"line":19,"column":4}}]},"1":{"loc":{"start":{"line":34,"column":8},"end":{"line":36,"column":9}},"type":"if","locations":[{"start":{"line":34,"column":8},"end":{"line":36,"column":9}},{"start":{"line":34,"column":8},"end":{"line":36,"column":9}}]},"2":{"loc":{"start":{"line":62,"column":8},"end":{"line":64,"column":9}},"type":"if","locations":[{"start":{"line":62,"column":8},"end":{"line":64,"column":9}},{"start":{"line":62,"column":8},"end":{"line":64,"column":9}}]}},"s":{"0":3,"1":3,"2":3,"3":3,"4":4,"5":4,"6":4,"7":3,"8":1,"9":1,"10":3,"11":2,"12":2,"13":2,"14":2,"15":3,"16":106,"17":1,"18":105,"19":3,"20":101,"21":100,"22":3,"23":100,"24":100,"25":100,"26":100,"27":100,"28":100,"29":3,"30":415,"31":3,"32":101,"33":1,"34":3,"35":3},"f":{"0":3,"1":4,"2":1,"3":2,"4":106,"5":101,"6":100,"7":100,"8":415,"9":101},"b":{"0":[4,4],"1":[1,105],"2":[1,100]}}
,"/home/deepak/Desktop/crushers/cop/bag/src/Stack/index.ts": {"path":"/home/deepak/Desktop/crushers/cop/bag/src/Stack/index.ts","statementMap":{"0":{"start":{"line":2,"column":0},"end":{"line":2,"column":27}},"1":{"start":{"line":7,"column":0},"end":{"line":7,"column":21}}},"fnMap":{},"branchMap":{},"s":{"0":3,"1":3},"f":{},"b":{}}
,"/home/deepak/Desktop/crushers/cop/bag/src/containers/Node.ts": {"path":"/home/deepak/Desktop/crushers/cop/bag/src/containers/Node.ts","statementMap":{"0":{"start":{"line":1,"column":0},"end":{"line":1,"column":64}},"1":{"start":{"line":5,"column":0},"end":{"line":73,"column":0}},"2":{"start":{"line":48,"column":8},"end":{"line":48,"column":28}},"3":{"start":{"line":49,"column":8},"end":{"line":49,"column":57}},"4":{"start":{"line":7,"column":4},"end":{"line":9,"column":5}},"5":{"start":{"line":12,"column":8},"end":{"line":12,"column":27}},"6":{"start":{"line":8,"column":8},"end":{"line":8,"column":28}},"7":{"start":{"line":15,"column":4},"end":{"line":24,"column":5}},"8":{"start":{"line":16,"column":19},"end":{"line":16,"column":37}},"9":{"start":{"line":17,"column":21},"end":{"line":17,"column":23}},"10":{"start":{"line":18,"column":8},"end":{"line":22,"column":9}},"11":{"start":{"line":19,"column":12},"end":{"line":21,"column":13}},"12":{"start":{"line":20,"column":16},"end":{"line":20,"column":31}},"13":{"start":{"line":23,"column":8},"end":{"line":23,"column":20}},"14":{"start":{"line":26,"column":4},"end":{"line":28,"column":5}},"15":{"start":{"line":31,"column":8},"end":{"line":31,"column":37}},"16":{"start":{"line":27,"column":8},"end":{"line":27,"column":38}},"17":{"start":{"line":34,"column":4},"end":{"line":36,"column":5}},"18":{"start":{"line":39,"column":8},"end":{"line":39,"column":38}},"19":{"start":{"line":35,"column":8},"end":{"line":35,"column":39}},"20":{"start":{"line":52,"column":11},"end":{"line":54,"column":5}},"21":{"start":{"line":53,"column":8},"end":{"line":53,"column":36}},"22":{"start":{"line":56,"column":11},"end":{"line":58,"column":5}},"23":{"start":{"line":57,"column":8},"end":{"line":57,"column":32}},"24":{"start":{"line":60,"column":11},"end":{"line":65,"column":5}},"25":{"start":{"line":61,"column":22},"end":{"line":61,"column":101}},"26":{"start":{"line":62,"column":21},"end":{"line":62,"column":44}},"27":{"start":{"line":63,"column":8},"end":{"line":63,"column":84}},"28":{"start":{"line":63,"column":40},"end":{"line":63,"column":82}},"29":{"start":{"line":64,"column":8},"end":{"line":64,"column":20}},"30":{"start":{"line":67,"column":14},"end":{"line":72,"column":5}},"31":{"start":{"line":68,"column":8},"end":{"line":70,"column":9}},"32":{"start":{"line":69,"column":12},"end":{"line":69,"column":54}},"33":{"start":{"line":71,"column":8},"end":{"line":71,"column":20}},"34":{"start":{"line":42,"column":27},"end":{"line":42,"column":41}},"35":{"start":{"line":43,"column":27},"end":{"line":43,"column":43}},"36":{"start":{"line":73,"column":0},"end":{"line":73,"column":1}},"37":{"start":{"line":75,"column":0},"end":{"line":75,"column":20}}},"fnMap":{"0":{"name":"(anonymous_0)","decl":{"start":{"line":5,"column":0},"end":{"line":null,"column":-1}},"loc":{"start":{"line":5,"column":0},"end":{"line":5,"column":-1}}},"1":{"name":"Node","decl":{"start":{"line":47,"column":4},"end":{"line":47,"column":15}},"loc":{"start":{"line":47,"column":27},"end":{"line":50,"column":5}}},"2":{"name":"(anonymous_2)","decl":{"start":{"line":11,"column":4},"end":{"line":null,"column":-1}},"loc":{"start":{"line":11,"column":4},"end":{"line":13,"column":5}}},"3":{"name":"(anonymous_3)","decl":{"start":{"line":7,"column":4},"end":{"line":7,"column":20}},"loc":{"start":{"line":7,"column":32},"end":{"line":9,"column":5}}},"4":{"name":"(anonymous_4)","decl":{"start":{"line":15,"column":4},"end":{"line":null,"column":-1}},"loc":{"start":{"line":15,"column":4},"end":{"line":24,"column":5}}},"5":{"name":"(anonymous_5)","decl":{"start":{"line":30,"column":4},"end":{"line":null,"column":-1}},"loc":{"start":{"line":30,"column":4},"end":{"line":32,"column":5}}},"6":{"name":"(anonymous_6)","decl":{"start":{"line":26,"column":4},"end":{"line":26,"column":19}},"loc":{"start":{"line":26,"column":41},"end":{"line":28,"column":5}}},"7":{"name":"(anonymous_7)","decl":{"start":{"line":38,"column":4},"end":{"line":null,"column":-1}},"loc":{"start":{"line":38,"column":4},"end":{"line":40,"column":5}}},"8":{"name":"(anonymous_8)","decl":{"start":{"line":34,"column":4},"end":{"line":34,"column":20}},"loc":{"start":{"line":34,"column":42},"end":{"line":36,"column":5}}},"9":{"name":"(anonymous_9)","decl":{"start":{"line":52,"column":4},"end":{"line":52,"column":18}},"loc":{"start":{"line":52,"column":54},"end":{"line":54,"column":5}}},"10":{"name":"(anonymous_10)","decl":{"start":{"line":56,"column":4},"end":{"line":56,"column":17}},"loc":{"start":{"line":56,"column":29},"end":{"line":58,"column":5}}},"11":{"name":"(anonymous_11)","decl":{"start":{"line":60,"column":4},"end":{"line":null,"column":-1}},"loc":{"start":{"line":60,"column":4},"end":{"line":65,"column":5}}},"12":{"name":"(anonymous_12)","decl":{"start":{"line":63,"column":28},"end":{"line":63,"column":28}},"loc":{"start":{"line":63,"column":35},"end":{"line":63,"column":82}}},"13":{"name":"(anonymous_13)","decl":{"start":{"line":67,"column":4},"end":{"line":67,"column":19}},"loc":{"start":{"line":67,"column":31},"end":{"line":72,"column":5}}}},"branchMap":{"0":{"loc":{"start":{"line":19,"column":12},"end":{"line":21,"column":13}},"type":"if","locations":[{"start":{"line":19,"column":12},"end":{"line":21,"column":13}},{"start":{"line":19,"column":12},"end":{"line":21,"column":13}}]},"1":{"loc":{"start":{"line":61,"column":36},"end":{"line":61,"column":93}},"type":"cond-expr","locations":[{"start":{"line":61,"column":36},"end":{"line":61,"column":93}},{"start":{"line":61,"column":97},"end":{"line":61,"column":101}}]},"2":{"loc":{"start":{"line":61,"column":62},"end":{"line":61,"column":80}},"type":"cond-expr","locations":[{"start":{"line":61,"column":62},"end":{"line":61,"column":80}},{"start":{"line":61,"column":83},"end":{"line":61,"column":93}}]},"3":{"loc":{"start":{"line":63,"column":65},"end":{"line":63,"column":74}},"type":"cond-expr","locations":[{"start":{"line":63,"column":65},"end":{"line":63,"column":74}},{"start":{"line":63,"column":77},"end":{"line":63,"column":81}}]},"4":{"loc":{"start":{"line":68,"column":8},"end":{"line":70,"column":9}},"type":"if","locations":[{"start":{"line":68,"column":8},"end":{"line":70,"column":9}},{"start":{"line":68,"column":8},"end":{"line":70,"column":9}}]}},"s":{"0":3,"1":3,"2":41,"3":41,"4":3,"5":97,"6":0,"7":3,"8":0,"9":0,"10":0,"11":0,"12":0,"13":0,"14":3,"15":0,"16":0,"17":3,"18":194,"19":35,"20":3,"21":35,"22":3,"23":0,"24":3,"25":5,"26":5,"27":5,"28":4,"29":5,"30":3,"31":194,"32":155,"33":39,"34":3,"35":3,"36":3,"37":3},"f":{"0":3,"1":41,"2":97,"3":0,"4":0,"5":0,"6":0,"7":194,"8":35,"9":35,"10":0,"11":5,"12":4,"13":194},"b":{"0":[0,0],"1":[5,0],"2":[0,5],"3":[4,0],"4":[155,39]}}
,"/home/deepak/Desktop/crushers/cop/bag/src/containers/index.ts": {"path":"/home/deepak/Desktop/crushers/cop/bag/src/containers/index.ts","statementMap":{"0":{"start":{"line":1,"column":0},"end":{"line":1,"column":25}},"1":{"start":{"line":4,"column":4},"end":{"line":4,"column":8}}},"fnMap":{},"branchMap":{},"s":{"0":3,"1":3},"f":{},"b":{}}
,"/home/deepak/Desktop/crushers/cop/bag/src/exceptions/EmptyCollection.ts": {"path":"/home/deepak/Desktop/crushers/cop/bag/src/exceptions/EmptyCollection.ts","statementMap":{"0":{"start":{"line":1,"column":0},"end":{"line":1,"column":44}},"1":{"start":{"line":1,"column":39},"end":{"line":1,"column":44}},"2":{"start":{"line":5,"column":0},"end":{"line":5,"column":1}},"3":{"start":{"line":7,"column":0},"end":{"line":7,"column":40}}},"fnMap":{"0":{"name":"(anonymous_6)","decl":{"start":{"line":1,"column":0},"end":{"line":null,"column":-1}},"loc":{"start":{"line":1,"column":0},"end":{"line":1,"column":-1}}},"1":{"name":"EmptyCollectionException","decl":{"start":{"line":2,"column":4},"end":{"line":null,"column":-1}},"loc":{"start":{"line":2,"column":4},"end":{"line":4,"column":5}}}},"branchMap":{"0":{"loc":{"start":{"line":3,"column":8},"end":{"line":3,"column":44}},"type":"binary-expr","locations":[{"start":{"line":3,"column":8},"end":{"line":3,"column":44}},{"start":{"line":3,"column":44},"end":{"line":null,"column":-1}}]}},"s":{"0":3,"1":3,"2":3,"3":3},"f":{"0":3,"1":12},"b":{"0":[12,0]}}
,"/home/deepak/Desktop/crushers/cop/bag/src/exceptions/NotFound.ts": {"path":"/home/deepak/Desktop/crushers/cop/bag/src/exceptions/NotFound.ts","statementMap":{"0":{"start":{"line":1,"column":0},"end":{"line":1,"column":37}},"1":{"start":{"line":1,"column":32},"end":{"line":1,"column":37}},"2":{"start":{"line":5,"column":0},"end":{"line":5,"column":1}},"3":{"start":{"line":7,"column":0},"end":{"line":7,"column":33}}},"fnMap":{"0":{"name":"(anonymous_6)","decl":{"start":{"line":1,"column":0},"end":{"line":null,"column":-1}},"loc":{"start":{"line":1,"column":0},"end":{"line":1,"column":-1}}},"1":{"name":"NotFoundException","decl":{"start":{"line":2,"column":4},"end":{"line":null,"column":-1}},"loc":{"start":{"line":2,"column":4},"end":{"line":4,"column":5}}}},"branchMap":{"0":{"loc":{"start":{"line":3,"column":8},"end":{"line":3,"column":45}},"type":"binary-expr","locations":[{"start":{"line":3,"column":8},"end":{"line":3,"column":45}},{"start":{"line":3,"column":45},"end":{"line":null,"column":-1}}]}},"s":{"0":3,"1":3,"2":3,"3":3},"f":{"0":3,"1":8},"b":{"0":[8,0]}}
,"/home/deepak/Desktop/crushers/cop/bag/src/exceptions/OutOfBounds.ts": {"path":"/home/deepak/Desktop/crushers/cop/bag/src/exceptions/OutOfBounds.ts","statementMap":{"0":{"start":{"line":1,"column":0},"end":{"line":1,"column":40}},"1":{"start":{"line":1,"column":35},"end":{"line":1,"column":40}},"2":{"start":{"line":5,"column":0},"end":{"line":5,"column":1}},"3":{"start":{"line":7,"column":0},"end":{"line":7,"column":36}}},"fnMap":{"0":{"name":"(anonymous_6)","decl":{"start":{"line":1,"column":0},"end":{"line":null,"column":-1}},"loc":{"start":{"line":1,"column":0},"end":{"line":1,"column":-1}}},"1":{"name":"OutOfBoundsException","decl":{"start":{"line":2,"column":4},"end":{"line":null,"column":-1}},"loc":{"start":{"line":2,"column":4},"end":{"line":4,"column":5}}}},"branchMap":{"0":{"loc":{"start":{"line":3,"column":8},"end":{"line":3,"column":49}},"type":"binary-expr","locations":[{"start":{"line":3,"column":8},"end":{"line":3,"column":49}},{"start":{"line":3,"column":49},"end":{"line":null,"column":-1}}]}},"s":{"0":3,"1":3,"2":3,"3":3},"f":{"0":3,"1":6},"b":{"0":[6,0]}}
,"/home/deepak/Desktop/crushers/cop/bag/src/exceptions/index.ts": {"path":"/home/deepak/Desktop/crushers/cop/bag/src/exceptions/index.ts","statementMap":{"0":{"start":{"line":1,"column":0},"end":{"line":1,"column":56}},"1":{"start":{"line":7,"column":4},"end":{"line":7,"column":28}},"2":{"start":{"line":2,"column":0},"end":{"line":2,"column":42}},"3":{"start":{"line":8,"column":4},"end":{"line":8,"column":21}},"4":{"start":{"line":3,"column":0},"end":{"line":3,"column":48}},"5":{"start":{"line":6,"column":4},"end":{"line":6,"column":24}}},"fnMap":{},"branchMap":{},"s":{"0":3,"1":3,"2":3,"3":3,"4":3,"5":3},"f":{},"b":{}}
}
