TN:
SF:/home/deepak/Desktop/crushers/cop/bag/src/index.ts
FNF:0
FNH:0
DA:1,3
DA:2,3
DA:3,3
DA:6,3
DA:7,3
DA:8,3
LF:6
LH:6
BRF:0
BRH:0
end_of_record
TN:
SF:/home/deepak/Desktop/crushers/cop/bag/src/Collection/AbstractCollection.ts
FN:7,(anonymous_7)
FN:33,(anonymous_9)
FN:44,(anonymous_11)
FN:63,(anonymous_12)
FNF:4
FNH:4
FNDA:26,(anonymous_7)
FNDA:2,(anonymous_9)
FNDA:19,(anonymous_11)
FNDA:310,(anonymous_12)
DA:2,3
DA:7,3
DA:33,3
DA:34,2
DA:35,2
DA:36,200
DA:44,3
DA:45,19
DA:63,3
DA:64,310
DA:66,3
DA:68,3
LF:12
LH:12
BRF:0
BRH:0
end_of_record
TN:
SF:/home/deepak/Desktop/crushers/cop/bag/src/Collection/ICloneable.ts
FN:5,isCloneable
FNF:1
FNH:1
FNDA:5,isCloneable
DA:5,3
DA:6,5
LF:2
LH:2
BRF:0
BRH:0
end_of_record
TN:
SF:/home/deepak/Desktop/crushers/cop/bag/src/Collection/Iterator.ts
FN:25,(anonymous_0)
FN:56,Iterator
FN:30,(anonymous_2)
FN:37,(anonymous_3)
FN:44,(anonymous_4)
FN:65,(anonymous_5)
FN:73,(anonymous_6)
FN:83,(anonymous_7)
FN:97,(anonymous_8)
FN:108,(anonymous_9)
FN:115,(anonymous_10)
FN:124,(anonymous_11)
FN:130,(anonymous_12)
FNF:13
FNH:13
FNDA:3,(anonymous_0)
FNDA:19,Iterator
FNDA:2679,(anonymous_2)
FNDA:2043,(anonymous_3)
FNDA:8,(anonymous_4)
FNDA:1637,(anonymous_5)
FNDA:406,(anonymous_6)
FNDA:823,(anonymous_7)
FNDA:203,(anonymous_8)
FNDA:2,(anonymous_9)
FNDA:1,(anonymous_10)
FNDA:3,(anonymous_11)
FNDA:1030,(anonymous_12)
DA:1,3
DA:25,3
DA:30,3
DA:31,2679
DA:37,3
DA:38,2043
DA:44,3
DA:45,8
DA:49,19
DA:50,19
DA:57,19
DA:58,19
DA:65,3
DA:66,1637
DA:73,3
DA:74,406
DA:83,3
DA:84,823
DA:85,823
DA:86,1
DA:88,822
DA:97,3
DA:98,203
DA:99,203
DA:100,1
DA:102,202
DA:108,3
DA:109,2
DA:115,3
DA:116,1
DA:117,1
DA:118,1
DA:124,3
DA:125,3
DA:126,2
DA:127,2
DA:130,3
DA:131,1030
DA:132,1
DA:135,3
DA:137,3
LF:41
LH:41
BRDA:85,0,0,1
BRDA:85,0,1,822
BRDA:99,1,0,1
BRDA:99,1,1,202
BRDA:131,2,0,1
BRDA:131,2,1,1029
BRF:6
BRH:6
end_of_record
TN:
SF:/home/deepak/Desktop/crushers/cop/bag/src/Collection/index.ts
FNF:0
FNH:0
DA:1,3
DA:4,3
DA:9,3
DA:10,3
LF:4
LH:4
BRF:0
BRH:0
end_of_record
TN:
SF:/home/deepak/Desktop/crushers/cop/bag/src/Lists/index.ts
FNF:0
FNH:0
DA:1,3
DA:4,3
LF:2
LH:2
BRF:0
BRH:0
end_of_record
TN:
SF:/home/deepak/Desktop/crushers/cop/bag/src/Lists/List/List.ts
FN:6,(anonymous_7)
FN:8,(anonymous_9)
FN:14,(anonymous_10)
FN:19,(anonymous_11)
FN:27,(anonymous_12)
FN:46,(anonymous_13)
FN:54,(anonymous_14)
FN:71,(anonymous_15)
FN:84,(anonymous_16)
FN:94,(anonymous_17)
FN:118,(anonymous_18)
FN:126,(anonymous_19)
FN:142,(anonymous_20)
FN:162,(anonymous_21)
FN:166,(anonymous_22)
FN:178,(anonymous_23)
FNF:16
FNH:16
FNDA:15,(anonymous_7)
FNDA:36,(anonymous_9)
FNDA:3,(anonymous_10)
FNDA:2,(anonymous_11)
FNDA:3,(anonymous_12)
FNDA:3,(anonymous_13)
FNDA:5,(anonymous_14)
FNDA:15,(anonymous_15)
FNDA:2,(anonymous_16)
FNDA:3,(anonymous_17)
FNDA:5,(anonymous_18)
FNDA:27,(anonymous_19)
FNDA:4,(anonymous_20)
FNDA:26,(anonymous_21)
FNDA:2,(anonymous_22)
FNDA:17,(anonymous_23)
DA:1,3
DA:2,3
DA:4,3
DA:6,12
DA:8,3
DA:9,36
DA:11,12
DA:12,12
DA:14,3
DA:15,3
DA:16,3
DA:19,3
DA:20,2
DA:21,2
DA:22,2
DA:23,2
DA:24,2
DA:27,3
DA:28,3
DA:29,3
DA:30,3
DA:31,1
DA:32,1
DA:33,1
DA:35,2
DA:36,4
DA:37,1
DA:38,1
DA:39,1
DA:41,3
DA:43,1
DA:46,3
DA:47,3
DA:48,2
DA:49,2
DA:50,2
DA:51,2
DA:54,3
DA:55,5
DA:56,4
DA:57,4
DA:58,1
DA:59,1
DA:60,1
DA:62,3
DA:63,4
DA:65,3
DA:66,3
DA:67,3
DA:68,3
DA:71,3
DA:72,15
DA:73,15
DA:74,1
DA:76,14
DA:77,14
DA:78,55
DA:79,55
DA:81,14
DA:84,3
DA:85,2
DA:86,1
DA:87,1
DA:88,1
DA:89,1
DA:90,1
DA:91,1
DA:94,3
DA:95,3
DA:96,1
DA:98,2
DA:99,2
DA:100,1
DA:101,1
DA:102,1
DA:103,1
DA:105,1
DA:106,1
DA:107,1
DA:108,2
DA:109,2
DA:111,1
DA:112,1
DA:113,1
DA:114,1
DA:115,1
DA:118,3
DA:119,5
DA:120,5
DA:121,5
DA:122,5
DA:123,5
DA:126,3
DA:127,27
DA:128,27
DA:129,7
DA:130,7
DA:131,7
DA:133,20
DA:134,20
DA:135,22
DA:137,20
DA:138,20
DA:139,20
DA:142,3
DA:143,4
DA:144,3
DA:145,3
DA:146,1
DA:148,2
DA:149,4
DA:151,2
DA:152,1
DA:154,1
DA:155,1
DA:156,1
DA:157,1
DA:158,1
DA:159,1
DA:162,3
DA:163,26
DA:166,3
DA:167,2
DA:168,2
DA:169,2
DA:170,7
DA:171,1
DA:173,6
DA:175,1
DA:178,3
DA:179,17
DA:180,3
DA:184,3
DA:186,3
LF:134
LH:134
BRDA:6,0,0,12
BRDA:6,0,1,12
BRDA:6,0,2,12
BRDA:20,1,0,1
BRDA:20,1,1,1
BRDA:30,2,0,1
BRDA:30,2,1,2
BRDA:36,3,0,1
BRDA:36,3,1,3
BRDA:57,4,0,1
BRDA:57,4,1,3
BRDA:73,5,0,1
BRDA:73,5,1,14
BRDA:95,6,0,1
BRDA:95,6,1,2
BRDA:99,7,0,1
BRDA:99,7,1,1
BRDA:128,8,0,7
BRDA:128,8,1,20
BRDA:145,9,0,1
BRDA:145,9,1,2
BRDA:145,10,0,3
BRDA:145,10,1,1
BRDA:148,11,0,6
BRDA:148,11,1,5
BRDA:151,12,0,1
BRDA:151,12,1,1
BRDA:170,13,0,1
BRDA:170,13,1,6
BRDA:179,14,0,3
BRDA:179,14,1,14
BRF:31
BRH:31
end_of_record
TN:
SF:/home/deepak/Desktop/crushers/cop/bag/src/Lists/List/Node.ts
FN:5,(anonymous_6)
FN:7,Node
FN:11,(anonymous_8)
FN:15,(anonymous_9)
FN:19,(anonymous_10)
FNF:5
FNH:5
FNDA:3,(anonymous_6)
FNDA:36,Node
FNDA:169,(anonymous_8)
FNDA:35,(anonymous_9)
FNDA:5,(anonymous_10)
DA:1,3
DA:5,3
DA:11,3
DA:12,169
DA:16,35
DA:19,3
DA:20,5
DA:21,5
DA:22,5
DA:23,10
DA:24,10
DA:26,5
DA:28,3
DA:30,3
LF:14
LH:14
BRDA:8,0,0,36
BRDA:8,0,1,36
BRF:2
BRH:2
end_of_record
TN:
SF:/home/deepak/Desktop/crushers/cop/bag/src/Lists/List/index.ts
FNF:0
FNH:0
DA:2,3
DA:3,3
DA:7,3
DA:9,3
LF:4
LH:4
BRF:0
BRH:0
end_of_record
TN:
SF:/home/deepak/Desktop/crushers/cop/bag/src/Queue/Queue.ts
FN:25,(anonymous_8)
FN:61,Queue
FN:71,(anonymous_10)
FN:85,(anonymous_11)
FN:89,(anonymous_12)
FN:98,(anonymous_13)
FN:107,(anonymous_14)
FN:114,(anonymous_15)
FN:124,(anonymous_16)
FN:135,(anonymous_17)
FNF:10
FNH:10
FNDA:3,(anonymous_8)
FNDA:7,Queue
FNDA:105,(anonymous_10)
FNDA:102,(anonymous_11)
FNDA:107,(anonymous_12)
FNDA:3,(anonymous_13)
FNDA:639,(anonymous_14)
FNDA:109,(anonymous_15)
FNDA:2,(anonymous_16)
FNDA:1,(anonymous_17)
DA:1,3
DA:2,3
DA:25,3
DA:30,3
DA:35,3
DA:50,7
DA:55,7
DA:61,10
DA:62,7
DA:63,7
DA:64,7
DA:71,3
DA:72,105
DA:73,1
DA:75,104
DA:76,104
DA:77,1
DA:79,104
DA:85,107
DA:86,102
DA:87,1
DA:89,102
DA:90,107
DA:92,102
DA:98,3
DA:99,3
DA:100,3
DA:101,3
DA:107,3
DA:108,639
DA:114,3
DA:115,109
DA:116,2
DA:118,107
DA:124,3
DA:125,2
DA:126,2
DA:127,2
DA:128,2
DA:129,2
DA:135,3
DA:136,1
DA:137,1
DA:138,1
DA:139,2
DA:141,1
DA:142,1
DA:144,3
DA:146,3
LF:49
LH:49
BRDA:61,0,0,3
BRDA:61,0,1,4
BRDA:62,1,0,7
BRDA:62,1,1,7
BRDA:63,2,0,1
BRDA:63,2,1,6
BRDA:72,3,0,1
BRDA:72,3,1,104
BRDA:76,4,0,1
BRDA:76,4,1,103
BRDA:76,5,0,104
BRDA:76,5,1,1
BRDA:86,6,0,1
BRDA:86,6,1,101
BRDA:99,7,0,1
BRDA:99,7,1,2
BRDA:115,8,0,2
BRDA:115,8,1,107
BRF:18
BRH:18
end_of_record
TN:
SF:/home/deepak/Desktop/crushers/cop/bag/src/Queue/index.ts
FNF:0
FNH:0
DA:2,3
DA:7,3
LF:2
LH:2
BRF:0
BRH:0
end_of_record
TN:
SF:/home/deepak/Desktop/crushers/cop/bag/src/Stack/Stack.ts
FN:5,(anonymous_8)
FN:16,Stack
FN:21,(anonymous_10)
FN:26,(anonymous_11)
FN:33,(anonymous_12)
FN:40,(anonymous_13)
FN:45,(anonymous_14)
FN:46,(anonymous_15)
FN:52,(anonymous_16)
FN:61,(anonymous_17)
FNF:10
FNH:10
FNDA:3,(anonymous_8)
FNDA:4,Stack
FNDA:1,(anonymous_10)
FNDA:2,(anonymous_11)
FNDA:106,(anonymous_12)
FNDA:101,(anonymous_13)
FNDA:100,(anonymous_14)
FNDA:100,(anonymous_15)
FNDA:415,(anonymous_16)
FNDA:101,(anonymous_17)
DA:1,3
DA:2,3
DA:5,3
DA:14,4
DA:17,4
DA:18,4
DA:21,3
DA:22,1
DA:23,1
DA:26,3
DA:27,2
DA:28,2
DA:29,2
DA:30,2
DA:33,3
DA:34,106
DA:35,1
DA:37,105
DA:40,3
DA:41,101
DA:42,100
DA:45,100
DA:46,100
DA:47,100
DA:49,100
DA:52,3
DA:53,415
DA:61,3
DA:62,101
DA:63,1
DA:67,3
DA:69,3
LF:32
LH:32
BRDA:17,0,0,4
BRDA:17,0,1,4
BRDA:34,1,0,1
BRDA:34,1,1,105
BRDA:62,2,0,1
BRDA:62,2,1,100
BRF:6
BRH:6
end_of_record
TN:
SF:/home/deepak/Desktop/crushers/cop/bag/src/Stack/index.ts
FNF:0
FNH:0
DA:2,3
DA:7,3
LF:2
LH:2
BRF:0
BRH:0
end_of_record
TN:
SF:/home/deepak/Desktop/crushers/cop/bag/src/containers/Node.ts
FN:5,(anonymous_0)
FN:47,Node
FN:11,(anonymous_2)
FN:7,(anonymous_3)
FN:15,(anonymous_4)
FN:30,(anonymous_5)
FN:26,(anonymous_6)
FN:38,(anonymous_7)
FN:34,(anonymous_8)
FN:52,(anonymous_9)
FN:56,(anonymous_10)
FN:60,(anonymous_11)
FN:63,(anonymous_12)
FN:67,(anonymous_13)
FNF:14
FNH:9
FNDA:3,(anonymous_0)
FNDA:41,Node
FNDA:97,(anonymous_2)
FNDA:0,(anonymous_3)
FNDA:0,(anonymous_4)
FNDA:0,(anonymous_5)
FNDA:0,(anonymous_6)
FNDA:194,(anonymous_7)
FNDA:35,(anonymous_8)
FNDA:35,(anonymous_9)
FNDA:0,(anonymous_10)
FNDA:5,(anonymous_11)
FNDA:4,(anonymous_12)
FNDA:194,(anonymous_13)
DA:1,3
DA:5,3
DA:7,3
DA:8,0
DA:12,97
DA:15,3
DA:16,0
DA:17,0
DA:18,0
DA:19,0
DA:20,0
DA:23,0
DA:26,3
DA:27,0
DA:31,0
DA:34,3
DA:35,35
DA:39,194
DA:42,3
DA:43,3
DA:48,41
DA:49,41
DA:52,3
DA:53,35
DA:56,3
DA:57,0
DA:60,3
DA:61,5
DA:62,5
DA:63,5
DA:64,5
DA:67,3
DA:68,194
DA:69,155
DA:71,39
DA:73,3
DA:75,3
LF:37
LH:27
BRDA:19,0,0,0
BRDA:19,0,1,0
BRDA:61,1,0,5
BRDA:61,1,1,0
BRDA:61,2,0,0
BRDA:61,2,1,5
BRDA:63,3,0,4
BRDA:63,3,1,0
BRDA:68,4,0,155
BRDA:68,4,1,39
BRF:10
BRH:5
end_of_record
TN:
SF:/home/deepak/Desktop/crushers/cop/bag/src/containers/index.ts
FNF:0
FNH:0
DA:1,3
DA:4,3
LF:2
LH:2
BRF:0
BRH:0
end_of_record
TN:
SF:/home/deepak/Desktop/crushers/cop/bag/src/exceptions/EmptyCollection.ts
FN:1,(anonymous_6)
FN:2,EmptyCollectionException
FNF:2
FNH:2
FNDA:3,(anonymous_6)
FNDA:12,EmptyCollectionException
DA:1,3
DA:5,3
DA:7,3
LF:3
LH:3
BRDA:3,0,0,12
BRDA:3,0,1,0
BRF:2
BRH:1
end_of_record
TN:
SF:/home/deepak/Desktop/crushers/cop/bag/src/exceptions/NotFound.ts
FN:1,(anonymous_6)
FN:2,NotFoundException
FNF:2
FNH:2
FNDA:3,(anonymous_6)
FNDA:8,NotFoundException
DA:1,3
DA:5,3
DA:7,3
LF:3
LH:3
BRDA:3,0,0,8
BRDA:3,0,1,0
BRF:2
BRH:1
end_of_record
TN:
SF:/home/deepak/Desktop/crushers/cop/bag/src/exceptions/OutOfBounds.ts
FN:1,(anonymous_6)
FN:2,OutOfBoundsException
FNF:2
FNH:2
FNDA:3,(anonymous_6)
FNDA:6,OutOfBoundsException
DA:1,3
DA:5,3
DA:7,3
LF:3
LH:3
BRDA:3,0,0,6
BRDA:3,0,1,0
BRF:2
BRH:1
end_of_record
TN:
SF:/home/deepak/Desktop/crushers/cop/bag/src/exceptions/index.ts
FNF:0
FNH:0
DA:1,3
DA:2,3
DA:3,3
DA:6,3
DA:7,3
DA:8,3
LF:6
LH:6
BRF:0
BRH:0
end_of_record
