TN:
SF:/home/deepak/Desktop/crushers/cop/bag/src/index.ts
FNF:0
FNH:0
DA:1,1
DA:4,1
LF:2
LH:2
BRF:0
BRH:0
end_of_record
TN:
SF:/home/deepak/Desktop/crushers/cop/bag/src/Collection/AbstractCollection.ts
FN:7,(anonymous_7)
FN:33,(anonymous_9)
FN:45,(anonymous_11)
FNF:3
FNH:3
FNDA:3,(anonymous_7)
FNDA:1,(anonymous_9)
FNDA:2,(anonymous_11)
DA:2,1
DA:7,1
DA:33,1
DA:34,1
DA:35,1
DA:36,100
DA:37,100
DA:45,1
DA:46,2
DA:59,1
DA:61,1
LF:11
LH:11
BRF:0
BRH:0
end_of_record
TN:
SF:/home/deepak/Desktop/crushers/cop/bag/src/Collection/Iterator.ts
FN:25,(anonymous_0)
FN:35,Iterator
FN:43,(anonymous_2)
FN:50,(anonymous_3)
FN:57,(anonymous_4)
FN:65,(anonymous_5)
FN:73,(anonymous_6)
FN:83,(anonymous_7)
FN:97,(anonymous_8)
FN:108,(anonymous_9)
FN:112,(anonymous_10)
FNF:11
FNH:10
FNDA:1,(anonymous_0)
FNDA:2,Iterator
FNDA:1003,(anonymous_2)
FNDA:804,(anonymous_3)
FNDA:0,(anonymous_4)
FNDA:603,(anonymous_5)
FNDA:201,(anonymous_6)
FNDA:300,(anonymous_7)
FNDA:100,(anonymous_8)
FNDA:1,(anonymous_9)
FNDA:400,(anonymous_10)
DA:1,1
DA:25,1
DA:28,2
DA:29,2
DA:36,2
DA:37,2
DA:43,1
DA:44,1003
DA:50,1
DA:51,804
DA:57,1
DA:58,0
DA:65,1
DA:66,603
DA:73,1
DA:74,201
DA:83,1
DA:84,300
DA:85,300
DA:86,0
DA:88,300
DA:97,1
DA:98,100
DA:99,100
DA:100,0
DA:102,100
DA:108,1
DA:109,1
DA:112,1
DA:113,400
DA:114,0
DA:117,1
DA:119,1
LF:33
LH:29
BRDA:85,0,0,0
BRDA:85,0,1,300
BRDA:99,1,0,0
BRDA:99,1,1,100
BRDA:113,2,0,0
BRDA:113,2,1,400
BRF:6
BRH:3
end_of_record
TN:
SF:/home/deepak/Desktop/crushers/cop/bag/src/Collection/index.ts
FNF:0
FNH:0
DA:1,1
DA:4,1
DA:9,1
DA:10,1
LF:4
LH:4
BRF:0
BRH:0
end_of_record
TN:
SF:/home/deepak/Desktop/crushers/cop/bag/src/exceptions/EmptyCollection.ts
FN:1,(anonymous_6)
FN:2,EmptyCollectionException
FNF:2
FNH:1
FNDA:1,(anonymous_6)
FNDA:0,EmptyCollectionException
DA:1,1
DA:6,1
DA:8,1
LF:3
LH:3
BRDA:3,0,0,0
BRDA:3,0,1,0
BRF:2
BRH:0
end_of_record
TN:
SF:/home/deepak/Desktop/crushers/cop/bag/src/exceptions/OutOfBounds.ts
FN:1,(anonymous_6)
FN:2,OutOfBoundsException
FNF:2
FNH:1
FNDA:1,(anonymous_6)
FNDA:0,OutOfBoundsException
DA:1,1
DA:5,1
DA:7,1
LF:3
LH:3
BRDA:3,0,0,0
BRDA:3,0,1,0
BRF:2
BRH:0
end_of_record
TN:
SF:/home/deepak/Desktop/crushers/cop/bag/src/exceptions/index.ts
FNF:0
FNH:0
DA:1,1
DA:2,1
DA:5,1
DA:6,1
LF:4
LH:4
BRF:0
BRH:0
end_of_record
TN:
SF:/home/deepak/Desktop/crushers/cop/bag/src/queue/Queue.ts
FN:25,(anonymous_8)
FN:61,Queue
FN:71,(anonymous_10)
FN:84,(anonymous_11)
FN:88,(anonymous_12)
FN:97,(anonymous_13)
FN:106,(anonymous_14)
FN:113,(anonymous_15)
FN:123,(anonymous_16)
FN:134,(anonymous_17)
FNF:10
FNH:8
FNDA:1,(anonymous_8)
FNDA:2,Queue
FNDA:100,(anonymous_10)
FNDA:100,(anonymous_11)
FNDA:100,(anonymous_12)
FNDA:0,(anonymous_13)
FNDA:313,(anonymous_14)
FNDA:106,(anonymous_15)
FNDA:1,(anonymous_16)
FNDA:0,(anonymous_17)
DA:1,1
DA:2,1
DA:25,1
DA:30,1
DA:35,1
DA:50,2
DA:55,2
DA:61,2
DA:62,2
DA:63,2
DA:64,2
DA:71,1
DA:72,100
DA:73,0
DA:74,0
DA:76,0
DA:78,100
DA:84,100
DA:85,100
DA:86,0
DA:88,100
DA:89,100
DA:91,100
DA:97,1
DA:98,0
DA:99,0
DA:100,0
DA:106,1
DA:107,313
DA:113,1
DA:114,106
DA:115,1
DA:117,105
DA:123,1
DA:124,1
DA:125,1
DA:126,1
DA:127,1
DA:128,1
DA:134,1
DA:135,0
DA:136,0
DA:137,0
DA:138,0
DA:140,0
DA:141,0
DA:143,1
DA:145,1
LF:48
LH:35
BRDA:61,0,0,0
BRDA:61,0,1,2
BRDA:62,1,0,2
BRDA:62,1,1,2
BRDA:63,2,0,0
BRDA:63,2,1,2
BRDA:72,3,0,0
BRDA:72,3,1,100
BRDA:73,4,0,0
BRDA:73,4,1,0
BRDA:85,5,0,0
BRDA:85,5,1,100
BRDA:98,6,0,0
BRDA:98,6,1,0
BRDA:114,7,0,1
BRDA:114,7,1,105
BRF:16
BRH:8
end_of_record
TN:
SF:/home/deepak/Desktop/crushers/cop/bag/src/queue/index.ts
FNF:0
FNH:0
DA:1,1
DA:3,1
LF:2
LH:2
BRF:0
BRH:0
end_of_record
